Default float: float32
{'mode': 'learn', 'disks': 4, 'towers': 4, 'num_examples': 5000, 'aeclass': 'CubeSpaceAE_AMA4Conv', 'comment': 'kltune2', 'hash': 'hanoi-4-4-radiant-sweep-15-ReviewedACTIONS-Stack'}
(5000, 2, 4, 16, 3)
normalized shape: (4, 16, 3) (4, 16, 3)
typetr0
<class 'numpy.ndarray'>
(5000, 2, 4, 16, 3)
theparameters0000000000000000
{'test_noise': False, 'test_hard': True, 'train_noise': True, 'train_hard': False, 'dropout_z': False, 'noise': 0.2, 'dropout': 0.2, 'optimizer': 'radam', 'min_temperature': 0.5, 'epoch': 2000, 'gs_annealing_start': 0, 'gs_annealing_end': 1000, 'kl_cycle_start': 2000, 'clipnorm': 0.1, 'batch_size': [400], 'lr': [0.001], 'N': [50, 100, 300], 'zerosuppress': 0.1, 'densify': False, 'max_temperature': [5.0], 'conv_channel': [32], 'conv_channel_increment': [1], 'conv_kernel': [5], 'conv_pooling': [1], 'conv_per_pooling': [1], 'conv_depth': [3], 'fc_width': [100], 'fc_depth': [2], 'A': [6000], 'aae_activation': ['relu'], 'aae_width': [1000], 'aae_depth': [2], 'eff_regularizer': [None], 'beta_d': [1, 10, 100, 1000, 10000], 'beta_z': [1, 10], 'output': 'GaussianOutput(sigma=0.1)'}
samples/hanoi_4_4_5000_CubeSpaceAE_AMA4Conv/logs/hanoi-4-4-radiant-sweep-15-ReviewedACTIONS-Stack
MEAN !!!

(4, 16, 3)
thetassssk
hanoi
<function hanoi at 0x7f5298550f70>
lil
Namespace(aeclass='CubeSpaceAE_AMA4Conv', comment='kltune2', disks=4, hash='hanoi-4-4-radiant-sweep-15-ReviewedACTIONS-Stack', mode='learn', num_examples=5000, towers=4)
4
4
5000
all possible combis
12

[[0, 1], [0, 2], [0, 3], [1, 0], [1, 2], [1, 3], [2, 0], [2, 1], [2, 3], [3, 0], [3, 1], [3, 2]]
[[0, 0, 1, 1], [0, 0, 1, 321], [0, 0, 1, 31], [0, 0, 1, 21], [0, 0, 1, 2], [0, 0, 1, 32], [0, 0, 1, 3], [0, 0, 1, 9], [1, 0, 1, 2], [1, 0, 1, 32], [1, 0, 1, 3], [1, 0, 1, 9], [2, 0, 1, 3], [2, 0, 1, 9], [3, 0, 1, 9], [0, 0, 2, 1], [0, 0, 2, 321], [0, 0, 2, 31], [0, 0, 2, 21], [0, 0, 2, 2], [0, 0, 2, 32], [0, 0, 2, 3], [0, 0, 2, 9], [1, 0, 2, 2], [1, 0, 2, 32], [1, 0, 2, 3], [1, 0, 2, 9], [2, 0, 2, 3], [2, 0, 2, 9], [3, 0, 2, 9], [0, 0, 3, 1], [0, 0, 3, 321], [0, 0, 3, 31], [0, 0, 3, 21], [0, 0, 3, 2], [0, 0, 3, 32], [0, 0, 3, 3], [0, 0, 3, 9], [1, 0, 3, 2], [1, 0, 3, 32], [1, 0, 3, 3], [1, 0, 3, 9], [2, 0, 3, 3], [2, 0, 3, 9], [3, 0, 3, 9], [0, 1, 0, 1], [0, 1, 0, 321], [0, 1, 0, 31], [0, 1, 0, 21], [0, 1, 0, 2], [0, 1, 0, 32], [0, 1, 0, 3], [0, 1, 0, 9], [1, 1, 0, 2], [1, 1, 0, 32], [1, 1, 0, 3], [1, 1, 0, 9], [2, 1, 0, 3], [2, 1, 0, 9], [3, 1, 0, 9], [0, 1, 2, 1], [0, 1, 2, 321], [0, 1, 2, 31], [0, 1, 2, 21], [0, 1, 2, 2], [0, 1, 2, 32], [0, 1, 2, 3], [0, 1, 2, 9], [1, 1, 2, 2], [1, 1, 2, 32], [1, 1, 2, 3], [1, 1, 2, 9], [2, 1, 2, 3], [2, 1, 2, 9], [3, 1, 2, 9], [0, 1, 3, 1], [0, 1, 3, 321], [0, 1, 3, 31], [0, 1, 3, 21], [0, 1, 3, 2], [0, 1, 3, 32], [0, 1, 3, 3], [0, 1, 3, 9], [1, 1, 3, 2], [1, 1, 3, 32], [1, 1, 3, 3], [1, 1, 3, 9], [2, 1, 3, 3], [2, 1, 3, 9], [3, 1, 3, 9], [0, 2, 0, 1], [0, 2, 0, 321], [0, 2, 0, 31], [0, 2, 0, 21], [0, 2, 0, 2], [0, 2, 0, 32], [0, 2, 0, 3], [0, 2, 0, 9], [1, 2, 0, 2], [1, 2, 0, 32], [1, 2, 0, 3], [1, 2, 0, 9], [2, 2, 0, 3], [2, 2, 0, 9], [3, 2, 0, 9], [0, 2, 1, 1], [0, 2, 1, 321], [0, 2, 1, 31], [0, 2, 1, 21], [0, 2, 1, 2], [0, 2, 1, 32], [0, 2, 1, 3], [0, 2, 1, 9], [1, 2, 1, 2], [1, 2, 1, 32], [1, 2, 1, 3], [1, 2, 1, 9], [2, 2, 1, 3], [2, 2, 1, 9], [3, 2, 1, 9], [0, 2, 3, 1], [0, 2, 3, 321], [0, 2, 3, 31], [0, 2, 3, 21], [0, 2, 3, 2], [0, 2, 3, 32], [0, 2, 3, 3], [0, 2, 3, 9], [1, 2, 3, 2], [1, 2, 3, 32], [1, 2, 3, 3], [1, 2, 3, 9], [2, 2, 3, 3], [2, 2, 3, 9], [3, 2, 3, 9], [0, 3, 0, 1], [0, 3, 0, 321], [0, 3, 0, 31], [0, 3, 0, 21], [0, 3, 0, 2], [0, 3, 0, 32], [0, 3, 0, 3], [0, 3, 0, 9], [1, 3, 0, 2], [1, 3, 0, 32], [1, 3, 0, 3], [1, 3, 0, 9], [2, 3, 0, 3], [2, 3, 0, 9], [3, 3, 0, 9], [0, 3, 1, 1], [0, 3, 1, 321], [0, 3, 1, 31], [0, 3, 1, 21], [0, 3, 1, 2], [0, 3, 1, 32], [0, 3, 1, 3], [0, 3, 1, 9], [1, 3, 1, 2], [1, 3, 1, 32], [1, 3, 1, 3], [1, 3, 1, 9], [2, 3, 1, 3], [2, 3, 1, 9], [3, 3, 1, 9], [0, 3, 2, 1], [0, 3, 2, 321], [0, 3, 2, 31], [0, 3, 2, 21], [0, 3, 2, 2], [0, 3, 2, 32], [0, 3, 2, 3], [0, 3, 2, 9], [1, 3, 2, 2], [1, 3, 2, 32], [1, 3, 2, 3], [1, 3, 2, 9], [2, 3, 2, 3], [2, 3, 2, 9], [3, 3, 2, 9]]
lolilol
180
[1, 2, 3, 32]
kkkk 
0
[3, 2, 1]
ii: 0, jj:1
ii: 0, jj:2
ii: 1, jj:2
[320, 310, 210, 3210, 0, 30, 20, 10]
kkkk 
1
[3, 2]
ii: 0, jj:1
[321, 1, 31, 21]
kkkk 
2
[2, 32]
kkkk 
3
[3]
kkkk 
0
[3, 2, 1]
ii: 0, jj:1
ii: 0, jj:2
ii: 1, jj:2
[320, 310, 210, 3210, 0, 30, 20, 10]
kkkk 
1
[3, 2]
ii: 0, jj:1
[321, 1, 31, 21]
kkkk 
2
[2, 32]
kkkk 
3
[3]
kkkk 
0
[3, 2, 1]
ii: 0, jj:1
ii: 0, jj:2
ii: 1, jj:2
[320, 310, 210, 3210, 0, 30, 20, 10]
kkkk 
1
[3, 2]
ii: 0, jj:1
[321, 1, 31, 21]
kkkk 
2
[2, 32]
kkkk 
3
[3]
kkkk 
0
[3, 2, 1]
ii: 0, jj:1
ii: 0, jj:2
ii: 1, jj:2
[320, 310, 210, 3210, 0, 30, 20, 10]
kkkk 
1
[3, 2]
ii: 0, jj:1
[321, 1, 31, 21]
kkkk 
2
[2, 32]
kkkk 
3
[3]
kkkk 
0
[3, 2, 1]
ii: 0, jj:1
ii: 0, jj:2
ii: 1, jj:2
[320, 310, 210, 3210, 0, 30, 20, 10]
kkkk 
1
[3, 2]
ii: 0, jj:1
[321, 1, 31, 21]
kkkk 
2
[2, 32]
kkkk 
3
[3]
kkkk 
0
[3, 2, 1]
ii: 0, jj:1
ii: 0, jj:2
ii: 1, jj:2
[320, 310, 210, 3210, 0, 30, 20, 10]
kkkk 
1
[3, 2]
ii: 0, jj:1
[321, 1, 31, 21]
kkkk 
2
[2, 32]
kkkk 
3
[3]
kkkk 
0
[3, 2, 1]
ii: 0, jj:1
ii: 0, jj:2
ii: 1, jj:2
[320, 310, 210, 3210, 0, 30, 20, 10]
kkkk 
1
[3, 2]
ii: 0, jj:1
[321, 1, 31, 21]
kkkk 
2
[2, 32]
kkkk 
3
[3]
kkkk 
0
[3, 2, 1]
ii: 0, jj:1
ii: 0, jj:2
ii: 1, jj:2
[320, 310, 210, 3210, 0, 30, 20, 10]
kkkk 
1
[3, 2]
ii: 0, jj:1
[321, 1, 31, 21]
kkkk 
2
[2, 32]
kkkk 
3
[3]
kkkk 
0
[3, 2, 1]
ii: 0, jj:1
ii: 0, jj:2
ii: 1, jj:2
[320, 310, 210, 3210, 0, 30, 20, 10]
kkkk 
1
[3, 2]
ii: 0, jj:1
[321, 1, 31, 21]
kkkk 
2
[2, 32]
kkkk 
3
[3]
kkkk 
0
[3, 2, 1]
ii: 0, jj:1
ii: 0, jj:2
ii: 1, jj:2
[320, 310, 210, 3210, 0, 30, 20, 10]
kkkk 
1
[3, 2]
ii: 0, jj:1
[321, 1, 31, 21]
kkkk 
2
[2, 32]
kkkk 
3
[3]
kkkk 
0
[3, 2, 1]
ii: 0, jj:1
ii: 0, jj:2
ii: 1, jj:2
[320, 310, 210, 3210, 0, 30, 20, 10]
kkkk 
1
[3, 2]
ii: 0, jj:1
[321, 1, 31, 21]
kkkk 
2
[2, 32]
kkkk 
3
[3]
kkkk 
0
[3, 2, 1]
ii: 0, jj:1
ii: 0, jj:2
ii: 1, jj:2
[320, 310, 210, 3210, 0, 30, 20, 10]
kkkk 
1
[3, 2]
ii: 0, jj:1
[321, 1, 31, 21]
kkkk 
2
[2, 32]
kkkk 
3
[3]
[[320, 0, 1, 1], [320, 0, 1, 9], [310, 0, 1, 2], [310, 0, 1, 9], [210, 0, 1, 3], [210, 0, 1, 9], [3210, 0, 1, 9], [0, 0, 1, 32], [0, 0, 1, 31], [0, 0, 1, 21], [0, 0, 1, 3], [0, 0, 1, 2], [0, 0, 1, 1], [0, 0, 1, 321], [0, 0, 1, 9], [30, 0, 1, 21], [30, 0, 1, 2], [30, 0, 1, 1], [30, 0, 1, 9], [20, 0, 1, 31], [20, 0, 1, 3], [20, 0, 1, 1], [20, 0, 1, 9], [10, 0, 1, 32], [10, 0, 1, 3], [10, 0, 1, 2], [10, 0, 1, 9], [321, 0, 1, 9], [1, 0, 1, 32], [1, 0, 1, 3], [1, 0, 1, 2], [1, 0, 1, 9], [31, 0, 1, 2], [31, 0, 1, 9], [21, 0, 1, 3], [21, 0, 1, 9], [2, 0, 1, 3], [2, 0, 1, 9], [32, 0, 1, 9], [3, 0, 1, 9], [320, 0, 2, 1], [320, 0, 2, 9], [310, 0, 2, 2], [310, 0, 2, 9], [210, 0, 2, 3], [210, 0, 2, 9], [3210, 0, 2, 9], [0, 0, 2, 32], [0, 0, 2, 31], [0, 0, 2, 21], [0, 0, 2, 3], [0, 0, 2, 2], [0, 0, 2, 1], [0, 0, 2, 321], [0, 0, 2, 9], [30, 0, 2, 21], [30, 0, 2, 2], [30, 0, 2, 1], [30, 0, 2, 9], [20, 0, 2, 31], [20, 0, 2, 3], [20, 0, 2, 1], [20, 0, 2, 9], [10, 0, 2, 32], [10, 0, 2, 3], [10, 0, 2, 2], [10, 0, 2, 9], [321, 0, 2, 9], [1, 0, 2, 32], [1, 0, 2, 3], [1, 0, 2, 2], [1, 0, 2, 9], [31, 0, 2, 2], [31, 0, 2, 9], [21, 0, 2, 3], [21, 0, 2, 9], [2, 0, 2, 3], [2, 0, 2, 9], [32, 0, 2, 9], [3, 0, 2, 9], [320, 0, 3, 1], [320, 0, 3, 9], [310, 0, 3, 2], [310, 0, 3, 9], [210, 0, 3, 3], [210, 0, 3, 9], [3210, 0, 3, 9], [0, 0, 3, 32], [0, 0, 3, 31], [0, 0, 3, 21], [0, 0, 3, 3], [0, 0, 3, 2], [0, 0, 3, 1], [0, 0, 3, 321], [0, 0, 3, 9], [30, 0, 3, 21], [30, 0, 3, 2], [30, 0, 3, 1], [30, 0, 3, 9], [20, 0, 3, 31], [20, 0, 3, 3], [20, 0, 3, 1], [20, 0, 3, 9], [10, 0, 3, 32], [10, 0, 3, 3], [10, 0, 3, 2], [10, 0, 3, 9], [321, 0, 3, 9], [1, 0, 3, 32], [1, 0, 3, 3], [1, 0, 3, 2], [1, 0, 3, 9], [31, 0, 3, 2], [31, 0, 3, 9], [21, 0, 3, 3], [21, 0, 3, 9], [2, 0, 3, 3], [2, 0, 3, 9], [32, 0, 3, 9], [3, 0, 3, 9], [320, 1, 0, 1], [320, 1, 0, 9], [310, 1, 0, 2], [310, 1, 0, 9], [210, 1, 0, 3], [210, 1, 0, 9], [3210, 1, 0, 9], [0, 1, 0, 32], [0, 1, 0, 31], [0, 1, 0, 21], [0, 1, 0, 3], [0, 1, 0, 2], [0, 1, 0, 1], [0, 1, 0, 321], [0, 1, 0, 9], [30, 1, 0, 21], [30, 1, 0, 2], [30, 1, 0, 1], [30, 1, 0, 9], [20, 1, 0, 31], [20, 1, 0, 3], [20, 1, 0, 1], [20, 1, 0, 9], [10, 1, 0, 32], [10, 1, 0, 3], [10, 1, 0, 2], [10, 1, 0, 9], [321, 1, 0, 9], [1, 1, 0, 32], [1, 1, 0, 3], [1, 1, 0, 2], [1, 1, 0, 9], [31, 1, 0, 2], [31, 1, 0, 9], [21, 1, 0, 3], [21, 1, 0, 9], [2, 1, 0, 3], [2, 1, 0, 9], [32, 1, 0, 9], [3, 1, 0, 9], [320, 1, 2, 1], [320, 1, 2, 9], [310, 1, 2, 2], [310, 1, 2, 9], [210, 1, 2, 3], [210, 1, 2, 9], [3210, 1, 2, 9], [0, 1, 2, 32], [0, 1, 2, 31], [0, 1, 2, 21], [0, 1, 2, 3], [0, 1, 2, 2], [0, 1, 2, 1], [0, 1, 2, 321], [0, 1, 2, 9], [30, 1, 2, 21], [30, 1, 2, 2], [30, 1, 2, 1], [30, 1, 2, 9], [20, 1, 2, 31], [20, 1, 2, 3], [20, 1, 2, 1], [20, 1, 2, 9], [10, 1, 2, 32], [10, 1, 2, 3], [10, 1, 2, 2], [10, 1, 2, 9], [321, 1, 2, 9], [1, 1, 2, 32], [1, 1, 2, 3], [1, 1, 2, 2], [1, 1, 2, 9], [31, 1, 2, 2], [31, 1, 2, 9], [21, 1, 2, 3], [21, 1, 2, 9], [2, 1, 2, 3], [2, 1, 2, 9], [32, 1, 2, 9], [3, 1, 2, 9], [320, 1, 3, 1], [320, 1, 3, 9], [310, 1, 3, 2], [310, 1, 3, 9], [210, 1, 3, 3], [210, 1, 3, 9], [3210, 1, 3, 9], [0, 1, 3, 32], [0, 1, 3, 31], [0, 1, 3, 21], [0, 1, 3, 3], [0, 1, 3, 2], [0, 1, 3, 1], [0, 1, 3, 321], [0, 1, 3, 9], [30, 1, 3, 21], [30, 1, 3, 2], [30, 1, 3, 1], [30, 1, 3, 9], [20, 1, 3, 31], [20, 1, 3, 3], [20, 1, 3, 1], [20, 1, 3, 9], [10, 1, 3, 32], [10, 1, 3, 3], [10, 1, 3, 2], [10, 1, 3, 9], [321, 1, 3, 9], [1, 1, 3, 32], [1, 1, 3, 3], [1, 1, 3, 2], [1, 1, 3, 9], [31, 1, 3, 2], [31, 1, 3, 9], [21, 1, 3, 3], [21, 1, 3, 9], [2, 1, 3, 3], [2, 1, 3, 9], [32, 1, 3, 9], [3, 1, 3, 9], [320, 2, 0, 1], [320, 2, 0, 9], [310, 2, 0, 2], [310, 2, 0, 9], [210, 2, 0, 3], [210, 2, 0, 9], [3210, 2, 0, 9], [0, 2, 0, 32], [0, 2, 0, 31], [0, 2, 0, 21], [0, 2, 0, 3], [0, 2, 0, 2], [0, 2, 0, 1], [0, 2, 0, 321], [0, 2, 0, 9], [30, 2, 0, 21], [30, 2, 0, 2], [30, 2, 0, 1], [30, 2, 0, 9], [20, 2, 0, 31], [20, 2, 0, 3], [20, 2, 0, 1], [20, 2, 0, 9], [10, 2, 0, 32], [10, 2, 0, 3], [10, 2, 0, 2], [10, 2, 0, 9], [321, 2, 0, 9], [1, 2, 0, 32], [1, 2, 0, 3], [1, 2, 0, 2], [1, 2, 0, 9], [31, 2, 0, 2], [31, 2, 0, 9], [21, 2, 0, 3], [21, 2, 0, 9], [2, 2, 0, 3], [2, 2, 0, 9], [32, 2, 0, 9], [3, 2, 0, 9], [320, 2, 1, 1], [320, 2, 1, 9], [310, 2, 1, 2], [310, 2, 1, 9], [210, 2, 1, 3], [210, 2, 1, 9], [3210, 2, 1, 9], [0, 2, 1, 32], [0, 2, 1, 31], [0, 2, 1, 21], [0, 2, 1, 3], [0, 2, 1, 2], [0, 2, 1, 1], [0, 2, 1, 321], [0, 2, 1, 9], [30, 2, 1, 21], [30, 2, 1, 2], [30, 2, 1, 1], [30, 2, 1, 9], [20, 2, 1, 31], [20, 2, 1, 3], [20, 2, 1, 1], [20, 2, 1, 9], [10, 2, 1, 32], [10, 2, 1, 3], [10, 2, 1, 2], [10, 2, 1, 9], [321, 2, 1, 9], [1, 2, 1, 32], [1, 2, 1, 3], [1, 2, 1, 2], [1, 2, 1, 9], [31, 2, 1, 2], [31, 2, 1, 9], [21, 2, 1, 3], [21, 2, 1, 9], [2, 2, 1, 3], [2, 2, 1, 9], [32, 2, 1, 9], [3, 2, 1, 9], [320, 2, 3, 1], [320, 2, 3, 9], [310, 2, 3, 2], [310, 2, 3, 9], [210, 2, 3, 3], [210, 2, 3, 9], [3210, 2, 3, 9], [0, 2, 3, 32], [0, 2, 3, 31], [0, 2, 3, 21], [0, 2, 3, 3], [0, 2, 3, 2], [0, 2, 3, 1], [0, 2, 3, 321], [0, 2, 3, 9], [30, 2, 3, 21], [30, 2, 3, 2], [30, 2, 3, 1], [30, 2, 3, 9], [20, 2, 3, 31], [20, 2, 3, 3], [20, 2, 3, 1], [20, 2, 3, 9], [10, 2, 3, 32], [10, 2, 3, 3], [10, 2, 3, 2], [10, 2, 3, 9], [321, 2, 3, 9], [1, 2, 3, 32], [1, 2, 3, 3], [1, 2, 3, 2], [1, 2, 3, 9], [31, 2, 3, 2], [31, 2, 3, 9], [21, 2, 3, 3], [21, 2, 3, 9], [2, 2, 3, 3], [2, 2, 3, 9], [32, 2, 3, 9], [3, 2, 3, 9], [320, 3, 0, 1], [320, 3, 0, 9], [310, 3, 0, 2], [310, 3, 0, 9], [210, 3, 0, 3], [210, 3, 0, 9], [3210, 3, 0, 9], [0, 3, 0, 32], [0, 3, 0, 31], [0, 3, 0, 21], [0, 3, 0, 3], [0, 3, 0, 2], [0, 3, 0, 1], [0, 3, 0, 321], [0, 3, 0, 9], [30, 3, 0, 21], [30, 3, 0, 2], [30, 3, 0, 1], [30, 3, 0, 9], [20, 3, 0, 31], [20, 3, 0, 3], [20, 3, 0, 1], [20, 3, 0, 9], [10, 3, 0, 32], [10, 3, 0, 3], [10, 3, 0, 2], [10, 3, 0, 9], [321, 3, 0, 9], [1, 3, 0, 32], [1, 3, 0, 3], [1, 3, 0, 2], [1, 3, 0, 9], [31, 3, 0, 2], [31, 3, 0, 9], [21, 3, 0, 3], [21, 3, 0, 9], [2, 3, 0, 3], [2, 3, 0, 9], [32, 3, 0, 9], [3, 3, 0, 9], [320, 3, 1, 1], [320, 3, 1, 9], [310, 3, 1, 2], [310, 3, 1, 9], [210, 3, 1, 3], [210, 3, 1, 9], [3210, 3, 1, 9], [0, 3, 1, 32], [0, 3, 1, 31], [0, 3, 1, 21], [0, 3, 1, 3], [0, 3, 1, 2], [0, 3, 1, 1], [0, 3, 1, 321], [0, 3, 1, 9], [30, 3, 1, 21], [30, 3, 1, 2], [30, 3, 1, 1], [30, 3, 1, 9], [20, 3, 1, 31], [20, 3, 1, 3], [20, 3, 1, 1], [20, 3, 1, 9], [10, 3, 1, 32], [10, 3, 1, 3], [10, 3, 1, 2], [10, 3, 1, 9], [321, 3, 1, 9], [1, 3, 1, 32], [1, 3, 1, 3], [1, 3, 1, 2], [1, 3, 1, 9], [31, 3, 1, 2], [31, 3, 1, 9], [21, 3, 1, 3], [21, 3, 1, 9], [2, 3, 1, 3], [2, 3, 1, 9], [32, 3, 1, 9], [3, 3, 1, 9], [320, 3, 2, 1], [320, 3, 2, 9], [310, 3, 2, 2], [310, 3, 2, 9], [210, 3, 2, 3], [210, 3, 2, 9], [3210, 3, 2, 9], [0, 3, 2, 32], [0, 3, 2, 31], [0, 3, 2, 21], [0, 3, 2, 3], [0, 3, 2, 2], [0, 3, 2, 1], [0, 3, 2, 321], [0, 3, 2, 9], [30, 3, 2, 21], [30, 3, 2, 2], [30, 3, 2, 1], [30, 3, 2, 9], [20, 3, 2, 31], [20, 3, 2, 3], [20, 3, 2, 1], [20, 3, 2, 9], [10, 3, 2, 32], [10, 3, 2, 3], [10, 3, 2, 2], [10, 3, 2, 9], [321, 3, 2, 9], [1, 3, 2, 32], [1, 3, 2, 3], [1, 3, 2, 2], [1, 3, 2, 9], [31, 3, 2, 2], [31, 3, 2, 9], [21, 3, 2, 3], [21, 3, 2, 9], [2, 3, 2, 3], [2, 3, 2, 9], [32, 3, 2, 9], [3, 3, 2, 9]]
ici
[1 2 0 3]

[3 2 0 3]


[1 3 3 0]
[3 3 3 0]

pre_disks
0
succ_disks
[3, 9, 1, 9, 1, 9, 1, 3, 9, 3, 31, 9, 1, 9, 3, 9, 3, 21, 9, 9]
[[1 3]
 [2 0]
 [3 2]
 [0 1]
 [1 0]]
[[0 1 3]
 [0 2 0]
 [0 3 2]
 [3 0 1]
 [0 1 0]]
[[0 1 3 3]
 [0 2 0 9]
 [0 3 2 1]
 [3 0 1 9]
 [0 1 0 1]]
start 
[[  0   1   3   3]
 [310   2   0   9]
 [  0   3   2   1]
 ...
 [  0   0   2   3]
 [ 21   1   0   9]
 [  1   1   0   9]]
len combis
480
all_actions
5000
DICC
{'[0 1 3 3]': 11, '[310   2   0   9]': 5, '[0 3 2 1]': 16, '[3 0 1 9]': 24, '[0 1 0 1]': 8, '[10  1  3  9]': 13, '[0 2 3 1]': 20, '[21  2  0  3]': 12, '[0 2 3 9]': 28, '[1 2 3 3]': 15, '[ 0  1  0 31]': 12, '[2 0 3 9]': 27, '[0 3 1 1]': 10, '[10  2  0  9]': 15, '[2 3 2 3]': 14, '[1 3 1 9]': 20, '[ 0  1  3 21]': 10, '[310   0   3   9]': 4, '[3 3 1 9]': 31, '[2 1 3 3]': 10, '[320   0   1   9]': 11, '[32  3  0  9]': 16, '[0 0 1 1]': 15, '[32  0  2  9]': 19, '[32  1  3  9]': 14, '[0 0 3 9]': 38, '[0 0 2 2]': 10, '[21  0  1  9]': 21, '[21  3  1  9]': 17, '[10  1  2 32]': 6, '[20  2  0  9]': 16, '[30  0  3  9]': 12, '[20  1  3  3]': 8, '[321   2   3   9]': 9, '[ 0  0  2 31]': 7, '[0 2 1 2]': 15, '[31  2  1  2]': 7, '[20  2  3  9]': 15, '[20  2  1  3]': 4, '[30  3  1  9]': 11, '[ 1  2  0 32]': 4, '[1 2 3 2]': 11, '[2 2 1 3]': 15, '[10  3  2  2]': 11, '[2 1 0 3]': 16, '[ 0  3  2 32]': 5, '[31  1  2  9]': 12, '[3 2 3 9]': 26, '[20  1  0 31]': 7, '[1 3 1 2]': 14, '[0 0 2 3]': 19, '[0 0 1 9]': 23, '[21  1  0  9]': 15, '[10  0  2  9]': 14, '[30  0  2  2]': 11, '[320   3   2   9]': 11, '[32  3  2  9]': 15, '[3210    2    0    9]': 9, '[1 3 0 9]': 23, '[0 1 3 9]': 35, '[30  1  2  9]': 11, '[0 0 2 9]': 23, '[0 2 0 9]': 30, '[2 2 1 9]': 22, '[10  0  2 32]': 7, '[30  1  3  9]': 20, '[20  0  2  3]': 7, '[32  1  2  9]': 14, '[31  3  2  9]': 14, '[30  2  3  9]': 8, '[2 0 1 9]': 27, '[2 1 2 3]': 10, '[2 0 3 3]': 7, '[2 0 2 9]': 23, '[ 0  2  0 31]': 7, '[3 0 3 9]': 34, '[20  1  0  3]': 4, '[1 2 1 9]': 22, '[310   2   3   9]': 10, '[30  3  0  1]': 6, '[210   2   1   9]': 5, '[3 2 0 9]': 32, '[310   3   1   2]': 6, '[3 3 2 9]': 24, '[320   0   2   9]': 7, '[2 3 1 9]': 33, '[310   3   1   9]': 9, '[0 1 0 2]': 15, '[320   0   3   9]': 9, '[ 0  2  1 32]': 5, '[2 2 3 9]': 25, '[10  0  3  9]': 16, '[31  0  1  2]': 4, '[31  0  3  9]': 18, '[1 0 3 9]': 32, '[21  3  1  3]': 5, '[20  3  1  9]': 16, '[0 0 2 1]': 12, '[32  2  1  9]': 12, '[3 0 2 9]': 22, '[1 0 2 2]': 13, '[30  3  0  9]': 20, '[0 3 2 3]': 18, '[1 3 0 2]': 16, '[20  3  2  1]': 8, '[1 0 2 9]': 23, '[20  1  3  1]': 8, '[3210    2    3    9]': 6, '[321   0   2   9]': 9, '[1 1 2 3]': 23, '[1 0 1 2]': 17, '[2 3 0 9]': 32, '[210   0   1   9]': 7, '[32  1  0  9]': 16, '[32  0  3  9]': 23, '[30  2  0  9]': 8, '[20  0  1  9]': 12, '[1 2 3 9]': 26, '[3 1 0 9]': 32, '[0 1 2 1]': 12, '[10  2  1  9]': 12, '[1 2 0 2]': 18, '[320   3   1   9]': 12, '[ 0  2  3 31]': 9, '[  0   3   2 321]': 8, '[0 1 2 9]': 22, '[21  1  2  9]': 17, '[31  3  2  2]': 9, '[20  1  2 31]': 5, '[1 0 1 9]': 25, '[30  3  2  2]': 8, '[21  2  1  9]': 16, '[20  3  0  3]': 4, '[31  0  2  9]': 15, '[10  2  0  2]': 8, '[20  1  2  9]': 10, '[3 2 1 9]': 33, '[0 0 3 1]': 14, '[1 1 2 2]': 15, '[0 3 2 2]': 7, '[ 1  1  0 32]': 11, '[0 3 0 9]': 22, '[1 3 1 3]': 15, '[  0   1   3 321]': 2, '[1 1 0 3]': 12, '[30  1  3  2]': 8, '[210   0   2   9]': 3, '[210   2   0   3]': 3, '[0 2 0 3]': 12, '[0 3 2 9]': 24, '[21  2  3  3]': 6, '[10  0  1  9]': 19, '[21  3  0  9]': 10, '[1 2 1 2]': 14, '[1 1 3 2]': 11, '[210   1   0   9]': 7, '[1 3 2 9]': 38, '[ 0  0  3 32]': 11, '[0 2 1 9]': 33, '[0 2 3 3]': 12, '[0 2 1 1]': 11, '[21  1  3  9]': 14, '[ 0  0  1 21]': 10, '[20  1  0  1]': 7, '[3 1 3 9]': 35, '[0 3 0 1]': 9, '[321   1   0   9]': 11, '[30  2  3  1]': 8, '[3210    0    3    9]': 7, '[ 0  2  3 32]': 11, '[10  1  3  3]': 6, '[10  3  0  2]': 8, '[210   1   3   9]': 6, '[20  0  3 31]': 4, '[10  3  0  9]': 18, '[ 1  3  0 32]': 7, '[2 3 0 3]': 8, '[32  3  1  9]': 26, '[31  3  0  9]': 16, '[ 0  0  1 32]': 9, '[0 3 1 2]': 12, '[2 3 2 9]': 19, '[ 0  3  1 21]': 5, '[31  2  0  9]': 17, '[310   3   0   9]': 12, '[21  3  2  9]': 20, '[1 1 2 9]': 34, '[321   0   1   9]': 7, '[31  2  1  9]': 10, '[21  0  3  3]': 6, '[1 1 3 3]': 15, '[ 0  1  3 31]': 10, '[1 1 0 2]': 12, '[320   1   0   9]': 5, '[0 1 2 3]': 12, '[20  0  2  9]': 12, '[2 1 0 9]': 34, '[320   2   0   9]': 8, '[210   3   1   3]': 6, '[31  1  0  9]': 17, '[20  0  3  3]': 5, '[31  0  1  9]': 22, '[310   3   2   9]': 7, '[310   1   0   2]': 5, '[30  0  2  1]': 5, '[320   0   2   1]': 5, '[ 0  3  1 31]': 14, '[3210    1    3    9]': 4, '[1 0 3 2]': 25, '[2 1 3 9]': 26, '[10  3  1  9]': 20, '[20  3  0  9]': 12, '[30  3  1  1]': 5, '[0 0 3 3]': 10, '[20  1  3  9]': 10, '[1 1 0 9]': 29, '[20  3  1 31]': 9, '[0 3 0 2]': 10, '[30  1  2 21]': 5, '[30  2  1  9]': 12, '[10  3  0  3]': 6, '[30  3  0  2]': 7, '[3210    3    2    9]': 6, '[0 0 1 2]': 14, '[1 3 0 3]': 14, '[1 1 3 9]': 22, '[3 1 2 9]': 30, '[1 2 0 3]': 18, '[21  2  0  9]': 19, '[1 2 0 9]': 23, '[20  0  1  1]': 12, '[21  3  2  3]': 9, '[20  2  1 31]': 3, '[0 2 0 2]': 8, '[10  2  3  9]': 17, '[0 0 3 2]': 14, '[2 2 0 3]': 14, '[0 0 1 3]': 9, '[32  2  0  9]': 14, '[2 1 2 9]': 20, '[30  0  1  2]': 5, '[210   0   2   3]': 6, '[2 2 3 3]': 15, '[30  0  1  9]': 12, '[10  3  1 32]': 3, '[ 0  0  3 31]': 7, '[ 1  1  3 32]': 6, '[310   0   2   9]': 5, '[ 0  2  0 21]': 9, '[320   3   0   1]': 4, '[320   3   1   1]': 6, '[1 0 2 3]': 14, '[31  0  2  2]': 4, '[10  3  1  3]': 7, '[321   1   3   9]': 7, '[ 1  3  2 32]': 11, '[30  3  2  1]': 6, '[0 3 1 3]': 14, '[20  2  0 31]': 4, '[320   0   1   1]': 4, '[30  1  0  2]': 9, '[20  3  2  9]': 21, '[31  1  3  2]': 6, '[321   2   1   9]': 9, '[321   2   0   9]': 4, '[310   0   3   2]': 3, '[ 1  0  1 32]': 9, '[10  2  3  3]': 5, '[0 3 0 3]': 14, '[10  1  0  2]': 8, '[1 3 2 2]': 11, '[ 0  1  0 32]': 9, '[1 0 1 3]': 12, '[3210    0    1    9]': 9, '[0 2 1 3]': 11, '[20  0  1  3]': 11, '[31  3  1  9]': 16, '[30  0  2  9]': 13, '[30  2  0 21]': 1, '[31  2  3  2]': 8, '[320   3   0   9]': 9, '[21  2  3  9]': 9, '[20  3  1  3]': 7, '[ 0  2  1 31]': 6, '[3210    2    1    9]': 8, '[3210    1    0    9]': 10, '[ 1  0  2 32]': 9, '[0 2 0 1]': 10, '[ 0  2  0 32]': 4, '[320   2   3   1]': 5, '[3210    1    2    9]': 8, '[0 1 3 1]': 12, '[10  2  1 32]': 4, '[  0   2   3 321]': 2, '[ 1  3  1 32]': 9, '[30  2  1 21]': 7, '[321   3   0   9]': 12, '[310   1   2   9]': 7, '[ 0  0  2 32]': 9, '[  0   1   0 321]': 4, '[10  1  0 32]': 4, '[32  2  3  9]': 12, '[1 2 1 3]': 11, '[210   3   1   9]': 10, '[310   2   1   9]': 13, '[2 0 2 3]': 15, '[210   1   2   3]': 4, '[10  0  1  3]': 3, '[10  0  2  2]': 8, '[2 2 0 9]': 28, '[10  1  0  3]': 13, '[20  3  0 31]': 3, '[320   0   3   1]': 9, '[30  1  2  1]': 8, '[0 1 0 9]': 18, '[0 3 1 9]': 24, '[31  1  0  2]': 9, '[2 0 1 3]': 7, '[1 3 2 3]': 4, '[210   1   0   3]': 3, '[30  1  2  2]': 8, '[30  0  3  2]': 5, '[320   2   3   9]': 3, '[30  0  3  1]': 6, '[10  0  2  3]': 6, '[ 0  3  0 32]': 6, '[20  2  1  9]': 17, '[10  0  3  2]': 6, '[30  0  1 21]': 5, '[21  0  2  9]': 9, '[310   2   0   2]': 8, '[30  3  1  2]': 7, '[21  3  0  3]': 10, '[30  1  0  9]': 17, '[31  0  3  2]': 8, '[3 3 0 9]': 21, '[210   2   3   3]': 3, '[321   3   2   9]': 6, '[21  1  2  3]': 6, '[20  1  2  3]': 3, '[ 0  1  2 21]': 5, '[20  1  0  9]': 13, '[10  0  3  3]': 5, '[20  2  0  1]': 8, '[ 0  1  2 32]': 5, '[21  0  3  9]': 13, '[0 2 3 2]': 15, '[20  1  2  1]': 5, '[ 1  2  1 32]': 10, '[20  0  2 31]': 2, '[10  1  2  3]': 6, '[31  2  3  9]': 11, '[0 1 0 3]': 13, '[20  3  2  3]': 2, '[210   3   0   3]': 4, '[210   2   0   9]': 4, '[0 1 2 2]': 14, '[10  0  1  2]': 10, '[20  2  3  1]': 4, '[210   1   2   9]': 3, '[30  3  0 21]': 6, '[320   2   1   1]': 5, '[30  3  2  9]': 13, '[30  2  1  1]': 5, '[210   0   3   3]': 1, '[ 1  2  3 32]': 3, '[30  2  0  1]': 4, '[ 0  3  2 21]': 5, '[31  1  3  9]': 16, '[20  0  2  1]': 10, '[30  2  3  2]': 3, '[2 3 1 3]': 13, '[10  2  3 32]': 3, '[  0   0   2 321]': 5, '[10  3  2  9]': 10, '[20  3  2 31]': 2, '[10  3  1  2]': 3, '[ 1  1  2 32]': 7, '[10  0  3 32]': 4, '[10  1  2  2]': 5, '[320   1   2   9]': 8, '[20  3  0  1]': 6, '[210   0   1   3]': 6, '[31  1  2  2]': 7, '[30  0  3 21]': 3, '[210   3   2   9]': 10, '[30  0  1  1]': 9, '[0 1 3 2]': 9, '[20  0  3  9]': 14, '[30  2  3 21]': 5, '[ 0  3  0 31]': 8, '[10  0  1 32]': 6, '[ 1  0  3 32]': 3, '[21  0  1  3]': 3, '[3210    3    1    9]': 12, '[310   0   2   2]': 11, '[3210    0    2    9]': 8, '[10  2  0  3]': 2, '[320   3   2   1]': 4, '[310   3   0   2]': 7, '[310   2   3   2]': 3, '[30  2  0  2]': 3, '[210   2   3   9]': 8, '[21  1  3  3]': 6, '[31  3  1  2]': 6, '[ 0  1  3 32]': 4, '[32  0  1  9]': 10, '[  0   2   0 321]': 4, '[20  2  0  3]': 6, '[  0   0   1 321]': 6, '[310   1   3   9]': 10, '[  0   0   3 321]': 1, '[20  2  1  1]': 4, '[10  2  3  2]': 5, '[ 0  3  2 31]': 11, '[321   3   1   9]': 6, '[  0   1   2 321]': 6, '[210   1   3   3]': 2, '[310   1   0   9]': 7, '[10  1  3  2]': 8, '[ 0  1  2 31]': 4, '[ 0  1  0 21]': 8, '[10  3  2  3]': 5, '[  0   2   1 321]': 3, '[1 0 3 3]': 12, '[30  1  3  1]': 1, '[321   0   3   9]': 6, '[ 0  0  1 31]': 6, '[10  1  0  9]': 11, '[20  2  3  3]': 3, '[310   1   2   2]': 3, '[ 0  3  0 21]': 5, '[320   1   0   1]': 3, '[20  3  1  1]': 4, '[10  2  1  3]': 6, '[210   2   1   3]': 3, '[30  3  2 21]': 3, '[210   3   2   3]': 4, '[10  1  3 32]': 1, '[3210    3    0    9]': 3, '[30  0  2 21]': 5, '[21  2  1  3]': 5, '[10  1  2  9]': 10, '[210   0   3   9]': 3, '[  0   3   1 321]': 2, '[30  2  1  2]': 4, '[320   2   1   9]': 7, '[20  0  3  1]': 6, '[21  0  2  3]': 4, '[10  2  0 32]': 2, '[320   1   3   1]': 2, '[ 0  2  3 21]': 5, '[31  3  0  2]': 6, '[10  3  0 32]': 3, '[31  2  0  2]': 10, '[310   0   1   9]': 3, '[30  3  1 21]': 2, '[30  1  0  1]': 3, '[20  0  1 31]': 2, '[320   1   2   1]': 3, '[ 0  0  3 21]': 4, '[321   1   2   9]': 2, '[320   2   0   1]': 3, '[ 0  0  2 21]': 5, '[10  2  1  2]': 6, '[20  1  3 31]': 3, '[210   3   0   9]': 5, '[310   2   1   2]': 5, '[310   0   1   2]': 5, '[ 0  2  1 21]': 2, '[310   1   3   2]': 2, '[30  1  3 21]': 3, '[320   1   3   9]': 2, '[21  1  0  3]': 1, '[30  1  0 21]': 4, '[20  2  3 31]': 1, '[310   3   2   2]': 1, '[10  3  2 32]': 1}
478
tensor([ 4, 11,  5,  3,  6,  7,  9,  9,  6, 10,  9, 14, 15,  6, 23,  5,  5,  9,
        12,  2, 11, 12, 12,  6,  3, 10, 19,  7,  9, 12, 17, 25,  4, 22,  3, 21,
         7, 27, 10, 24,  5,  7, 11,  5,  6,  3,  8,  9,  7,  5, 19, 10, 12,  5,
        23,  5, 11,  5, 13,  2,  7, 10, 12,  7,  6,  8, 14,  9,  9, 14, 13, 23,
         4, 15,  4,  9, 15, 23, 19, 22,  9,  9,  3,  4,  1,  3,  7, 11,  7,  4,
        10, 14, 14,  1, 38,  3,  5,  6, 12,  4,  5,  6, 14,  4,  5,  6, 16,  6,
         3, 12, 25, 32,  8, 18,  6, 13,  7, 27, 23, 34,  3,  5,  5,  7,  3,  7,
        10,  9, 12,  8, 13, 15,  8,  4, 18,  4,  9,  3, 17,  7,  4,  7, 13,  4,
        13,  8, 11, 11, 11, 12, 12, 29,  9, 17,  1, 15, 16, 34, 16, 32,  3,  8,
         3,  7,  4,  3,  8,  5,  4,  5, 12, 14, 12,  6, 22,  5,  8,  8, 11,  5,
         3,  5, 10,  6,  6,  5, 10,  2,  7, 23, 15, 34,  7, 12,  6, 17, 10, 20,
        14, 30,  2,  2,  2, 10,  2,  6,  4,  4, 10, 10, 11,  9, 12,  2, 35,  3,
         8,  1, 20,  3,  8,  8, 10,  1,  6,  8, 13,  7,  6, 15, 11, 22,  6, 16,
         6, 14, 10, 26, 14, 35,  3,  8,  8,  5,  3,  4,  9,  4,  7,  9, 12,  8,
        10,  4, 30,  1,  3,  4,  8,  4,  6,  8, 16,  2,  2,  8, 15,  4,  4, 18,
        18, 23, 10, 17, 12, 19, 14, 28, 14, 32,  5,  7,  5, 13,  3,  5,  8,  5,
         6,  2, 11, 15, 11,  3, 33,  7,  4,  5, 12,  3,  4,  4, 17,  4,  6,  6,
        12,  9, 10, 11, 14, 22,  7, 10,  5, 16, 15, 22, 12, 33,  5,  3,  3, 10,
         3,  8,  6, 11,  9,  5, 12, 15, 20,  2, 28,  5,  3,  8,  8,  1,  3,  4,
        15,  3,  5,  5, 17,  9,  3, 15, 11, 26,  8, 11,  6,  9, 15, 25, 12, 26,
         4,  9,  7, 12,  4,  5,  3,  6,  8,  5, 14, 10,  9,  0, 22,  6,  7,  6,
        20,  3,  4,  6, 12,  3,  6,  8, 18, 12,  7, 14, 16, 23,  6, 16, 10, 10,
         8, 32, 16, 21,  6, 12,  6,  9,  6, 10, 12,  0, 14,  5, 14, 12, 10,  2,
        24,  2,  7,  5, 11,  9,  7,  4, 16,  3,  7,  3, 20,  6,  9, 15, 14, 20,
         6, 16,  5, 17, 13, 33, 26, 31,  4, 11,  1,  7,  4, 10,  6,  5, 11,  5,
        18,  7, 16,  8, 24,  3,  8,  6, 13,  2,  2,  8, 21,  1,  5, 11, 10,  6,
        11,  4, 11, 38,  9, 14,  9, 20, 14, 19, 15, 24])
480
theconfs
[1 2 0 3]
[3 2 0 3]
all_combis
[0, 1, 0, 31]
(5000, 2, 4, 16, 3)
normalized shape: (4, 16, 3) (4, 16, 3)
for h = 10
[0, 1, 0, 31]
for h = 11
[2, 0, 3, 9]
for h = 12
[0, 3, 1, 1]
for h = 13
[10, 2, 0, 9]
for h = 14
[2, 3, 2, 3]
for h = 15
[1, 3, 1, 9]
for h = 16
[1, 2, 3, 3]
for h = 17
[0, 1, 3, 21]
for h = 18
[310, 0, 3, 9]
for h = 19
[3, 3, 1, 9]
acccc
[0 0 0 0 0 0 0 0 0 0 0 0 0 0 0 0 0 0 0 0 0 0 0 0 0 0 0 0 0 0 0 0 0 0 0 0 0
 0 0 0 0 0 0 0 0 0 0 0 0 0 0 0 0 0 0 0 0 0 0 0 0 0 0 0 0 0 0 0 0 0 0 0 0 0
 0 0 0 0 0 0 0 0 0 0 0 0 0 0 0 0 0 0 0 0 0 0 0 0 0 0 0 0 0 0 0 0 0 0 0 0 0
 0 0 0 0 0 0 0 0 0 0 0 0 0 0 0 0 0 1 0 0 0 0 0 0 0 0 0 0 0 0 0 0 0 0 0 0 0
 0 0 0 0 0 0 0 0 0 0 0 0 0 0 0 0 0 0 0 0 0 0 0 0 0 0 0 0 0 0 0 0 0 0 0 0 0
 0 0 0 0 0 0 0 0 0 0 0 0 0 0 0 0 0 0 0 0 0 0 0 0 0 0 0 0 0 0 0 0 0 0 0 0 0
 0 0 0 0 0 0 0 0 0 0 0 0 0 0 0 0 0 0 0 0 0 0 0 0 0 0 0 0 0 0 0 0 0 0 0 0 0
 0 0 0 0 0 0 0 0 0 0 0 0 0 0 0 0 0 0 0 0 0 0 0 0 0 0 0 0 0 0 0 0 0 0 0 0 0
 0 0 0 0 0 0 0 0 0 0 0 0 0 0 0 0 0 0 0 0 0 0 0 0 0 0 0 0 0 0 0 0 0 0 0 0 0
 0 0 0 0 0 0 0 0 0 0 0 0 0 0 0 0 0 0 0 0 0 0 0 0 0 0 0 0 0 0 0 0 0 0 0 0 0
 0 0 0 0 0 0 0 0 0 0 0 0 0 0 0 0 0 0 0 0 0 0 0 0 0 0 0 0 0 0 0 0 0 0 0 0 0
 0 0 0 0 0 0 0 0 0 0 0 0 0 0 0 0 0 0 0 0 0 0 0 0 0 0 0 0 0 0 0 0 0 0 0 0 0
 0 0 0 0 0 0 0 0 0 0 0 0 0 0 0 0 0 0 0 0 0 0 0 0 0 0 0 0 0 0 0 0 0 0 0 0]
(array([128]),)
acccc
[0 0 0 0 0 0 0 0 0 0 0 0 0 0 0 0 0 0 0 0 0 0 0 0 0 0 0 0 0 0 0 0 0 0 0 0 0
 0 0 0 0 0 0 0 0 0 0 0 0 0 0 0 0 0 0 0 0 0 0 0 0 0 0 0 0 0 0 0 0 0 0 0 0 0
 0 0 0 0 0 0 0 0 0 0 0 0 0 0 0 0 0 0 0 0 0 0 0 0 0 0 0 0 0 0 0 0 0 0 0 0 0
 0 0 0 0 0 0 1 0 0 0 0 0 0 0 0 0 0 0 0 0 0 0 0 0 0 0 0 0 0 0 0 0 0 0 0 0 0
 0 0 0 0 0 0 0 0 0 0 0 0 0 0 0 0 0 0 0 0 0 0 0 0 0 0 0 0 0 0 0 0 0 0 0 0 0
 0 0 0 0 0 0 0 0 0 0 0 0 0 0 0 0 0 0 0 0 0 0 0 0 0 0 0 0 0 0 0 0 0 0 0 0 0
 0 0 0 0 0 0 0 0 0 0 0 0 0 0 0 0 0 0 0 0 0 0 0 0 0 0 0 0 0 0 0 0 0 0 0 0 0
 0 0 0 0 0 0 0 0 0 0 0 0 0 0 0 0 0 0 0 0 0 0 0 0 0 0 0 0 0 0 0 0 0 0 0 0 0
 0 0 0 0 0 0 0 0 0 0 0 0 0 0 0 0 0 0 0 0 0 0 0 0 0 0 0 0 0 0 0 0 0 0 0 0 0
 0 0 0 0 0 0 0 0 0 0 0 0 0 0 0 0 0 0 0 0 0 0 0 0 0 0 0 0 0 0 0 0 0 0 0 0 0
 0 0 0 0 0 0 0 0 0 0 0 0 0 0 0 0 0 0 0 0 0 0 0 0 0 0 0 0 0 0 0 0 0 0 0 0 0
 0 0 0 0 0 0 0 0 0 0 0 0 0 0 0 0 0 0 0 0 0 0 0 0 0 0 0 0 0 0 0 0 0 0 0 0 0
 0 0 0 0 0 0 0 0 0 0 0 0 0 0 0 0 0 0 0 0 0 0 0 0 0 0 0 0 0 0 0 0 0 0 0 0]
(array([117]),)
acccc
[0 0 0 0 0 0 0 0 0 0 0 0 0 0 0 0 0 0 0 0 0 0 0 0 0 0 0 0 0 0 0 0 0 0 0 0 0
 0 0 0 0 0 0 0 0 0 0 0 0 0 0 0 0 0 0 0 0 0 0 0 0 0 0 0 0 0 0 0 0 0 0 0 0 0
 0 0 0 0 0 0 0 0 0 0 0 0 0 0 0 0 0 0 0 0 0 0 0 0 0 0 0 0 0 0 0 0 0 0 0 0 0
 0 0 0 0 0 0 0 0 0 0 0 0 0 0 0 0 0 0 0 0 0 0 0 0 0 0 0 0 0 0 0 0 0 0 0 0 0
 0 0 0 0 0 0 0 0 0 0 0 0 0 0 0 0 0 0 0 0 0 0 0 0 0 0 0 0 0 0 0 0 0 0 0 0 0
 0 0 0 0 0 0 0 0 0 0 0 0 0 0 0 0 0 0 0 0 0 0 0 0 0 0 0 0 0 0 0 0 0 0 0 0 0
 0 0 0 0 0 0 0 0 0 0 0 0 0 0 0 0 0 0 0 0 0 0 0 0 0 0 0 0 0 0 0 0 0 0 0 0 0
 0 0 0 0 0 0 0 0 0 0 0 0 0 0 0 0 0 0 0 0 0 0 0 0 0 0 0 0 0 0 0 0 0 0 0 0 0
 0 0 0 0 0 0 0 0 0 0 0 0 0 0 0 0 0 0 0 0 0 0 0 0 0 0 0 0 0 0 0 0 0 0 0 0 0
 0 0 0 0 0 0 0 0 0 0 0 0 0 0 0 0 0 0 0 0 0 0 0 0 0 0 0 0 0 0 0 0 0 0 0 0 0
 0 0 0 0 0 0 0 0 0 0 0 0 0 0 0 0 0 0 0 0 0 0 0 0 0 0 0 0 0 0 0 0 0 0 0 0 0
 0 0 0 0 0 1 0 0 0 0 0 0 0 0 0 0 0 0 0 0 0 0 0 0 0 0 0 0 0 0 0 0 0 0 0 0 0
 0 0 0 0 0 0 0 0 0 0 0 0 0 0 0 0 0 0 0 0 0 0 0 0 0 0 0 0 0 0 0 0 0 0 0 0]
(array([412]),)
acccc
[0 0 0 0 0 0 0 0 0 0 0 0 0 0 0 0 0 0 0 0 0 0 0 0 0 0 0 0 0 0 0 0 0 0 0 0 0
 0 0 0 0 0 0 0 0 0 0 0 0 0 0 0 0 0 0 0 0 0 0 0 0 0 0 0 0 0 0 0 0 0 0 0 0 0
 0 0 0 0 0 0 0 0 0 0 0 0 0 0 0 0 0 0 0 0 0 0 0 0 0 0 0 0 0 0 0 0 0 0 0 0 0
 0 0 0 0 0 0 0 0 0 0 0 0 0 0 0 0 0 0 0 0 0 0 0 0 0 0 0 0 0 0 0 0 0 0 0 0 0
 0 0 0 0 0 0 0 0 0 0 0 0 0 0 0 0 0 0 0 0 0 0 0 0 0 0 0 0 0 0 0 0 0 0 0 0 0
 0 0 0 0 0 0 0 0 0 0 0 0 0 0 0 0 0 0 0 0 0 0 0 0 0 0 0 0 0 0 0 0 0 0 0 0 0
 0 0 0 0 0 0 0 0 0 0 0 0 0 0 0 0 0 0 0 0 0 0 0 0 0 0 0 0 0 0 0 0 0 0 0 0 0
 0 0 0 0 0 0 0 1 0 0 0 0 0 0 0 0 0 0 0 0 0 0 0 0 0 0 0 0 0 0 0 0 0 0 0 0 0
 0 0 0 0 0 0 0 0 0 0 0 0 0 0 0 0 0 0 0 0 0 0 0 0 0 0 0 0 0 0 0 0 0 0 0 0 0
 0 0 0 0 0 0 0 0 0 0 0 0 0 0 0 0 0 0 0 0 0 0 0 0 0 0 0 0 0 0 0 0 0 0 0 0 0
 0 0 0 0 0 0 0 0 0 0 0 0 0 0 0 0 0 0 0 0 0 0 0 0 0 0 0 0 0 0 0 0 0 0 0 0 0
 0 0 0 0 0 0 0 0 0 0 0 0 0 0 0 0 0 0 0 0 0 0 0 0 0 0 0 0 0 0 0 0 0 0 0 0 0
 0 0 0 0 0 0 0 0 0 0 0 0 0 0 0 0 0 0 0 0 0 0 0 0 0 0 0 0 0 0 0 0 0 0 0 0]
(array([266]),)
acccc
[0 0 0 0 0 0 0 0 0 0 0 0 0 0 0 0 0 0 0 0 0 0 0 0 0 0 0 0 0 0 0 0 0 0 0 0 0
 0 0 0 0 0 0 0 0 0 0 0 0 0 0 0 0 0 0 0 0 0 0 0 0 0 0 0 0 0 0 0 0 0 0 0 0 0
 0 0 0 0 0 0 0 0 0 0 0 0 0 0 0 0 0 0 0 0 0 0 0 0 0 0 0 0 0 0 0 0 0 0 0 0 0
 0 0 0 0 0 0 0 0 0 0 0 0 0 0 0 0 0 0 0 0 0 0 0 0 0 0 0 0 0 0 0 0 0 0 0 0 0
 0 0 0 0 0 0 0 0 0 0 0 0 0 0 0 0 0 0 0 0 0 0 0 0 0 0 0 0 0 0 0 0 0 0 0 0 0
 0 0 0 0 0 0 0 0 0 0 0 0 0 0 0 0 0 0 0 0 0 0 0 0 0 0 0 0 0 0 0 0 0 0 0 0 0
 0 0 0 0 0 0 0 0 0 0 0 0 0 0 0 0 0 0 0 0 0 0 0 0 0 0 0 0 0 0 0 0 0 0 0 0 0
 0 0 0 0 0 0 0 0 0 0 0 0 0 0 0 0 0 0 0 0 0 0 0 0 0 0 0 0 0 0 0 0 0 0 0 0 0
 0 0 0 0 0 0 0 0 0 0 0 0 0 0 0 0 0 0 0 0 0 0 0 0 0 0 0 0 0 0 0 0 0 0 0 0 0
 0 0 0 0 0 0 0 0 0 0 0 0 0 0 0 0 0 0 0 0 0 0 0 0 0 0 0 0 0 0 0 0 0 0 0 0 0
 0 0 0 0 0 0 0 0 0 0 0 0 0 0 0 0 0 0 0 0 0 0 0 0 0 0 0 0 0 0 0 0 0 0 0 0 0
 0 0 0 0 0 0 0 0 0 0 0 0 0 0 0 0 0 0 0 0 0 0 0 0 0 0 0 0 0 0 0 0 0 0 0 0 0
 0 0 0 0 0 0 0 0 0 0 0 0 0 0 0 0 0 0 0 0 0 0 0 0 0 0 0 0 0 0 0 0 1 0 0 0]
(array([476]),)
acccc
[0 0 0 0 0 0 0 0 0 0 0 0 0 0 0 0 0 0 0 0 0 0 0 0 0 0 0 0 0 0 0 0 0 0 0 0 0
 0 0 0 0 0 0 0 0 0 0 0 0 0 0 0 0 0 0 0 0 0 0 0 0 0 0 0 0 0 0 0 0 0 0 0 0 0
 0 0 0 0 0 0 0 0 0 0 0 0 0 0 0 0 0 0 0 0 0 0 0 0 0 0 0 0 0 0 0 0 0 0 0 0 0
 0 0 0 0 0 0 0 0 0 0 0 0 0 0 0 0 0 0 0 0 0 0 0 0 0 0 0 0 0 0 0 0 0 0 0 0 0
 0 0 0 0 0 0 0 0 0 0 0 0 0 0 0 0 0 0 0 0 0 0 0 0 0 0 0 0 0 0 0 0 0 0 0 0 0
 0 0 0 0 0 0 0 0 0 0 0 0 0 0 0 0 0 0 0 0 0 0 0 0 0 0 0 0 0 0 0 0 0 0 0 0 0
 0 0 0 0 0 0 0 0 0 0 0 0 0 0 0 0 0 0 0 0 0 0 0 0 0 0 0 0 0 0 0 0 0 0 0 0 0
 0 0 0 0 0 0 0 0 0 0 0 0 0 0 0 0 0 0 0 0 0 0 0 0 0 0 0 0 0 0 0 0 0 0 0 0 0
 0 0 0 0 0 0 0 0 0 0 0 0 0 0 0 0 0 0 0 0 0 0 0 0 0 0 0 0 0 0 0 0 0 0 0 0 0
 0 0 0 0 0 0 0 0 0 0 0 0 0 0 0 0 0 0 0 0 0 0 0 0 0 0 0 0 0 0 0 0 0 0 0 0 0
 0 0 0 0 0 0 0 0 0 0 0 0 0 0 0 0 0 0 0 0 0 0 0 0 0 0 0 0 0 0 0 0 0 0 0 0 0
 0 0 0 0 0 0 0 0 0 0 0 0 0 0 0 0 0 0 0 0 0 0 0 0 1 0 0 0 0 0 0 0 0 0 0 0 0
 0 0 0 0 0 0 0 0 0 0 0 0 0 0 0 0 0 0 0 0 0 0 0 0 0 0 0 0 0 0 0 0 0 0 0 0]
(array([431]),)
acccc
[0 0 0 0 0 0 0 0 0 0 0 0 0 0 0 0 0 0 0 0 0 0 0 0 0 0 0 0 0 0 0 0 0 0 0 0 0
 0 0 0 0 0 0 0 0 0 0 0 0 0 0 0 0 0 0 0 0 0 0 0 0 0 0 0 0 0 0 0 0 0 0 0 0 0
 0 0 0 0 0 0 0 0 0 0 0 0 0 0 0 0 0 0 0 0 0 0 0 0 0 0 0 0 0 0 0 0 0 0 0 0 0
 0 0 0 0 0 0 0 0 0 0 0 0 0 0 0 0 0 0 0 0 0 0 0 0 0 0 0 0 0 0 0 0 0 0 0 0 0
 0 0 0 0 0 0 0 0 0 0 0 0 0 0 0 0 0 0 0 0 0 0 0 0 0 0 0 0 0 0 0 0 0 0 0 0 0
 0 0 0 0 0 0 0 0 0 0 0 0 0 0 0 0 0 0 0 0 0 0 0 0 0 0 0 0 0 0 0 0 0 0 0 0 0
 0 0 0 0 0 0 0 0 0 0 0 0 0 0 0 0 0 0 0 0 0 0 0 0 0 0 0 0 0 0 0 0 0 0 0 0 0
 0 0 0 0 0 0 0 0 0 0 0 0 0 0 0 0 0 0 0 0 0 0 0 0 0 0 0 0 0 0 0 0 0 0 0 0 0
 0 0 0 0 0 0 0 0 0 0 0 0 0 0 0 0 0 0 0 0 0 0 0 0 0 0 0 0 0 0 0 0 0 0 0 0 0
 0 0 0 0 0 0 0 0 0 0 0 0 0 0 0 0 1 0 0 0 0 0 0 0 0 0 0 0 0 0 0 0 0 0 0 0 0
 0 0 0 0 0 0 0 0 0 0 0 0 0 0 0 0 0 0 0 0 0 0 0 0 0 0 0 0 0 0 0 0 0 0 0 0 0
 0 0 0 0 0 0 0 0 0 0 0 0 0 0 0 0 0 0 0 0 0 0 0 0 0 0 0 0 0 0 0 0 0 0 0 0 0
 0 0 0 0 0 0 0 0 0 0 0 0 0 0 0 0 0 0 0 0 0 0 0 0 0 0 0 0 0 0 0 0 0 0 0 0]
(array([349]),)
acccc
[0 0 0 0 0 0 0 0 0 0 0 0 0 0 0 0 0 0 0 0 0 0 0 0 0 0 0 0 0 0 0 0 0 0 0 0 0
 0 0 0 0 0 0 0 0 0 0 0 0 0 0 0 0 0 0 0 0 0 0 0 0 0 0 0 0 0 0 0 0 0 0 0 0 0
 0 0 0 0 0 0 0 0 0 0 0 0 0 0 0 0 0 0 0 0 0 0 0 0 0 0 0 0 0 0 0 0 0 0 0 0 0
 0 0 0 0 0 0 0 0 0 0 0 0 0 0 0 0 0 0 0 0 0 0 0 0 0 0 0 0 0 0 0 0 0 0 0 0 0
 0 0 0 0 0 0 0 0 0 0 0 0 0 0 0 0 0 0 0 0 0 0 0 0 0 0 0 0 0 0 0 0 0 0 0 0 0
 0 0 0 0 0 0 0 0 0 0 0 0 0 0 0 0 0 0 0 0 0 0 0 0 1 0 0 0 0 0 0 0 0 0 0 0 0
 0 0 0 0 0 0 0 0 0 0 0 0 0 0 0 0 0 0 0 0 0 0 0 0 0 0 0 0 0 0 0 0 0 0 0 0 0
 0 0 0 0 0 0 0 0 0 0 0 0 0 0 0 0 0 0 0 0 0 0 0 0 0 0 0 0 0 0 0 0 0 0 0 0 0
 0 0 0 0 0 0 0 0 0 0 0 0 0 0 0 0 0 0 0 0 0 0 0 0 0 0 0 0 0 0 0 0 0 0 0 0 0
 0 0 0 0 0 0 0 0 0 0 0 0 0 0 0 0 0 0 0 0 0 0 0 0 0 0 0 0 0 0 0 0 0 0 0 0 0
 0 0 0 0 0 0 0 0 0 0 0 0 0 0 0 0 0 0 0 0 0 0 0 0 0 0 0 0 0 0 0 0 0 0 0 0 0
 0 0 0 0 0 0 0 0 0 0 0 0 0 0 0 0 0 0 0 0 0 0 0 0 0 0 0 0 0 0 0 0 0 0 0 0 0
 0 0 0 0 0 0 0 0 0 0 0 0 0 0 0 0 0 0 0 0 0 0 0 0 0 0 0 0 0 0 0 0 0 0 0 0]
(array([209]),)
acccc
[0 0 0 0 0 0 0 0 0 0 0 0 0 0 0 0 0 0 0 0 0 0 0 0 0 0 0 0 0 0 0 0 0 0 0 0 0
 0 0 0 0 0 0 0 0 0 0 0 0 0 0 0 0 0 0 0 0 0 0 0 0 0 0 0 0 0 0 0 0 0 0 0 0 0
 0 0 0 0 0 0 0 0 0 1 0 0 0 0 0 0 0 0 0 0 0 0 0 0 0 0 0 0 0 0 0 0 0 0 0 0 0
 0 0 0 0 0 0 0 0 0 0 0 0 0 0 0 0 0 0 0 0 0 0 0 0 0 0 0 0 0 0 0 0 0 0 0 0 0
 0 0 0 0 0 0 0 0 0 0 0 0 0 0 0 0 0 0 0 0 0 0 0 0 0 0 0 0 0 0 0 0 0 0 0 0 0
 0 0 0 0 0 0 0 0 0 0 0 0 0 0 0 0 0 0 0 0 0 0 0 0 0 0 0 0 0 0 0 0 0 0 0 0 0
 0 0 0 0 0 0 0 0 0 0 0 0 0 0 0 0 0 0 0 0 0 0 0 0 0 0 0 0 0 0 0 0 0 0 0 0 0
 0 0 0 0 0 0 0 0 0 0 0 0 0 0 0 0 0 0 0 0 0 0 0 0 0 0 0 0 0 0 0 0 0 0 0 0 0
 0 0 0 0 0 0 0 0 0 0 0 0 0 0 0 0 0 0 0 0 0 0 0 0 0 0 0 0 0 0 0 0 0 0 0 0 0
 0 0 0 0 0 0 0 0 0 0 0 0 0 0 0 0 0 0 0 0 0 0 0 0 0 0 0 0 0 0 0 0 0 0 0 0 0
 0 0 0 0 0 0 0 0 0 0 0 0 0 0 0 0 0 0 0 0 0 0 0 0 0 0 0 0 0 0 0 0 0 0 0 0 0
 0 0 0 0 0 0 0 0 0 0 0 0 0 0 0 0 0 0 0 0 0 0 0 0 0 0 0 0 0 0 0 0 0 0 0 0 0
 0 0 0 0 0 0 0 0 0 0 0 0 0 0 0 0 0 0 0 0 0 0 0 0 0 0 0 0 0 0 0 0 0 0 0 0]
(array([83]),)
acccc
[0 0 0 0 0 0 0 0 0 0 0 0 0 0 0 0 0 0 0 0 0 0 0 0 0 0 0 0 0 0 0 0 0 0 0 0 0
 0 0 0 0 0 0 0 0 0 0 0 0 0 0 0 0 0 0 0 0 0 0 0 0 0 0 0 0 0 0 0 0 0 0 0 0 0
 0 0 0 0 0 0 0 0 0 0 0 0 0 0 0 0 0 0 0 0 0 0 0 0 0 0 0 0 0 0 0 0 0 0 0 0 0
 0 0 0 0 0 0 0 0 0 0 0 0 0 0 0 0 0 0 0 0 0 0 0 0 0 0 0 0 0 0 0 0 0 0 0 0 0
 0 0 0 0 0 0 0 0 0 0 0 0 0 0 0 0 0 0 0 0 0 0 0 0 0 0 0 0 0 0 0 0 0 0 0 0 0
 0 0 0 0 0 0 0 0 0 0 0 0 0 0 0 0 0 0 0 0 0 0 0 0 0 0 0 0 0 0 0 0 0 0 0 0 0
 0 0 0 0 0 0 0 0 0 0 0 0 0 0 0 0 0 0 0 0 0 0 0 0 0 0 0 0 0 0 0 0 0 0 0 0 0
 0 0 0 0 0 0 0 0 0 0 0 0 0 0 0 0 0 0 0 0 0 0 0 0 0 0 0 0 0 0 0 0 0 0 0 0 0
 0 0 0 0 0 0 0 0 0 0 0 0 0 0 0 0 0 0 0 0 0 0 0 0 0 0 0 0 0 0 0 0 0 0 0 0 0
 0 0 0 0 0 0 0 0 0 0 0 0 0 0 0 0 0 0 0 0 0 0 0 0 0 0 0 0 0 0 0 0 0 0 0 0 0
 0 0 0 0 0 0 0 0 0 0 0 0 0 0 0 0 0 0 0 0 0 0 0 0 0 0 0 0 0 0 0 0 0 0 0 0 0
 0 0 0 0 0 0 0 0 0 0 0 0 0 0 0 0 0 0 0 0 0 0 0 0 0 0 0 0 0 0 0 0 1 0 0 0 0
 0 0 0 0 0 0 0 0 0 0 0 0 0 0 0 0 0 0 0 0 0 0 0 0 0 0 0 0 0 0 0 0 0 0 0 0]
(array([439]),)
