Default float: float32
{'mode': 'learn', 'disks': 4, 'towers': 4, 'num_examples': 5000, 'aeclass': 'CubeSpaceAE_AMA4Conv', 'comment': 'kltune2', 'hash': 'radiant-sweep-15-ReviewedACTIONS'}
(5000, 2, 4, 16, 3)
normalized shape: (4, 16, 3) (4, 16, 3)
typetr0
<class 'numpy.ndarray'>
(5000, 2, 4, 16, 3)
theparameters0000000000000000
{'test_noise': False, 'test_hard': True, 'train_noise': True, 'train_hard': False, 'dropout_z': False, 'noise': 0.2, 'dropout': 0.2, 'optimizer': 'radam', 'min_temperature': 0.5, 'epoch': 2000, 'gs_annealing_start': 0, 'gs_annealing_end': 1000, 'kl_cycle_start': 2000, 'clipnorm': 0.1, 'batch_size': [400], 'lr': [0.001], 'N': [50, 100, 300], 'zerosuppress': 0.1, 'densify': False, 'max_temperature': [5.0], 'conv_channel': [32], 'conv_channel_increment': [1], 'conv_kernel': [5], 'conv_pooling': [1], 'conv_per_pooling': [1], 'conv_depth': [3], 'fc_width': [100], 'fc_depth': [2], 'A': [6000], 'aae_activation': ['relu'], 'aae_width': [1000], 'aae_depth': [2], 'eff_regularizer': [None], 'beta_d': [1, 10, 100, 1000, 10000], 'beta_z': [1, 10], 'output': 'GaussianOutput(sigma=0.1)'}
samples/hanoi_4_4_5000_CubeSpaceAE_AMA4Conv/logs/radiant-sweep-15-ReviewedACTIONS
MEAN !!!

(4, 16, 3)
thetassssk
hanoi
<function hanoi at 0x7ff456700f70>
lil
Namespace(aeclass='CubeSpaceAE_AMA4Conv', comment='kltune2', disks=4, hash='radiant-sweep-15-ReviewedACTIONS', mode='learn', num_examples=5000, towers=4)
4
4
5000
all possible combis
12

[[0, 1], [0, 2], [0, 3], [1, 0], [1, 2], [1, 3], [2, 0], [2, 1], [2, 3], [3, 0], [3, 1], [3, 2]]
[[0, 0, 1, 1], [0, 0, 1, 321], [0, 0, 1, 31], [0, 0, 1, 21], [0, 0, 1, 2], [0, 0, 1, 32], [0, 0, 1, 3], [0, 0, 1, 9], [1, 0, 1, 2], [1, 0, 1, 32], [1, 0, 1, 3], [1, 0, 1, 9], [2, 0, 1, 3], [2, 0, 1, 9], [3, 0, 1, 9], [0, 0, 2, 1], [0, 0, 2, 321], [0, 0, 2, 31], [0, 0, 2, 21], [0, 0, 2, 2], [0, 0, 2, 32], [0, 0, 2, 3], [0, 0, 2, 9], [1, 0, 2, 2], [1, 0, 2, 32], [1, 0, 2, 3], [1, 0, 2, 9], [2, 0, 2, 3], [2, 0, 2, 9], [3, 0, 2, 9], [0, 0, 3, 1], [0, 0, 3, 321], [0, 0, 3, 31], [0, 0, 3, 21], [0, 0, 3, 2], [0, 0, 3, 32], [0, 0, 3, 3], [0, 0, 3, 9], [1, 0, 3, 2], [1, 0, 3, 32], [1, 0, 3, 3], [1, 0, 3, 9], [2, 0, 3, 3], [2, 0, 3, 9], [3, 0, 3, 9], [0, 1, 0, 1], [0, 1, 0, 321], [0, 1, 0, 31], [0, 1, 0, 21], [0, 1, 0, 2], [0, 1, 0, 32], [0, 1, 0, 3], [0, 1, 0, 9], [1, 1, 0, 2], [1, 1, 0, 32], [1, 1, 0, 3], [1, 1, 0, 9], [2, 1, 0, 3], [2, 1, 0, 9], [3, 1, 0, 9], [0, 1, 2, 1], [0, 1, 2, 321], [0, 1, 2, 31], [0, 1, 2, 21], [0, 1, 2, 2], [0, 1, 2, 32], [0, 1, 2, 3], [0, 1, 2, 9], [1, 1, 2, 2], [1, 1, 2, 32], [1, 1, 2, 3], [1, 1, 2, 9], [2, 1, 2, 3], [2, 1, 2, 9], [3, 1, 2, 9], [0, 1, 3, 1], [0, 1, 3, 321], [0, 1, 3, 31], [0, 1, 3, 21], [0, 1, 3, 2], [0, 1, 3, 32], [0, 1, 3, 3], [0, 1, 3, 9], [1, 1, 3, 2], [1, 1, 3, 32], [1, 1, 3, 3], [1, 1, 3, 9], [2, 1, 3, 3], [2, 1, 3, 9], [3, 1, 3, 9], [0, 2, 0, 1], [0, 2, 0, 321], [0, 2, 0, 31], [0, 2, 0, 21], [0, 2, 0, 2], [0, 2, 0, 32], [0, 2, 0, 3], [0, 2, 0, 9], [1, 2, 0, 2], [1, 2, 0, 32], [1, 2, 0, 3], [1, 2, 0, 9], [2, 2, 0, 3], [2, 2, 0, 9], [3, 2, 0, 9], [0, 2, 1, 1], [0, 2, 1, 321], [0, 2, 1, 31], [0, 2, 1, 21], [0, 2, 1, 2], [0, 2, 1, 32], [0, 2, 1, 3], [0, 2, 1, 9], [1, 2, 1, 2], [1, 2, 1, 32], [1, 2, 1, 3], [1, 2, 1, 9], [2, 2, 1, 3], [2, 2, 1, 9], [3, 2, 1, 9], [0, 2, 3, 1], [0, 2, 3, 321], [0, 2, 3, 31], [0, 2, 3, 21], [0, 2, 3, 2], [0, 2, 3, 32], [0, 2, 3, 3], [0, 2, 3, 9], [1, 2, 3, 2], [1, 2, 3, 32], [1, 2, 3, 3], [1, 2, 3, 9], [2, 2, 3, 3], [2, 2, 3, 9], [3, 2, 3, 9], [0, 3, 0, 1], [0, 3, 0, 321], [0, 3, 0, 31], [0, 3, 0, 21], [0, 3, 0, 2], [0, 3, 0, 32], [0, 3, 0, 3], [0, 3, 0, 9], [1, 3, 0, 2], [1, 3, 0, 32], [1, 3, 0, 3], [1, 3, 0, 9], [2, 3, 0, 3], [2, 3, 0, 9], [3, 3, 0, 9], [0, 3, 1, 1], [0, 3, 1, 321], [0, 3, 1, 31], [0, 3, 1, 21], [0, 3, 1, 2], [0, 3, 1, 32], [0, 3, 1, 3], [0, 3, 1, 9], [1, 3, 1, 2], [1, 3, 1, 32], [1, 3, 1, 3], [1, 3, 1, 9], [2, 3, 1, 3], [2, 3, 1, 9], [3, 3, 1, 9], [0, 3, 2, 1], [0, 3, 2, 321], [0, 3, 2, 31], [0, 3, 2, 21], [0, 3, 2, 2], [0, 3, 2, 32], [0, 3, 2, 3], [0, 3, 2, 9], [1, 3, 2, 2], [1, 3, 2, 32], [1, 3, 2, 3], [1, 3, 2, 9], [2, 3, 2, 3], [2, 3, 2, 9], [3, 3, 2, 9]]
lolilol
180
leeeeeeeeeeen
10000
ici
[1 2 0 3]

[3 2 0 3]


[1 2 0 3]
[3 2 0 3]

1
3
[[1 3]
 [2 0]
 [3 2]
 [0 1]
 [1 0]]
[[0 1 3]
 [0 2 0]
 [0 3 2]
 [3 0 1]
 [0 1 0]]
[[0 1 3 3]
 [0 2 0 9]
 [0 3 2 1]
 [3 0 1 9]
 [0 1 0 1]]
all_actions
10000
DICC
{'[0 1 3 3]': 53, '[0 2 0 9]': 202, '[0 3 2 1]': 61, '[3 0 1 9]': 52, '[0 1 0 1]': 60, '[0 1 3 9]': 212, '[0 2 3 1]': 76, '[1 2 0 3]': 44, '[0 2 3 9]': 192, '[1 2 3 3]': 44, '[ 0  1  0 31]': 27, '[2 0 3 9]': 92, '[0 3 1 1]': 66, '[2 3 2 3]': 25, '[1 3 1 9]': 139, '[ 0  1  3 21]': 26, '[0 0 3 9]': 211, '[3 3 1 9]': 56, '[2 1 3 3]': 22, '[0 0 1 9]': 185, '[2 3 0 9]': 90, '[0 0 1 1]': 59, '[2 0 2 9]': 73, '[2 1 3 9]': 80, '[0 0 2 2]': 82, '[1 0 1 9]': 149, '[ 0  1  2 32]': 20, '[1 2 3 9]': 119, '[ 0  0  2 31]': 19, '[0 2 1 2]': 48, '[1 2 1 2]': 36, '[0 2 1 3]': 55, '[0 3 1 9]': 223, '[ 1  2  0 32]': 9, '[1 2 3 2]': 37, '[2 2 1 3]': 27, '[0 3 2 2]': 53, '[2 1 0 3]': 28, '[ 0  3  2 32]': 16, '[1 1 2 9]': 125, '[3 2 3 9]': 61, '[1 3 1 2]': 42, '[0 0 2 3]': 71, '[1 1 0 9]': 136, '[0 0 2 9]': 184, '[0 3 2 9]': 210, '[2 3 2 9]': 78, '[1 3 0 9]': 124, '[0 1 2 9]': 192, '[2 2 1 9]': 80, '[ 0  0  2 32]': 23, '[2 1 2 9]': 76, '[1 3 2 9]': 162, '[2 0 1 9]': 66, '[2 1 2 3]': 25, '[2 0 3 3]': 16, '[ 0  2  0 31]': 22, '[3 0 3 9]': 60, '[0 1 0 3]': 67, '[1 2 1 9]': 123, '[0 3 0 1]': 54, '[0 2 1 9]': 195, '[3 2 0 9]': 63, '[0 3 1 2]': 52, '[3 3 2 9]': 55, '[2 3 1 9]': 107, '[0 1 0 2]': 71, '[ 0  2  1 32]': 20, '[2 2 3 9]': 71, '[1 0 1 2]': 37, '[1 0 3 9]': 137, '[1 3 1 3]': 39, '[0 0 2 1]': 61, '[3 0 2 9]': 50, '[1 0 2 2]': 30, '[0 3 0 9]': 199, '[0 3 2 3]': 56, '[1 3 0 2]': 36, '[1 0 2 9]': 109, '[0 1 3 1]': 63, '[1 1 2 3]': 46, '[2 1 0 9]': 97, '[3 1 0 9]': 64, '[0 1 2 1]': 59, '[1 2 0 2]': 49, '[ 0  2  3 31]': 16, '[  0   3   2 321]': 10, '[1 3 2 2]': 40, '[ 0  1  2 31]': 22, '[0 3 0 3]': 65, '[0 2 0 2]': 54, '[3 2 1 9]': 59, '[0 0 3 1]': 67, '[1 1 2 2]': 38, '[ 1  1  0 32]': 17, '[  0   1   3 321]': 7, '[1 1 0 3]': 29, '[0 1 3 2]': 54, '[0 2 0 3]': 57, '[1 1 3 2]': 30, '[0 1 0 9]': 187, '[ 0  0  3 32]': 22, '[0 2 3 3]': 48, '[0 2 1 1]': 48, '[1 1 3 9]': 112, '[ 0  0  1 21]': 27, '[3 1 3 9]': 63, '[ 0  2  3 32]': 22, '[0 3 0 2]': 68, '[ 0  0  3 31]': 25, '[ 1  3  0 32]': 16, '[2 3 0 3]': 23, '[ 0  0  1 32]': 23, '[ 0  3  1 21]': 16, '[1 2 0 9]': 134, '[1 0 3 3]': 33, '[1 1 3 3]': 39, '[ 0  1  3 31]': 22, '[1 1 0 2]': 41, '[0 1 2 3]': 58, '[0 3 1 3]': 63, '[0 0 3 3]': 57, '[ 0  3  1 31]': 39, '[1 0 3 2]': 45, '[ 0  1  2 21]': 23, '[0 0 1 2]': 56, '[1 3 0 3]': 44, '[3 1 2 9]': 56, '[1 3 2 3]': 29, '[ 0  2  1 31]': 16, '[0 0 3 2]': 62, '[2 2 0 3]': 36, '[0 0 1 3]': 55, '[2 2 0 9]': 91, '[2 2 3 3]': 28, '[ 0  3  1 32]': 8, '[ 1  1  3 32]': 15, '[ 0  2  0 21]': 25, '[1 0 2 3]': 40, '[ 1  3  2 32]': 18, '[ 1  0  1 32]': 19, '[ 0  1  0 32]': 25, '[1 0 1 3]': 35, '[ 1  0  2 32]': 15, '[0 2 0 1]': 53, '[ 0  2  0 32]': 14, '[  0   2   3 321]': 5, '[ 1  3  1 32]': 14, '[ 0  2  1 21]': 17, '[  0   1   0 321]': 5, '[1 2 1 3]': 43, '[2 0 2 3]': 24, '[ 0  3  0 31]': 22, '[2 0 1 3]': 17, '[0 1 2 2]': 51, '[ 0  3  0 32]': 17, '[3 3 0 9]': 37, '[0 2 3 2]': 56, '[ 1  2  1 32]': 11, '[ 0  3  0 21]': 24, '[ 1  2  3 32]': 10, '[ 0  3  2 21]': 15, '[2 3 1 3]': 24, '[  0   0   2 321]': 8, '[ 0  3  2 31]': 24, '[ 1  1  2 32]': 12, '[ 0  0  3 21]': 12, '[ 0  2  3 21]': 18, '[ 1  0  3 32]': 8, '[ 0  1  3 32]': 14, '[  0   2   0 321]': 8, '[  0   0   1 321]': 8, '[  0   0   3 321]': 9, '[  0   1   2 321]': 12, '[ 0  1  0 21]': 26, '[  0   2   1 321]': 10, '[ 0  0  1 31]': 16, '[ 0  0  2 21]': 23, '[  0   3   1 321]': 8, '[  0   3   0 321]': 2}
180
tensor([ 59,   8,  16,  27,  56,  23,  55, 185,  37,  19,  35, 149,  17,  66,
         52,  61,   8,  19,  23,  82,  23,  71, 184,  30,  15,  40, 109,  24,
         73,  50,  67,   9,  25,  12,  62,  22,  57, 211,  45,   8,  33, 137,
         16,  92,  60,  60,   5,  27,  26,  71,  25,  67, 187,  41,  17,  29,
        136,  28,  97,  64,  59,  12,  22,  23,  51,  20,  58, 192,  38,  12,
         46, 125,  25,  76,  56,  63,   7,  22,  26,  54,  14,  53, 212,  30,
         15,  39, 112,  22,  80,  63,  53,   8,  22,  25,  54,  14,  57, 202,
         49,   9,  44, 134,  36,  91,  63,  48,  10,  16,  17,  48,  20,  55,
        195,  36,  11,  43, 123,  27,  80,  59,  76,   5,  16,  18,  56,  22,
         48, 192,  37,  10,  44, 119,  28,  71,  61,  54,   2,  22,  24,  68,
         17,  65, 199,  36,  16,  44, 124,  23,  90,  37,  66,   8,  39,  16,
         52,   8,  63, 223,  42,  14,  39, 139,  24, 107,  56,  61,  10,  24,
         15,  53,  16,  56, 210,  40,  18,  29, 162,  25,  78,  55])
180
theconfs
[1 2 0 3]
[3 2 0 3]
all_combis
[0, 1, 0, 31]
