nouveau
samples/hanoi_4_4_5000_CubeSpaceAE_AMA4Conv/logs/hanoi-4-4-radiant-sweep-15-ReviewedACTIONS-Stack/domain.pddl
hanoi-4-4
Default float: float32
in ama3-planner 1
samples/hanoi_4_4_5000_CubeSpaceAE_AMA4Conv/logs/hanoi-4-4-radiant-sweep-15-ReviewedACTIONS-Stack
@[     0.483 +     0.483] loaded puzzle
washere1
Loading networks from samples/hanoi_4_4_5000_CubeSpaceAE_AMA4Conv/logs/hanoi-4-4-radiant-sweep-15-ReviewedACTIONS-Stack/ (with failure allowed)
washere3
inbuild0
(([None, 180],),)
Building networks
inbuild1
(([None, 180],),)
_build_around3
([None, 180],)
_build_around5
([None, 180],)
_build_around2
([None, 180],)
_build_around1
()
building a convolutional encoder
pool per layer: 1 depth: 2 total pool: 1 H: 4 W: 16 dH: 0 dW: 0
<keras.layers.convolutional.Conv2D object at 0x7f8e56ea6220>
[0, 4, 16, 3] -> (0, 4, 16, 32) : <keras.layers.convolutional.Conv2D object at 0x7f8e56ea6220>
<keras.layers.normalization.BatchNormalization object at 0x7f8d98586f40>
(0, 4, 16, 32) -> (0, 4, 16, 32) : <keras.layers.normalization.BatchNormalization object at 0x7f8d98586f40>
<keras.layers.core.Dropout object at 0x7f8d98586df0>
(0, 4, 16, 32) -> (0, 4, 16, 32) : <keras.layers.core.Dropout object at 0x7f8d98586df0>
<keras.layers.convolutional.Conv2D object at 0x7f8d985863d0>
(0, 4, 16, 32) -> (0, 4, 16, 32) : <keras.layers.convolutional.Conv2D object at 0x7f8d985863d0>
<keras.layers.normalization.BatchNormalization object at 0x7f8d98586a00>
(0, 4, 16, 32) -> (0, 4, 16, 32) : <keras.layers.normalization.BatchNormalization object at 0x7f8d98586a00>
<keras.layers.core.Dropout object at 0x7f8d98586be0>
(0, 4, 16, 32) -> (0, 4, 16, 32) : <keras.layers.core.Dropout object at 0x7f8d98586be0>
latent space shape is (4, 16, 32) : 300 propositions in total
building a convolutional decoder
pool per layer: 1 depth: 2 total pool: 1 H: 4 W: 16 dH: 0 dW: 0
<keras.layers.core.Reshape object at 0x7f8d98513310>
[0, 4, 16, 32] -> (0, 4, 16, 32) : <keras.layers.core.Reshape object at 0x7f8d98513310>
<keras.layers.convolutional.Conv2DTranspose object at 0x7f8d98513220>
(0, 4, 16, 32) -> (0, 4, 16, 32) : <keras.layers.convolutional.Conv2DTranspose object at 0x7f8d98513220>
<keras.layers.normalization.BatchNormalization object at 0x7f8d98513d30>
(0, 4, 16, 32) -> (0, 4, 16, 32) : <keras.layers.normalization.BatchNormalization object at 0x7f8d98513d30>
<keras.layers.core.Dropout object at 0x7f8d98513ca0>
(0, 4, 16, 32) -> (0, 4, 16, 32) : <keras.layers.core.Dropout object at 0x7f8d98513ca0>
<keras.layers.convolutional.Conv2DTranspose object at 0x7f8d98513c70>
(0, 4, 16, 32) -> (0, 4, 16, 3) : <keras.layers.convolutional.Conv2DTranspose object at 0x7f8d98513c70>
gggggg00000
((4, 16, 3),)
eff 0
uhuhihh
(?, 2, 4, 16, 3)
this apply3
[<latplan.util.layers.MyFlatten object at 0x7f8d98532670>, <keras.layers.core.Dense object at 0x7f8d985326a0>, <keras.layers.normalization.BatchNormalization object at 0x7f8d985327f0>]
Network built
Building auxiliary networks
this apply3
[<latplan.util.layers.MyFlatten object at 0x7f8d98532670>, <keras.layers.core.Dense object at 0x7f8d985326a0>, <keras.layers.normalization.BatchNormalization object at 0x7f8d985327f0>]
Auxiliary network built
washere4
samples/hanoi_4_4_5000_CubeSpaceAE_AMA4Conv/logs/hanoi-4-4-radiant-sweep-15-ReviewedACTIONS-Stack/net0.h5
loading additional networks
onestla2
washere5
samples/hanoi_4_4_5000_CubeSpaceAE_AMA4Conv/logs/hanoi-4-4-radiant-sweep-15-ReviewedACTIONS-Stack/p_a_z0_net.npz
Network loaded
@[     3.678 +     3.195] loaded sae
<latplan.model.ConvolutionalConcreteDetNormalizedLogitAddBidirectionalTransitionAEPlus object at 0x7f8e56e9bfa0>
sub_problem_dir
samples/hanoi_4_4_5000_CubeSpaceAE_AMA4Conv/logs/hanoi-4-4-radiant-sweep-15-ReviewedACTIONS-Stack//hanoi-4-4/007-012
in ama3-planner 2
@[     3.678 +     0.000] loaded puzzle 2
@[     3.678 +     0.000] loading init/goal
IIIMMMMM
(4, 16, 3)
IIMMMM222
(4, 16, 3)
normalize11111
(4, 16, 3)
(4, 16, 3)
meanshape
IIMMMM333
(4, 16, 3)
[[[-0.043 -0.043 -0.043]
  [-0.043 -0.043 -0.043]
  [-0.043 -0.043 -0.043]
  [-0.043 -0.043 -0.043]
  [-0.044 -0.044 -0.044]
  [-0.044 -0.044 -0.044]
  [-0.044 -0.044 -0.044]
  [-0.044 -0.044 -0.044]
  [-0.053 -0.053 -0.053]
  [-0.053 -0.053 -0.053]
  [-0.053 -0.053 -0.053]
  [-0.053 -0.053 -0.053]
  [-0.036 -0.036 -0.036]
  [-0.036 -0.036 -0.036]
  [-0.036 -0.036 -0.036]
  [-0.036 -0.036 -0.036]]

 [[-0.228 -0.148 -0.148]
  [-0.228 -0.148 -0.148]
  [-0.228 -0.148 -0.148]
  [-0.228 -0.148 -0.148]
  [-0.216 -0.125 -0.125]
  [-0.216 -0.125 -0.125]
  [-0.216 -0.125 -0.125]
  [-0.216 -0.125 -0.125]
  [-0.235 -0.146 -0.146]
  [-0.235 -0.146 -0.146]
  [-0.235 -0.146 -0.146]
  [-0.235 -0.146 -0.146]
  [-0.219 -0.155 -0.155]
  [-0.219 -0.155 -0.155]
  [-0.219 -0.155 -0.155]
  [-0.219 -0.155 -0.155]]

 [[1.933 -1.299 -1.226]
  [1.933 -1.299 -1.226]
  [1.933 -1.299 -1.226]
  [1.933 -1.299 -1.226]
  [-0.416 -0.314 -0.125]
  [-0.416 -0.314 -0.125]
  [-0.416 -0.314 -0.125]
  [-0.416 -0.314 -0.125]
  [-0.396 -0.316 -0.109]
  [-0.396 -0.316 -0.109]
  [-0.396 -0.316 -0.109]
  [-0.396 -0.316 -0.109]
  [-0.410 -0.303 -0.106]
  [-0.410 -0.303 -0.106]
  [-0.410 -0.303 -0.106]
  [-0.410 -0.303 -0.106]]

 [[-0.832 -0.934 1.287]
  [-0.832 -0.934 1.287]
  [-0.832 -0.934 1.287]
  [-0.832 -0.934 1.287]
  [-0.134 -0.233 -0.373]
  [-0.134 -0.233 -0.373]
  [-0.134 -0.233 -0.373]
  [-0.134 -0.233 -0.373]
  [-0.855 1.473 -1.052]
  [-0.855 1.473 -1.052]
  [-0.855 1.473 -1.052]
  [-0.855 1.473 -1.052]
  [1.664 1.490 1.293]
  [1.664 1.490 1.293]
  [1.664 1.490 1.293]
  [1.664 1.490 1.293]]]
IMAGE SHAPE
(4, 16, 3)
daata
1
<class 'numpy.ndarray'>
(4, 16, 3)
init (input) min: -1.298591317168553 max: 1.9326298617399686
init (recon) min: -1.2202827 max: 1.8524936
init MSE: 0.00215905572013132
puuutttaaaiiinnnn
(4, 16, 3)
IIIMMMMM
(4, 16, 3)
IIMMMM222
(4, 16, 3)
normalize11111
(4, 16, 3)
(4, 16, 3)
meanshape
IIMMMM333
(4, 16, 3)
[[[-0.043 -0.043 -0.043]
  [-0.043 -0.043 -0.043]
  [-0.043 -0.043 -0.043]
  [-0.043 -0.043 -0.043]
  [-0.044 -0.044 -0.044]
  [-0.044 -0.044 -0.044]
  [-0.044 -0.044 -0.044]
  [-0.044 -0.044 -0.044]
  [-0.053 -0.053 -0.053]
  [-0.053 -0.053 -0.053]
  [-0.053 -0.053 -0.053]
  [-0.053 -0.053 -0.053]
  [19.586 19.586 19.586]
  [19.586 19.586 19.586]
  [19.586 19.586 19.586]
  [19.586 19.586 19.586]]

 [[-0.228 -0.148 -0.148]
  [-0.228 -0.148 -0.148]
  [-0.228 -0.148 -0.148]
  [-0.228 -0.148 -0.148]
  [-0.216 -0.125 -0.125]
  [-0.216 -0.125 -0.125]
  [-0.216 -0.125 -0.125]
  [-0.216 -0.125 -0.125]
  [-0.235 -0.146 -0.146]
  [-0.235 -0.146 -0.146]
  [-0.235 -0.146 -0.146]
  [-0.235 -0.146 -0.146]
  [4.498 -2.265 -2.265]
  [4.498 -2.265 -2.265]
  [4.498 -2.265 -2.265]
  [4.498 -2.265 -2.265]]

 [[-0.413 -0.324 -0.119]
  [-0.413 -0.324 -0.119]
  [-0.413 -0.324 -0.119]
  [-0.413 -0.324 -0.119]
  [-0.416 -0.314 -0.125]
  [-0.416 -0.314 -0.125]
  [-0.416 -0.314 -0.125]
  [-0.416 -0.314 -0.125]
  [-0.396 -0.316 -0.109]
  [-0.396 -0.316 -0.109]
  [-0.396 -0.316 -0.109]
  [-0.396 -0.316 -0.109]
  [-1.363 2.182 -1.241]
  [-1.363 2.182 -1.241]
  [-1.363 2.182 -1.241]
  [-1.363 2.182 -1.241]]

 [[-0.116 -0.252 -0.373]
  [-0.116 -0.252 -0.373]
  [-0.116 -0.252 -0.373]
  [-0.116 -0.252 -0.373]
  [-0.134 -0.233 -0.373]
  [-0.134 -0.233 -0.373]
  [-0.134 -0.233 -0.373]
  [-0.134 -0.233 -0.373]
  [-0.145 -0.240 -0.384]
  [-0.145 -0.240 -0.384]
  [-0.145 -0.240 -0.384]
  [-0.145 -0.240 -0.384]
  [-0.847 -0.925 1.293]
  [-0.847 -0.925 1.293]
  [-0.847 -0.925 1.293]
  [-0.847 -0.925 1.293]]]
IMAGE SHAPE
(4, 16, 3)
daata
1
<class 'numpy.ndarray'>
(4, 16, 3)
goal (input) min: -2.2646769324687193 max: 19.586101822857284
goal (recon) min: -2.2599142 max: 19.85472
goal MSE: 0.012678180540112964
puuutttaaaiiinnnn
(4, 16, 3)
inplot
(4, 4, 16, 3)
(4, 16, 3)
[[[-0.043 -0.043 -0.043]
  [-0.043 -0.043 -0.043]
  [-0.043 -0.043 -0.043]
  [-0.043 -0.043 -0.043]
  [-0.044 -0.044 -0.044]
  [-0.044 -0.044 -0.044]
  [-0.044 -0.044 -0.044]
  [-0.044 -0.044 -0.044]
  [-0.053 -0.053 -0.053]
  [-0.053 -0.053 -0.053]
  [-0.053 -0.053 -0.053]
  [-0.053 -0.053 -0.053]
  [-0.036 -0.036 -0.036]
  [-0.036 -0.036 -0.036]
  [-0.036 -0.036 -0.036]
  [-0.036 -0.036 -0.036]]

 [[-0.228 -0.148 -0.148]
  [-0.228 -0.148 -0.148]
  [-0.228 -0.148 -0.148]
  [-0.228 -0.148 -0.148]
  [-0.216 -0.125 -0.125]
  [-0.216 -0.125 -0.125]
  [-0.216 -0.125 -0.125]
  [-0.216 -0.125 -0.125]
  [-0.235 -0.146 -0.146]
  [-0.235 -0.146 -0.146]
  [-0.235 -0.146 -0.146]
  [-0.235 -0.146 -0.146]
  [-0.219 -0.155 -0.155]
  [-0.219 -0.155 -0.155]
  [-0.219 -0.155 -0.155]
  [-0.219 -0.155 -0.155]]

 [[1.933 -1.299 -1.226]
  [1.933 -1.299 -1.226]
  [1.933 -1.299 -1.226]
  [1.933 -1.299 -1.226]
  [-0.416 -0.314 -0.125]
  [-0.416 -0.314 -0.125]
  [-0.416 -0.314 -0.125]
  [-0.416 -0.314 -0.125]
  [-0.396 -0.316 -0.109]
  [-0.396 -0.316 -0.109]
  [-0.396 -0.316 -0.109]
  [-0.396 -0.316 -0.109]
  [-0.410 -0.303 -0.106]
  [-0.410 -0.303 -0.106]
  [-0.410 -0.303 -0.106]
  [-0.410 -0.303 -0.106]]

 [[-0.832 -0.934 1.287]
  [-0.832 -0.934 1.287]
  [-0.832 -0.934 1.287]
  [-0.832 -0.934 1.287]
  [-0.134 -0.233 -0.373]
  [-0.134 -0.233 -0.373]
  [-0.134 -0.233 -0.373]
  [-0.134 -0.233 -0.373]
  [-0.855 1.473 -1.052]
  [-0.855 1.473 -1.052]
  [-0.855 1.473 -1.052]
  [-0.855 1.473 -1.052]
  [1.664 1.490 1.293]
  [1.664 1.490 1.293]
  [1.664 1.490 1.293]
  [1.664 1.490 1.293]]]
daata
4
<class 'numpy.ndarray'>
(4, 16, 3)
ZZZZBEFORE
(4, 300)
[[0.000 0.000 0.000 0.000 0.000 0.000 0.000 0.000 0.000 0.000 0.000 1.000
  1.000 0.000 0.000 0.000 0.000 0.000 0.000 0.000 0.000 0.000 0.000 0.000
  0.000 0.000 0.000 0.000 0.000 1.000 0.000 0.000 0.000 0.000 0.000 0.000
  0.000 0.000 0.000 0.000 0.000 0.000 0.000 0.000 0.000 0.000 0.000 0.000
  0.000 0.000 0.000 0.000 0.000 0.000 1.000 1.000 0.000 1.000 0.000 0.000
  0.000 0.000 0.000 0.000 0.000 0.000 0.000 0.000 0.000 0.000 0.000 0.000
  1.000 0.000 0.000 0.000 1.000 1.000 0.000 0.000 0.000 0.000 0.000 0.000
  0.000 0.000 1.000 1.000 1.000 0.000 0.000 0.000 0.000 0.000 0.000 0.000
  0.000 0.000 0.000 0.000 0.000 0.000 0.000 0.000 1.000 0.000 0.000 0.000
  0.000 0.000 0.000 0.000 0.000 0.000 0.000 0.000 0.000 0.000 0.000 0.000
  0.000 0.000 0.000 0.000 0.000 0.000 0.000 0.000 0.000 0.000 1.000 0.000
  0.000 0.000 0.000 0.000 0.000 0.000 0.000 0.000 0.000 0.000 0.000 0.000
  0.000 0.000 0.000 0.000 0.000 0.000 0.000 0.000 0.000 0.000 1.000 0.000
  0.000 1.000 0.000 0.000 0.000 0.000 0.000 0.000 1.000 0.000 0.000 0.000
  0.000 0.000 0.000 0.000 0.000 0.000 0.000 0.000 1.000 1.000 1.000 1.000
  0.000 0.000 1.000 0.000 0.000 0.000 0.000 0.000 0.000 0.000 0.000 0.000
  0.000 0.000 0.000 0.000 1.000 0.000 0.000 0.000 1.000 0.000 0.000 0.000
  0.000 0.000 0.000 0.000 0.000 0.000 0.000 0.000 0.000 1.000 0.000 0.000
  0.000 0.000 0.000 0.000 0.000 0.000 0.000 0.000 0.000 0.000 0.000 0.000
  0.000 0.000 0.000 0.000 1.000 0.000 0.000 0.000 0.000 0.000 1.000 0.000
  0.000 0.000 0.000 0.000 0.000 0.000 1.000 0.000 0.000 0.000 1.000 0.000
  0.000 0.000 0.000 0.000 0.000 0.000 0.000 0.000 0.000 1.000 0.000 1.000
  0.000 1.000 1.000 0.000 0.000 0.000 0.000 0.000 0.000 0.000 1.000 0.000
  0.000 0.000 0.000 1.000 0.000 0.000 0.000 0.000 0.000 0.000 0.000 0.000
  0.000 0.000 0.000 0.000 0.000 0.000 0.000 1.000 0.000 0.000 0.000 0.000]
 [0.000 0.000 0.000 0.000 0.000 0.000 0.000 0.000 0.000 0.000 0.000 1.000
  1.000 0.000 0.000 0.000 0.000 0.000 0.000 0.000 0.000 0.000 0.000 0.000
  0.000 0.000 0.000 0.000 0.000 1.000 0.000 0.000 0.000 0.000 0.000 0.000
  0.000 0.000 0.000 0.000 0.000 0.000 0.000 0.000 0.000 0.000 0.000 0.000
  0.000 0.000 0.000 0.000 0.000 0.000 1.000 1.000 0.000 1.000 0.000 0.000
  0.000 0.000 0.000 0.000 0.000 0.000 0.000 0.000 0.000 0.000 0.000 0.000
  1.000 0.000 0.000 0.000 1.000 1.000 0.000 0.000 0.000 0.000 0.000 0.000
  0.000 0.000 1.000 1.000 1.000 0.000 0.000 0.000 0.000 0.000 0.000 0.000
  0.000 0.000 0.000 0.000 0.000 0.000 0.000 0.000 1.000 0.000 0.000 0.000
  0.000 0.000 0.000 0.000 0.000 0.000 0.000 0.000 0.000 0.000 0.000 0.000
  0.000 0.000 0.000 0.000 0.000 0.000 0.000 0.000 0.000 0.000 1.000 0.000
  0.000 0.000 0.000 0.000 0.000 0.000 0.000 0.000 0.000 0.000 0.000 0.000
  0.000 0.000 0.000 0.000 0.000 0.000 0.000 0.000 0.000 0.000 1.000 0.000
  0.000 1.000 0.000 0.000 0.000 0.000 0.000 0.000 1.000 0.000 0.000 0.000
  0.000 0.000 0.000 0.000 0.000 0.000 0.000 0.000 1.000 1.000 1.000 1.000
  0.000 0.000 1.000 0.000 0.000 0.000 0.000 0.000 0.000 0.000 0.000 0.000
  0.000 0.000 0.000 0.000 1.000 0.000 0.000 0.000 1.000 0.000 0.000 0.000
  0.000 0.000 0.000 0.000 0.000 0.000 0.000 0.000 0.000 1.000 0.000 0.000
  0.000 0.000 0.000 0.000 0.000 0.000 0.000 0.000 0.000 0.000 0.000 0.000
  0.000 0.000 0.000 0.000 1.000 0.000 0.000 0.000 0.000 0.000 1.000 0.000
  0.000 0.000 0.000 0.000 0.000 0.000 1.000 0.000 0.000 0.000 1.000 0.000
  0.000 0.000 0.000 0.000 0.000 0.000 0.000 0.000 0.000 1.000 0.000 1.000
  0.000 1.000 1.000 0.000 0.000 0.000 0.000 0.000 0.000 0.000 1.000 0.000
  0.000 0.000 0.000 1.000 0.000 0.000 0.000 0.000 0.000 0.000 0.000 0.000
  0.000 0.000 0.000 0.000 0.000 0.000 0.000 1.000 0.000 0.000 0.000 0.000]
 [0.000 0.000 0.000 0.000 0.000 0.000 0.000 0.000 0.000 0.000 0.000 1.000
  1.000 0.000 0.000 0.000 0.000 0.000 0.000 1.000 0.000 0.000 0.000 0.000
  0.000 0.000 0.000 0.000 0.000 1.000 0.000 0.000 0.000 0.000 1.000 0.000
  0.000 0.000 0.000 0.000 0.000 0.000 0.000 0.000 0.000 0.000 0.000 0.000
  0.000 0.000 0.000 0.000 0.000 0.000 1.000 1.000 0.000 1.000 0.000 0.000
  0.000 0.000 0.000 0.000 0.000 0.000 0.000 0.000 0.000 0.000 0.000 0.000
  1.000 0.000 1.000 0.000 1.000 1.000 0.000 0.000 0.000 0.000 0.000 0.000
  0.000 1.000 1.000 1.000 1.000 0.000 0.000 0.000 0.000 1.000 0.000 0.000
  0.000 0.000 0.000 0.000 1.000 0.000 0.000 0.000 1.000 0.000 0.000 0.000
  0.000 0.000 0.000 1.000 0.000 0.000 0.000 0.000 0.000 0.000 0.000 0.000
  0.000 0.000 0.000 0.000 0.000 0.000 0.000 0.000 0.000 0.000 1.000 0.000
  1.000 0.000 1.000 0.000 0.000 0.000 0.000 0.000 0.000 0.000 0.000 0.000
  0.000 0.000 0.000 0.000 0.000 0.000 0.000 0.000 0.000 0.000 1.000 0.000
  1.000 1.000 0.000 0.000 0.000 0.000 0.000 0.000 1.000 0.000 0.000 0.000
  0.000 0.000 0.000 0.000 0.000 0.000 0.000 0.000 0.000 1.000 1.000 1.000
  0.000 0.000 0.000 0.000 0.000 0.000 0.000 0.000 0.000 0.000 0.000 0.000
  0.000 0.000 0.000 0.000 1.000 0.000 0.000 0.000 1.000 0.000 0.000 0.000
  0.000 0.000 0.000 0.000 0.000 0.000 0.000 0.000 0.000 1.000 0.000 0.000
  0.000 0.000 0.000 0.000 0.000 0.000 0.000 0.000 0.000 0.000 0.000 0.000
  0.000 0.000 0.000 0.000 1.000 0.000 0.000 0.000 1.000 0.000 1.000 0.000
  0.000 0.000 1.000 0.000 0.000 0.000 0.000 0.000 0.000 0.000 0.000 0.000
  0.000 0.000 1.000 1.000 0.000 0.000 0.000 0.000 0.000 1.000 0.000 1.000
  0.000 1.000 1.000 0.000 0.000 0.000 0.000 0.000 0.000 1.000 0.000 0.000
  0.000 0.000 0.000 1.000 0.000 0.000 0.000 0.000 0.000 0.000 0.000 0.000
  0.000 0.000 0.000 0.000 0.000 0.000 0.000 0.000 0.000 0.000 0.000 0.000]
 [0.000 0.000 0.000 0.000 0.000 0.000 0.000 0.000 0.000 0.000 0.000 1.000
  1.000 0.000 0.000 0.000 0.000 0.000 0.000 1.000 0.000 0.000 0.000 0.000
  0.000 0.000 0.000 0.000 0.000 1.000 0.000 0.000 0.000 0.000 1.000 0.000
  0.000 0.000 0.000 0.000 0.000 0.000 0.000 0.000 0.000 0.000 0.000 0.000
  0.000 0.000 0.000 0.000 0.000 0.000 1.000 1.000 0.000 1.000 0.000 0.000
  0.000 0.000 0.000 0.000 0.000 0.000 0.000 0.000 0.000 0.000 0.000 0.000
  1.000 0.000 1.000 0.000 1.000 1.000 0.000 0.000 0.000 0.000 0.000 0.000
  0.000 1.000 1.000 1.000 1.000 0.000 0.000 0.000 0.000 1.000 0.000 0.000
  0.000 0.000 0.000 0.000 1.000 0.000 0.000 0.000 1.000 0.000 0.000 0.000
  0.000 0.000 0.000 1.000 0.000 0.000 0.000 0.000 0.000 0.000 0.000 0.000
  0.000 0.000 0.000 0.000 0.000 0.000 0.000 0.000 0.000 0.000 1.000 0.000
  1.000 0.000 1.000 0.000 0.000 0.000 0.000 0.000 0.000 0.000 0.000 0.000
  0.000 0.000 0.000 0.000 0.000 0.000 0.000 0.000 0.000 0.000 1.000 0.000
  1.000 1.000 0.000 0.000 0.000 0.000 0.000 0.000 1.000 0.000 0.000 0.000
  0.000 0.000 0.000 0.000 0.000 0.000 0.000 0.000 0.000 1.000 1.000 1.000
  0.000 0.000 0.000 0.000 0.000 0.000 0.000 0.000 0.000 0.000 0.000 0.000
  0.000 0.000 0.000 0.000 1.000 0.000 0.000 0.000 1.000 0.000 0.000 0.000
  0.000 0.000 0.000 0.000 0.000 0.000 0.000 0.000 0.000 1.000 0.000 0.000
  0.000 0.000 0.000 0.000 0.000 0.000 0.000 0.000 0.000 0.000 0.000 0.000
  0.000 0.000 0.000 0.000 1.000 0.000 0.000 0.000 1.000 0.000 1.000 0.000
  0.000 0.000 1.000 0.000 0.000 0.000 0.000 0.000 0.000 0.000 0.000 0.000
  0.000 0.000 1.000 1.000 0.000 0.000 0.000 0.000 0.000 1.000 0.000 1.000
  0.000 1.000 1.000 0.000 0.000 0.000 0.000 0.000 0.000 1.000 0.000 0.000
  0.000 0.000 0.000 1.000 0.000 0.000 0.000 0.000 0.000 0.000 0.000 0.000
  0.000 0.000 0.000 0.000 0.000 0.000 0.000 0.000 0.000 0.000 0.000 0.000]]
(array([ 11,  12,  29,  54,  55,  57,  72,  76,  77,  86,  87,  88, 104,
       130, 154, 157, 164, 176, 177, 178, 179, 182, 196, 200, 213, 232,
       238, 246, 250, 261, 263, 265, 266, 274, 279, 295]),)
(array([ 11,  12,  29,  54,  55,  57,  72,  76,  77,  86,  87,  88, 104,
       130, 154, 157, 164, 176, 177, 178, 179, 182, 196, 200, 213, 232,
       238, 246, 250, 261, 263, 265, 266, 274, 279, 295]),)
(array([ 11,  12,  19,  29,  34,  54,  55,  57,  72,  74,  76,  77,  85,
        86,  87,  88,  93, 100, 104, 111, 130, 132, 134, 154, 156, 157,
       164, 177, 178, 179, 196, 200, 213, 232, 236, 238, 242, 254, 255,
       261, 263, 265, 266, 273, 279]),)
(array([ 11,  12,  19,  29,  34,  54,  55,  57,  72,  74,  76,  77,  85,
        86,  87,  88,  93, 100, 104, 111, 130, 132, 134, 154, 156, 157,
       164, 177, 178, 179, 196, 200, 213, 232, 236, 238, 242, 254, 255,
       261, 263, 265, 266, 273, 279]),)
inter0
[ 11  12  29  54  55  57  72  76  77  86  87  88 104 130 154 157 164 176
 177 178 179 182 196 200 213 232 238 246 250 261 263 265 266 274 279 295]
inter1
[ 11  12  29  54  55  57  72  76  77  86  87  88 104 130 154 157 164 177
 178 179 196 200 213 232 238 261 263 265 266 279]
inter3
[ 11  12  29  54  55  57  72  76  77  86  87  88 104 130 154 157 164 177
 178 179 196 200 213 232 238 261 263 265 266 279]
daata
4
<class 'numpy.ndarray'>
(4, 16, 3)
ZZZZAFTER
(4, 18, 18)
[[[0.000 0.000 0.000 0.000 0.000 0.000 0.000 0.000 0.000 0.000 0.000
   1.000 1.000 0.000 0.000 0.000 0.000 0.000]
  [0.000 0.000 0.000 0.000 0.000 0.000 0.000 0.000 0.000 0.000 0.000
   1.000 0.000 0.000 0.000 0.000 0.000 0.000]
  [0.000 0.000 0.000 0.000 0.000 0.000 0.000 0.000 0.000 0.000 0.000
   0.000 0.000 0.000 0.000 0.000 0.000 0.000]
  [1.000 1.000 0.000 1.000 0.000 0.000 0.000 0.000 0.000 0.000 0.000
   0.000 0.000 0.000 0.000 0.000 0.000 0.000]
  [1.000 0.000 0.000 0.000 1.000 1.000 0.000 0.000 0.000 0.000 0.000
   0.000 0.000 0.000 1.000 1.000 1.000 0.000]
  [0.000 0.000 0.000 0.000 0.000 0.000 0.000 0.000 0.000 0.000 0.000
   0.000 0.000 0.000 1.000 0.000 0.000 0.000]
  [0.000 0.000 0.000 0.000 0.000 0.000 0.000 0.000 0.000 0.000 0.000
   0.000 0.000 0.000 0.000 0.000 0.000 0.000]
  [0.000 0.000 0.000 0.000 1.000 0.000 0.000 0.000 0.000 0.000 0.000
   0.000 0.000 0.000 0.000 0.000 0.000 0.000]
  [0.000 0.000 0.000 0.000 0.000 0.000 0.000 0.000 0.000 0.000 1.000
   0.000 0.000 1.000 0.000 0.000 0.000 0.000]
  [0.000 0.000 1.000 0.000 0.000 0.000 0.000 0.000 0.000 0.000 0.000
   0.000 0.000 0.000 1.000 1.000 1.000 1.000]
  [0.000 0.000 1.000 0.000 0.000 0.000 0.000 0.000 0.000 0.000 0.000
   0.000 0.000 0.000 0.000 0.000 1.000 0.000]
  [0.000 0.000 1.000 0.000 0.000 0.000 0.000 0.000 0.000 0.000 0.000
   0.000 0.000 0.000 0.000 1.000 0.000 0.000]
  [0.000 0.000 0.000 0.000 0.000 0.000 0.000 0.000 0.000 0.000 0.000
   0.000 0.000 0.000 0.000 0.000 1.000 0.000]
  [0.000 0.000 0.000 0.000 1.000 0.000 0.000 0.000 0.000 0.000 0.000
   0.000 1.000 0.000 0.000 0.000 1.000 0.000]
  [0.000 0.000 0.000 0.000 0.000 0.000 0.000 0.000 0.000 1.000 0.000
   1.000 0.000 1.000 1.000 0.000 0.000 0.000]
  [0.000 0.000 0.000 0.000 1.000 0.000 0.000 0.000 0.000 1.000 0.000
   0.000 0.000 0.000 0.000 0.000 0.000 0.000]
  [0.000 0.000 0.000 0.000 0.000 0.000 0.000 1.000 0.000 0.000 0.000
   0.000 1.000 1.000 1.000 1.000 1.000 1.000]
  [1.000 1.000 1.000 1.000 1.000 1.000 1.000 1.000 1.000 1.000 1.000
   1.000 1.000 1.000 1.000 1.000 1.000 1.000]]

 [[0.000 0.000 0.000 0.000 0.000 0.000 0.000 0.000 0.000 0.000 0.000
   1.000 1.000 0.000 0.000 0.000 0.000 0.000]
  [0.000 0.000 0.000 0.000 0.000 0.000 0.000 0.000 0.000 0.000 0.000
   1.000 0.000 0.000 0.000 0.000 0.000 0.000]
  [0.000 0.000 0.000 0.000 0.000 0.000 0.000 0.000 0.000 0.000 0.000
   0.000 0.000 0.000 0.000 0.000 0.000 0.000]
  [1.000 1.000 0.000 1.000 0.000 0.000 0.000 0.000 0.000 0.000 0.000
   0.000 0.000 0.000 0.000 0.000 0.000 0.000]
  [1.000 0.000 0.000 0.000 1.000 1.000 0.000 0.000 0.000 0.000 0.000
   0.000 0.000 0.000 1.000 1.000 1.000 0.000]
  [0.000 0.000 0.000 0.000 0.000 0.000 0.000 0.000 0.000 0.000 0.000
   0.000 0.000 0.000 1.000 0.000 0.000 0.000]
  [0.000 0.000 0.000 0.000 0.000 0.000 0.000 0.000 0.000 0.000 0.000
   0.000 0.000 0.000 0.000 0.000 0.000 0.000]
  [0.000 0.000 0.000 0.000 1.000 0.000 0.000 0.000 0.000 0.000 0.000
   0.000 0.000 0.000 0.000 0.000 0.000 0.000]
  [0.000 0.000 0.000 0.000 0.000 0.000 0.000 0.000 0.000 0.000 1.000
   0.000 0.000 1.000 0.000 0.000 0.000 0.000]
  [0.000 0.000 1.000 0.000 0.000 0.000 0.000 0.000 0.000 0.000 0.000
   0.000 0.000 0.000 1.000 1.000 1.000 1.000]
  [0.000 0.000 1.000 0.000 0.000 0.000 0.000 0.000 0.000 0.000 0.000
   0.000 0.000 0.000 0.000 0.000 1.000 0.000]
  [0.000 0.000 1.000 0.000 0.000 0.000 0.000 0.000 0.000 0.000 0.000
   0.000 0.000 0.000 0.000 1.000 0.000 0.000]
  [0.000 0.000 0.000 0.000 0.000 0.000 0.000 0.000 0.000 0.000 0.000
   0.000 0.000 0.000 0.000 0.000 1.000 0.000]
  [0.000 0.000 0.000 0.000 1.000 0.000 0.000 0.000 0.000 0.000 0.000
   0.000 1.000 0.000 0.000 0.000 1.000 0.000]
  [0.000 0.000 0.000 0.000 0.000 0.000 0.000 0.000 0.000 1.000 0.000
   1.000 0.000 1.000 1.000 0.000 0.000 0.000]
  [0.000 0.000 0.000 0.000 1.000 0.000 0.000 0.000 0.000 1.000 0.000
   0.000 0.000 0.000 0.000 0.000 0.000 0.000]
  [0.000 0.000 0.000 0.000 0.000 0.000 0.000 1.000 0.000 0.000 0.000
   0.000 1.000 1.000 1.000 1.000 1.000 1.000]
  [1.000 1.000 1.000 1.000 1.000 1.000 1.000 1.000 1.000 1.000 1.000
   1.000 1.000 1.000 1.000 1.000 1.000 1.000]]

 [[0.000 0.000 0.000 0.000 0.000 0.000 0.000 0.000 0.000 0.000 0.000
   1.000 1.000 0.000 0.000 0.000 0.000 0.000]
  [0.000 1.000 0.000 0.000 0.000 0.000 0.000 0.000 0.000 0.000 0.000
   1.000 0.000 0.000 0.000 0.000 1.000 0.000]
  [0.000 0.000 0.000 0.000 0.000 0.000 0.000 0.000 0.000 0.000 0.000
   0.000 0.000 0.000 0.000 0.000 0.000 0.000]
  [1.000 1.000 0.000 1.000 0.000 0.000 0.000 0.000 0.000 0.000 0.000
   0.000 0.000 0.000 0.000 0.000 0.000 0.000]
  [1.000 0.000 1.000 0.000 1.000 1.000 0.000 0.000 0.000 0.000 0.000
   0.000 0.000 1.000 1.000 1.000 1.000 0.000]
  [0.000 0.000 0.000 1.000 0.000 0.000 0.000 0.000 0.000 0.000 1.000
   0.000 0.000 0.000 1.000 0.000 0.000 0.000]
  [0.000 0.000 0.000 1.000 0.000 0.000 0.000 0.000 0.000 0.000 0.000
   0.000 0.000 0.000 0.000 0.000 0.000 0.000]
  [0.000 0.000 0.000 0.000 1.000 0.000 1.000 0.000 1.000 0.000 0.000
   0.000 0.000 0.000 0.000 0.000 0.000 0.000]
  [0.000 0.000 0.000 0.000 0.000 0.000 0.000 0.000 0.000 0.000 1.000
   0.000 1.000 1.000 0.000 0.000 0.000 0.000]
  [0.000 0.000 1.000 0.000 0.000 0.000 0.000 0.000 0.000 0.000 0.000
   0.000 0.000 0.000 0.000 1.000 1.000 1.000]
  [0.000 0.000 0.000 0.000 0.000 0.000 0.000 0.000 0.000 0.000 0.000
   0.000 0.000 0.000 0.000 0.000 1.000 0.000]
  [0.000 0.000 1.000 0.000 0.000 0.000 0.000 0.000 0.000 0.000 0.000
   0.000 0.000 0.000 0.000 1.000 0.000 0.000]
  [0.000 0.000 0.000 0.000 0.000 0.000 0.000 0.000 0.000 0.000 0.000
   0.000 0.000 0.000 0.000 0.000 1.000 0.000]
  [0.000 0.000 1.000 0.000 1.000 0.000 0.000 0.000 1.000 0.000 0.000
   0.000 0.000 0.000 0.000 0.000 0.000 0.000]
  [0.000 0.000 1.000 1.000 0.000 0.000 0.000 0.000 0.000 1.000 0.000
   1.000 0.000 1.000 1.000 0.000 0.000 0.000]
  [0.000 0.000 0.000 1.000 0.000 0.000 0.000 0.000 0.000 1.000 0.000
   0.000 0.000 0.000 0.000 0.000 0.000 0.000]
  [0.000 0.000 0.000 0.000 0.000 0.000 0.000 0.000 0.000 0.000 0.000
   0.000 1.000 1.000 1.000 1.000 1.000 1.000]
  [1.000 1.000 1.000 1.000 1.000 1.000 1.000 1.000 1.000 1.000 1.000
   1.000 1.000 1.000 1.000 1.000 1.000 1.000]]

 [[0.000 0.000 0.000 0.000 0.000 0.000 0.000 0.000 0.000 0.000 0.000
   1.000 1.000 0.000 0.000 0.000 0.000 0.000]
  [0.000 1.000 0.000 0.000 0.000 0.000 0.000 0.000 0.000 0.000 0.000
   1.000 0.000 0.000 0.000 0.000 1.000 0.000]
  [0.000 0.000 0.000 0.000 0.000 0.000 0.000 0.000 0.000 0.000 0.000
   0.000 0.000 0.000 0.000 0.000 0.000 0.000]
  [1.000 1.000 0.000 1.000 0.000 0.000 0.000 0.000 0.000 0.000 0.000
   0.000 0.000 0.000 0.000 0.000 0.000 0.000]
  [1.000 0.000 1.000 0.000 1.000 1.000 0.000 0.000 0.000 0.000 0.000
   0.000 0.000 1.000 1.000 1.000 1.000 0.000]
  [0.000 0.000 0.000 1.000 0.000 0.000 0.000 0.000 0.000 0.000 1.000
   0.000 0.000 0.000 1.000 0.000 0.000 0.000]
  [0.000 0.000 0.000 1.000 0.000 0.000 0.000 0.000 0.000 0.000 0.000
   0.000 0.000 0.000 0.000 0.000 0.000 0.000]
  [0.000 0.000 0.000 0.000 1.000 0.000 1.000 0.000 1.000 0.000 0.000
   0.000 0.000 0.000 0.000 0.000 0.000 0.000]
  [0.000 0.000 0.000 0.000 0.000 0.000 0.000 0.000 0.000 0.000 1.000
   0.000 1.000 1.000 0.000 0.000 0.000 0.000]
  [0.000 0.000 1.000 0.000 0.000 0.000 0.000 0.000 0.000 0.000 0.000
   0.000 0.000 0.000 0.000 1.000 1.000 1.000]
  [0.000 0.000 0.000 0.000 0.000 0.000 0.000 0.000 0.000 0.000 0.000
   0.000 0.000 0.000 0.000 0.000 1.000 0.000]
  [0.000 0.000 1.000 0.000 0.000 0.000 0.000 0.000 0.000 0.000 0.000
   0.000 0.000 0.000 0.000 1.000 0.000 0.000]
  [0.000 0.000 0.000 0.000 0.000 0.000 0.000 0.000 0.000 0.000 0.000
   0.000 0.000 0.000 0.000 0.000 1.000 0.000]
  [0.000 0.000 1.000 0.000 1.000 0.000 0.000 0.000 1.000 0.000 0.000
   0.000 0.000 0.000 0.000 0.000 0.000 0.000]
  [0.000 0.000 1.000 1.000 0.000 0.000 0.000 0.000 0.000 1.000 0.000
   1.000 0.000 1.000 1.000 0.000 0.000 0.000]
  [0.000 0.000 0.000 1.000 0.000 0.000 0.000 0.000 0.000 1.000 0.000
   0.000 0.000 0.000 0.000 0.000 0.000 0.000]
  [0.000 0.000 0.000 0.000 0.000 0.000 0.000 0.000 0.000 0.000 0.000
   0.000 1.000 1.000 1.000 1.000 1.000 1.000]
  [1.000 1.000 1.000 1.000 1.000 1.000 1.000 1.000 1.000 1.000 1.000
   1.000 1.000 1.000 1.000 1.000 1.000 1.000]]]
PLOT ICIIIIIIIIIII
PLOT ICIIIIIIIIIII
PLOT ICIIIIIIIIIII
PLOT ICIIIIIIIIIII
PLOT ICIIIIIIIIIII
PLOT ICIIIIIIIIIII
PLOT ICIIIIIIIIIII
PLOT ICIIIIIIIIIII
PLOT ICIIIIIIIIIII
PLOT ICIIIIIIIIIII
PLOT ICIIIIIIIIIII
PLOT ICIIIIIIIIIII
PLOT ICIIIIIIIIIII
PLOT ICIIIIIIIIIII
PLOT ICIIIIIIIIIII
PLOT ICIIIIIIIIIII
PLOT ICIIIIIIIIIII
PLOT ICIIIIIIIIIII
PLOT ICIIIIIIIIIII
PLOT ICIIIIIIIIIII
PLOT ICIIIIIIIIIII
PLOT ICIIIIIIIIIII
PLOT ICIIIIIIIIIII
PLOT ICIIIIIIIIIII
PLOT ICIIIIIIIIIII
PLOT ICIIIIIIIIIII
PLOT ICIIIIIIIIIII
PLOT ICIIIIIIIIIII
PLOT ICIIIIIIIIIII
PLOT ICIIIIIIIIIII
PLOT ICIIIIIIIIIII
PLOT ICIIIIIIIIIII
samples/hanoi_4_4_5000_CubeSpaceAE_AMA4Conv/logs/hanoi-4-4-radiant-sweep-15-ReviewedACTIONS-Stack//hanoi-4-4/007-012/ama3_samples_hanoi_4_4_5000_CubeSpaceAE_AMA4Conv_logs_hanoi-4-4-radiant-sweep-15-ReviewedACTIONS-Stack_init_goal_reconstruction.1.png
threshold value: 0.25
0 images have some panels which are unlike any panels
2 images have all panels which match exactly 1 panel each
0 images have some panels which match >2 panels
threshold found
0 images have duplicated tiles
2 images have no duplicated tiles
@[     8.157 +     4.479] loaded init/goal
@[     8.157 +     0.000] start planning
@[     8.157 +     0.000] start generating problem
['helper/ama3-problem.sh', 'samples/hanoi_4_4_5000_CubeSpaceAE_AMA4Conv/logs/hanoi-4-4-radiant-sweep-15-ReviewedACTIONS-Stack//hanoi-4-4/007-012/ama3_samples_hanoi_4_4_5000_CubeSpaceAE_AMA4Conv_logs_hanoi-4-4-radiant-sweep-15-ReviewedACTIONS-Stack_domain_blind_problem.ig', 'samples/hanoi_4_4_5000_CubeSpaceAE_AMA4Conv/logs/hanoi-4-4-radiant-sweep-15-ReviewedACTIONS-Stack//hanoi-4-4/007-012/ama3_samples_hanoi_4_4_5000_CubeSpaceAE_AMA4Conv_logs_hanoi-4-4-radiant-sweep-15-ReviewedACTIONS-Stack_domain_blind_problem.pddl']
helper/ama3-problem.sh samples/hanoi_4_4_5000_CubeSpaceAE_AMA4Conv/logs/hanoi-4-4-radiant-sweep-15-ReviewedACTIONS-Stack//hanoi-4-4/007-012/ama3_samples_hanoi_4_4_5000_CubeSpaceAE_AMA4Conv_logs_hanoi-4-4-radiant-sweep-15-ReviewedACTIONS-Stack_domain_blind_problem.ig samples/hanoi_4_4_5000_CubeSpaceAE_AMA4Conv/logs/hanoi-4-4-radiant-sweep-15-ReviewedACTIONS-Stack//hanoi-4-4/007-012/ama3_samples_hanoi_4_4_5000_CubeSpaceAE_AMA4Conv_logs_hanoi-4-4-radiant-sweep-15-ReviewedACTIONS-Stack_domain_blind_problem.pddl
@[     8.386 +     0.230] finished generating problem
@[     8.386 +     0.000] start planning
['helper/fd-latest.sh', '--search astar(blind())', 'samples/hanoi_4_4_5000_CubeSpaceAE_AMA4Conv/logs/hanoi-4-4-radiant-sweep-15-ReviewedACTIONS-Stack//hanoi-4-4/007-012/ama3_samples_hanoi_4_4_5000_CubeSpaceAE_AMA4Conv_logs_hanoi-4-4-radiant-sweep-15-ReviewedACTIONS-Stack_domain_blind_problem.pddl', 'samples/hanoi_4_4_5000_CubeSpaceAE_AMA4Conv/logs/hanoi-4-4-radiant-sweep-15-ReviewedACTIONS-Stack//domain.pddl']
Running limit.sh(168932): -t 600 -m 8000000 -- planner-scripts/fd-latest-clean -o '--search astar(blind())' -- samples/hanoi_4_4_5000_CubeSpaceAE_AMA4Conv/logs/hanoi-4-4-radiant-sweep-15-ReviewedACTIONS-Stack//hanoi-4-4/007-012/ama3_samples_hanoi_4_4_5000_CubeSpaceAE_AMA4Conv_logs_hanoi-4-4-radiant-sweep-15-ReviewedACTIONS-Stack_domain_blind_problem.pddl samples/hanoi_4_4_5000_CubeSpaceAE_AMA4Conv/logs/hanoi-4-4-radiant-sweep-15-ReviewedACTIONS-Stack//domain.pddl
limit.sh(168932): mem: 8000000 kB, time: 600 sec
limit.sh(168932): pwd: /workspace/latplanRealOneHotActionsV2
limit.sh(168932): command to execute: planner-scripts/fd-latest-clean -o '--search astar(blind())' -- samples/hanoi_4_4_5000_CubeSpaceAE_AMA4Conv/logs/hanoi-4-4-radiant-sweep-15-ReviewedACTIONS-Stack//hanoi-4-4/007-012/ama3_samples_hanoi_4_4_5000_CubeSpaceAE_AMA4Conv_logs_hanoi-4-4-radiant-sweep-15-ReviewedACTIONS-Stack_domain_blind_problem.pddl samples/hanoi_4_4_5000_CubeSpaceAE_AMA4Conv/logs/hanoi-4-4-radiant-sweep-15-ReviewedACTIONS-Stack//domain.pddl
limit.sh(168932): note: time precision is 0.5 sec
finding FD installation from /workspace/latplanRealOneHotActionsV2/planner-scripts ...
finding FD installation from /workspace/latplanRealOneHotActionsV2 ...
common.sh(168939): exiting...
[32;1m--------------------------------------------------------
Result:
[t=0.00370471s, 10036 KB] Plan cost: 3
--------------------------------------------------------[0m
/workspace/latplanRealOneHotActionsV2/samples/hanoi_4_4_5000_CubeSpaceAE_AMA4Conv/logs/hanoi-4-4-radiant-sweep-15-ReviewedACTIONS-Stack/hanoi-4-4/007-012/ama3_samples_hanoi_4_4_5000_CubeSpaceAE_AMA4Conv_logs_hanoi-4-4-radiant-sweep-15-ReviewedACTIONS-Stack_domain_blind_problem.plan
limit.sh(168932): The program successfully finished.
@[   178.364 +   169.977] finished planning
@[   178.364 +     0.000] start running a validator
['arrival', 'samples/hanoi_4_4_5000_CubeSpaceAE_AMA4Conv/logs/hanoi-4-4-radiant-sweep-15-ReviewedACTIONS-Stack//domain.pddl', 'samples/hanoi_4_4_5000_CubeSpaceAE_AMA4Conv/logs/hanoi-4-4-radiant-sweep-15-ReviewedACTIONS-Stack//hanoi-4-4/007-012/ama3_samples_hanoi_4_4_5000_CubeSpaceAE_AMA4Conv_logs_hanoi-4-4-radiant-sweep-15-ReviewedACTIONS-Stack_domain_blind_problem.pddl', 'samples/hanoi_4_4_5000_CubeSpaceAE_AMA4Conv/logs/hanoi-4-4-radiant-sweep-15-ReviewedACTIONS-Stack//hanoi-4-4/007-012/ama3_samples_hanoi_4_4_5000_CubeSpaceAE_AMA4Conv_logs_hanoi-4-4-radiant-sweep-15-ReviewedACTIONS-Stack_domain_blind_problem.plan', 'samples/hanoi_4_4_5000_CubeSpaceAE_AMA4Conv/logs/hanoi-4-4-radiant-sweep-15-ReviewedACTIONS-Stack//hanoi-4-4/007-012/ama3_samples_hanoi_4_4_5000_CubeSpaceAE_AMA4Conv_logs_hanoi-4-4-radiant-sweep-15-ReviewedACTIONS-Stack_domain_blind_problem.trace']
@[   179.699 +     1.335] finished running a validator
@[   179.699 +     0.000] start parsing the plan
['lisp/ama3-read-latent-state-traces.bin', 'samples/hanoi_4_4_5000_CubeSpaceAE_AMA4Conv/logs/hanoi-4-4-radiant-sweep-15-ReviewedACTIONS-Stack//hanoi-4-4/007-012/ama3_samples_hanoi_4_4_5000_CubeSpaceAE_AMA4Conv_logs_hanoi-4-4-radiant-sweep-15-ReviewedACTIONS-Stack_domain_blind_problem.trace', '300']
@[   179.899 +     0.199] finished parsing the plan
@[   179.899 +     0.000] start plotting the plan
PLOT ICIIIIIIIIIII
PLOT ICIIIIIIIIIII
PLOT ICIIIIIIIIIII
PLOT ICIIIIIIIIIII
samples/hanoi_4_4_5000_CubeSpaceAE_AMA4Conv/logs/hanoi-4-4-radiant-sweep-15-ReviewedACTIONS-Stack//hanoi-4-4/007-012/ama3_samples_hanoi_4_4_5000_CubeSpaceAE_AMA4Conv_logs_hanoi-4-4-radiant-sweep-15-ReviewedACTIONS-Stack_domain_blind_problem.png
@[   179.992 +     0.094] finished plotting the plan
@[   179.993 +     0.000] start archiving the plan
@[   179.996 +     0.003] finished archiving the plan
@[   179.996 +     0.000] start visually validating the plan image : transitions
plan omages
(4, 4, 16, 3)
ok
sub_problem_dir
samples/hanoi_4_4_5000_CubeSpaceAE_AMA4Conv/logs/hanoi-4-4-radiant-sweep-15-ReviewedACTIONS-Stack//hanoi-4-4/007-010
in ama3-planner 2
@[   179.996 +     0.000] loaded puzzle 2
@[   179.996 +     0.000] loading init/goal
IIIMMMMM
(4, 16, 3)
IIMMMM222
(4, 16, 3)
normalize11111
(4, 16, 3)
(4, 16, 3)
meanshape
IIMMMM333
(4, 16, 3)
[[[-0.043 -0.043 -0.043]
  [-0.043 -0.043 -0.043]
  [-0.043 -0.043 -0.043]
  [-0.043 -0.043 -0.043]
  [-0.044 -0.044 -0.044]
  [-0.044 -0.044 -0.044]
  [-0.044 -0.044 -0.044]
  [-0.044 -0.044 -0.044]
  [-0.053 -0.053 -0.053]
  [-0.053 -0.053 -0.053]
  [-0.053 -0.053 -0.053]
  [-0.053 -0.053 -0.053]
  [-0.036 -0.036 -0.036]
  [-0.036 -0.036 -0.036]
  [-0.036 -0.036 -0.036]
  [-0.036 -0.036 -0.036]]

 [[-0.228 -0.148 -0.148]
  [-0.228 -0.148 -0.148]
  [-0.228 -0.148 -0.148]
  [-0.228 -0.148 -0.148]
  [4.554 5.488 5.488]
  [4.554 5.488 5.488]
  [4.554 5.488 5.488]
  [4.554 5.488 5.488]
  [-0.235 -0.146 -0.146]
  [-0.235 -0.146 -0.146]
  [-0.235 -0.146 -0.146]
  [-0.235 -0.146 -0.146]
  [-0.219 -0.155 -0.155]
  [-0.219 -0.155 -0.155]
  [-0.219 -0.155 -0.155]
  [-0.219 -0.155 -0.155]]

 [[-0.413 -0.324 -0.119]
  [-0.413 -0.324 -0.119]
  [-0.413 -0.324 -0.119]
  [-0.413 -0.324 -0.119]
  [1.950 -1.304 -1.242]
  [1.950 -1.304 -1.242]
  [1.950 -1.304 -1.242]
  [1.950 -1.304 -1.242]
  [-0.396 -0.316 -0.109]
  [-0.396 -0.316 -0.109]
  [-0.396 -0.316 -0.109]
  [-0.396 -0.316 -0.109]
  [-0.410 -0.303 -0.106]
  [-0.410 -0.303 -0.106]
  [-0.410 -0.303 -0.106]
  [-0.410 -0.303 -0.106]]

 [[-0.832 1.449 -1.039]
  [-0.832 1.449 -1.039]
  [-0.832 1.449 -1.039]
  [-0.832 1.449 -1.039]
  [-0.850 -0.923 1.296]
  [-0.850 -0.923 1.296]
  [-0.850 -0.923 1.296]
  [-0.850 -0.923 1.296]
  [-0.145 -0.240 -0.384]
  [-0.145 -0.240 -0.384]
  [-0.145 -0.240 -0.384]
  [-0.145 -0.240 -0.384]
  [-0.128 -0.234 -0.378]
  [-0.128 -0.234 -0.378]
  [-0.128 -0.234 -0.378]
  [-0.128 -0.234 -0.378]]]
IMAGE SHAPE
(4, 16, 3)
daata
1
<class 'numpy.ndarray'>
(4, 16, 3)
init (input) min: -1.3039474178651724 max: 5.487746254514675
init (recon) min: -1.2085866 max: 5.540267
init MSE: 0.00878727705611935
puuutttaaaiiinnnn
(4, 16, 3)
IIIMMMMM
(4, 16, 3)
IIMMMM222
(4, 16, 3)
normalize11111
(4, 16, 3)
(4, 16, 3)
meanshape
IIMMMM333
(4, 16, 3)
[[[-0.043 -0.043 -0.043]
  [-0.043 -0.043 -0.043]
  [-0.043 -0.043 -0.043]
  [-0.043 -0.043 -0.043]
  [-0.044 -0.044 -0.044]
  [-0.044 -0.044 -0.044]
  [-0.044 -0.044 -0.044]
  [-0.044 -0.044 -0.044]
  [-0.053 -0.053 -0.053]
  [-0.053 -0.053 -0.053]
  [-0.053 -0.053 -0.053]
  [-0.053 -0.053 -0.053]
  [19.586 19.586 19.586]
  [19.586 19.586 19.586]
  [19.586 19.586 19.586]
  [19.586 19.586 19.586]]

 [[-0.228 -0.148 -0.148]
  [-0.228 -0.148 -0.148]
  [-0.228 -0.148 -0.148]
  [-0.228 -0.148 -0.148]
  [-0.216 -0.125 -0.125]
  [-0.216 -0.125 -0.125]
  [-0.216 -0.125 -0.125]
  [-0.216 -0.125 -0.125]
  [-0.235 -0.146 -0.146]
  [-0.235 -0.146 -0.146]
  [-0.235 -0.146 -0.146]
  [-0.235 -0.146 -0.146]
  [4.498 -2.265 -2.265]
  [4.498 -2.265 -2.265]
  [4.498 -2.265 -2.265]
  [4.498 -2.265 -2.265]]

 [[-0.413 -0.324 -0.119]
  [-0.413 -0.324 -0.119]
  [-0.413 -0.324 -0.119]
  [-0.413 -0.324 -0.119]
  [-0.416 -0.314 -0.125]
  [-0.416 -0.314 -0.125]
  [-0.416 -0.314 -0.125]
  [-0.416 -0.314 -0.125]
  [-0.396 -0.316 -0.109]
  [-0.396 -0.316 -0.109]
  [-0.396 -0.316 -0.109]
  [-0.396 -0.316 -0.109]
  [-1.363 2.182 -1.241]
  [-1.363 2.182 -1.241]
  [-1.363 2.182 -1.241]
  [-1.363 2.182 -1.241]]

 [[-0.116 -0.252 -0.373]
  [-0.116 -0.252 -0.373]
  [-0.116 -0.252 -0.373]
  [-0.116 -0.252 -0.373]
  [-0.134 -0.233 -0.373]
  [-0.134 -0.233 -0.373]
  [-0.134 -0.233 -0.373]
  [-0.134 -0.233 -0.373]
  [-0.145 -0.240 -0.384]
  [-0.145 -0.240 -0.384]
  [-0.145 -0.240 -0.384]
  [-0.145 -0.240 -0.384]
  [-0.847 -0.925 1.293]
  [-0.847 -0.925 1.293]
  [-0.847 -0.925 1.293]
  [-0.847 -0.925 1.293]]]
IMAGE SHAPE
(4, 16, 3)
daata
1
<class 'numpy.ndarray'>
(4, 16, 3)
goal (input) min: -2.2646769324687193 max: 19.586101822857284
goal (recon) min: -2.2599142 max: 19.85472
goal MSE: 0.012678180540112964
puuutttaaaiiinnnn
(4, 16, 3)
inplot
(4, 4, 16, 3)
(4, 16, 3)
[[[-0.043 -0.043 -0.043]
  [-0.043 -0.043 -0.043]
  [-0.043 -0.043 -0.043]
  [-0.043 -0.043 -0.043]
  [-0.044 -0.044 -0.044]
  [-0.044 -0.044 -0.044]
  [-0.044 -0.044 -0.044]
  [-0.044 -0.044 -0.044]
  [-0.053 -0.053 -0.053]
  [-0.053 -0.053 -0.053]
  [-0.053 -0.053 -0.053]
  [-0.053 -0.053 -0.053]
  [-0.036 -0.036 -0.036]
  [-0.036 -0.036 -0.036]
  [-0.036 -0.036 -0.036]
  [-0.036 -0.036 -0.036]]

 [[-0.228 -0.148 -0.148]
  [-0.228 -0.148 -0.148]
  [-0.228 -0.148 -0.148]
  [-0.228 -0.148 -0.148]
  [4.554 5.488 5.488]
  [4.554 5.488 5.488]
  [4.554 5.488 5.488]
  [4.554 5.488 5.488]
  [-0.235 -0.146 -0.146]
  [-0.235 -0.146 -0.146]
  [-0.235 -0.146 -0.146]
  [-0.235 -0.146 -0.146]
  [-0.219 -0.155 -0.155]
  [-0.219 -0.155 -0.155]
  [-0.219 -0.155 -0.155]
  [-0.219 -0.155 -0.155]]

 [[-0.413 -0.324 -0.119]
  [-0.413 -0.324 -0.119]
  [-0.413 -0.324 -0.119]
  [-0.413 -0.324 -0.119]
  [1.950 -1.304 -1.242]
  [1.950 -1.304 -1.242]
  [1.950 -1.304 -1.242]
  [1.950 -1.304 -1.242]
  [-0.396 -0.316 -0.109]
  [-0.396 -0.316 -0.109]
  [-0.396 -0.316 -0.109]
  [-0.396 -0.316 -0.109]
  [-0.410 -0.303 -0.106]
  [-0.410 -0.303 -0.106]
  [-0.410 -0.303 -0.106]
  [-0.410 -0.303 -0.106]]

 [[-0.832 1.449 -1.039]
  [-0.832 1.449 -1.039]
  [-0.832 1.449 -1.039]
  [-0.832 1.449 -1.039]
  [-0.850 -0.923 1.296]
  [-0.850 -0.923 1.296]
  [-0.850 -0.923 1.296]
  [-0.850 -0.923 1.296]
  [-0.145 -0.240 -0.384]
  [-0.145 -0.240 -0.384]
  [-0.145 -0.240 -0.384]
  [-0.145 -0.240 -0.384]
  [-0.128 -0.234 -0.378]
  [-0.128 -0.234 -0.378]
  [-0.128 -0.234 -0.378]
  [-0.128 -0.234 -0.378]]]
daata
4
<class 'numpy.ndarray'>
(4, 16, 3)
ZZZZBEFORE
(4, 300)
[[0.000 0.000 0.000 0.000 0.000 0.000 0.000 0.000 0.000 0.000 0.000 1.000
  1.000 0.000 0.000 0.000 0.000 0.000 0.000 0.000 0.000 0.000 0.000 0.000
  0.000 0.000 0.000 0.000 0.000 1.000 0.000 0.000 0.000 0.000 0.000 0.000
  0.000 0.000 0.000 0.000 0.000 0.000 0.000 0.000 0.000 0.000 0.000 0.000
  0.000 0.000 0.000 0.000 0.000 0.000 1.000 1.000 0.000 1.000 0.000 0.000
  0.000 0.000 0.000 0.000 0.000 0.000 0.000 0.000 0.000 0.000 0.000 0.000
  1.000 0.000 0.000 0.000 1.000 1.000 0.000 0.000 0.000 0.000 0.000 0.000
  0.000 0.000 1.000 0.000 1.000 0.000 0.000 0.000 0.000 0.000 0.000 0.000
  0.000 0.000 0.000 0.000 0.000 0.000 0.000 0.000 1.000 0.000 0.000 0.000
  0.000 0.000 0.000 0.000 0.000 0.000 0.000 0.000 0.000 0.000 0.000 0.000
  0.000 0.000 0.000 0.000 0.000 0.000 0.000 0.000 0.000 0.000 1.000 0.000
  0.000 0.000 0.000 0.000 0.000 0.000 0.000 0.000 0.000 0.000 0.000 0.000
  0.000 0.000 0.000 0.000 0.000 0.000 0.000 0.000 0.000 0.000 1.000 0.000
  0.000 1.000 0.000 0.000 0.000 0.000 0.000 0.000 1.000 0.000 0.000 0.000
  0.000 0.000 0.000 0.000 0.000 0.000 0.000 1.000 1.000 1.000 1.000 1.000
  0.000 0.000 1.000 0.000 0.000 0.000 0.000 0.000 0.000 0.000 0.000 0.000
  0.000 0.000 0.000 0.000 1.000 0.000 0.000 0.000 1.000 0.000 0.000 0.000
  0.000 0.000 0.000 0.000 0.000 0.000 0.000 0.000 0.000 1.000 0.000 0.000
  0.000 0.000 0.000 0.000 0.000 0.000 0.000 0.000 0.000 0.000 0.000 0.000
  0.000 0.000 0.000 0.000 0.000 0.000 0.000 0.000 0.000 0.000 1.000 1.000
  0.000 0.000 0.000 0.000 0.000 0.000 1.000 0.000 0.000 0.000 1.000 0.000
  0.000 0.000 0.000 0.000 0.000 0.000 0.000 0.000 0.000 0.000 0.000 1.000
  0.000 1.000 1.000 0.000 0.000 0.000 0.000 0.000 0.000 0.000 1.000 0.000
  0.000 0.000 0.000 1.000 0.000 0.000 0.000 0.000 0.000 0.000 0.000 0.000
  0.000 0.000 0.000 0.000 0.000 0.000 0.000 1.000 0.000 0.000 0.000 0.000]
 [0.000 0.000 0.000 0.000 0.000 0.000 0.000 0.000 0.000 0.000 0.000 1.000
  1.000 0.000 0.000 0.000 0.000 0.000 0.000 0.000 0.000 0.000 0.000 0.000
  0.000 0.000 0.000 0.000 0.000 1.000 0.000 0.000 0.000 0.000 0.000 0.000
  0.000 0.000 0.000 0.000 0.000 0.000 0.000 0.000 0.000 0.000 0.000 0.000
  0.000 0.000 0.000 0.000 0.000 0.000 1.000 1.000 0.000 1.000 0.000 0.000
  0.000 0.000 0.000 0.000 0.000 0.000 0.000 0.000 0.000 0.000 0.000 0.000
  1.000 0.000 0.000 0.000 1.000 1.000 0.000 0.000 0.000 0.000 0.000 0.000
  0.000 0.000 1.000 0.000 1.000 0.000 0.000 0.000 0.000 0.000 0.000 0.000
  0.000 0.000 0.000 0.000 0.000 0.000 0.000 0.000 1.000 0.000 0.000 0.000
  0.000 0.000 0.000 0.000 0.000 0.000 0.000 0.000 0.000 0.000 0.000 0.000
  0.000 0.000 0.000 0.000 0.000 0.000 0.000 0.000 0.000 0.000 1.000 0.000
  0.000 0.000 0.000 0.000 0.000 0.000 0.000 0.000 0.000 0.000 0.000 0.000
  0.000 0.000 0.000 0.000 0.000 0.000 0.000 0.000 0.000 0.000 1.000 0.000
  0.000 1.000 0.000 0.000 0.000 0.000 0.000 0.000 1.000 0.000 0.000 0.000
  0.000 0.000 0.000 0.000 0.000 0.000 0.000 1.000 1.000 1.000 1.000 1.000
  0.000 0.000 1.000 0.000 0.000 0.000 0.000 0.000 0.000 0.000 0.000 0.000
  0.000 0.000 0.000 0.000 1.000 0.000 0.000 0.000 1.000 0.000 0.000 0.000
  0.000 0.000 0.000 0.000 0.000 0.000 0.000 0.000 0.000 1.000 0.000 0.000
  0.000 0.000 0.000 0.000 0.000 0.000 0.000 0.000 0.000 0.000 0.000 0.000
  0.000 0.000 0.000 0.000 0.000 0.000 0.000 0.000 0.000 0.000 1.000 1.000
  0.000 0.000 0.000 0.000 0.000 0.000 1.000 0.000 0.000 0.000 1.000 0.000
  0.000 0.000 0.000 0.000 0.000 0.000 0.000 0.000 0.000 0.000 0.000 1.000
  0.000 1.000 1.000 0.000 0.000 0.000 0.000 0.000 0.000 0.000 1.000 0.000
  0.000 0.000 0.000 1.000 0.000 0.000 0.000 0.000 0.000 0.000 0.000 0.000
  0.000 0.000 0.000 0.000 0.000 0.000 0.000 1.000 0.000 0.000 0.000 0.000]
 [0.000 0.000 0.000 0.000 0.000 0.000 0.000 0.000 0.000 0.000 0.000 1.000
  1.000 0.000 0.000 0.000 0.000 0.000 0.000 1.000 0.000 0.000 0.000 0.000
  0.000 0.000 0.000 0.000 0.000 1.000 0.000 0.000 0.000 0.000 1.000 0.000
  0.000 0.000 0.000 0.000 0.000 0.000 0.000 0.000 0.000 0.000 0.000 0.000
  0.000 0.000 0.000 0.000 0.000 0.000 1.000 1.000 0.000 1.000 0.000 0.000
  0.000 0.000 0.000 0.000 0.000 0.000 0.000 0.000 0.000 0.000 0.000 0.000
  1.000 0.000 1.000 0.000 1.000 1.000 0.000 0.000 0.000 0.000 0.000 0.000
  0.000 1.000 1.000 1.000 1.000 0.000 0.000 0.000 0.000 1.000 0.000 0.000
  0.000 0.000 0.000 0.000 1.000 0.000 0.000 0.000 1.000 0.000 0.000 0.000
  0.000 0.000 0.000 1.000 0.000 0.000 0.000 0.000 0.000 0.000 0.000 0.000
  0.000 0.000 0.000 0.000 0.000 0.000 0.000 0.000 0.000 0.000 1.000 0.000
  1.000 0.000 1.000 0.000 0.000 0.000 0.000 0.000 0.000 0.000 0.000 0.000
  0.000 0.000 0.000 0.000 0.000 0.000 0.000 0.000 0.000 0.000 1.000 0.000
  1.000 1.000 0.000 0.000 0.000 0.000 0.000 0.000 1.000 0.000 0.000 0.000
  0.000 0.000 0.000 0.000 0.000 0.000 0.000 0.000 0.000 1.000 1.000 1.000
  0.000 0.000 0.000 0.000 0.000 0.000 0.000 0.000 0.000 0.000 0.000 0.000
  0.000 0.000 0.000 0.000 1.000 0.000 0.000 0.000 1.000 0.000 0.000 0.000
  0.000 0.000 0.000 0.000 0.000 0.000 0.000 0.000 0.000 1.000 0.000 0.000
  0.000 0.000 0.000 0.000 0.000 0.000 0.000 0.000 0.000 0.000 0.000 0.000
  0.000 0.000 0.000 0.000 1.000 0.000 0.000 0.000 1.000 0.000 1.000 0.000
  0.000 0.000 1.000 0.000 0.000 0.000 0.000 0.000 0.000 0.000 0.000 0.000
  0.000 0.000 1.000 1.000 0.000 0.000 0.000 0.000 0.000 1.000 0.000 1.000
  0.000 1.000 1.000 0.000 0.000 0.000 0.000 0.000 0.000 1.000 0.000 0.000
  0.000 0.000 0.000 1.000 0.000 0.000 0.000 0.000 0.000 0.000 0.000 0.000
  0.000 0.000 0.000 0.000 0.000 0.000 0.000 0.000 0.000 0.000 0.000 0.000]
 [0.000 0.000 0.000 0.000 0.000 0.000 0.000 0.000 0.000 0.000 0.000 1.000
  1.000 0.000 0.000 0.000 0.000 0.000 0.000 1.000 0.000 0.000 0.000 0.000
  0.000 0.000 0.000 0.000 0.000 1.000 0.000 0.000 0.000 0.000 1.000 0.000
  0.000 0.000 0.000 0.000 0.000 0.000 0.000 0.000 0.000 0.000 0.000 0.000
  0.000 0.000 0.000 0.000 0.000 0.000 1.000 1.000 0.000 1.000 0.000 0.000
  0.000 0.000 0.000 0.000 0.000 0.000 0.000 0.000 0.000 0.000 0.000 0.000
  1.000 0.000 1.000 0.000 1.000 1.000 0.000 0.000 0.000 0.000 0.000 0.000
  0.000 1.000 1.000 1.000 1.000 0.000 0.000 0.000 0.000 1.000 0.000 0.000
  0.000 0.000 0.000 0.000 1.000 0.000 0.000 0.000 1.000 0.000 0.000 0.000
  0.000 0.000 0.000 1.000 0.000 0.000 0.000 0.000 0.000 0.000 0.000 0.000
  0.000 0.000 0.000 0.000 0.000 0.000 0.000 0.000 0.000 0.000 1.000 0.000
  1.000 0.000 1.000 0.000 0.000 0.000 0.000 0.000 0.000 0.000 0.000 0.000
  0.000 0.000 0.000 0.000 0.000 0.000 0.000 0.000 0.000 0.000 1.000 0.000
  1.000 1.000 0.000 0.000 0.000 0.000 0.000 0.000 1.000 0.000 0.000 0.000
  0.000 0.000 0.000 0.000 0.000 0.000 0.000 0.000 0.000 1.000 1.000 1.000
  0.000 0.000 0.000 0.000 0.000 0.000 0.000 0.000 0.000 0.000 0.000 0.000
  0.000 0.000 0.000 0.000 1.000 0.000 0.000 0.000 1.000 0.000 0.000 0.000
  0.000 0.000 0.000 0.000 0.000 0.000 0.000 0.000 0.000 1.000 0.000 0.000
  0.000 0.000 0.000 0.000 0.000 0.000 0.000 0.000 0.000 0.000 0.000 0.000
  0.000 0.000 0.000 0.000 1.000 0.000 0.000 0.000 1.000 0.000 1.000 0.000
  0.000 0.000 1.000 0.000 0.000 0.000 0.000 0.000 0.000 0.000 0.000 0.000
  0.000 0.000 1.000 1.000 0.000 0.000 0.000 0.000 0.000 1.000 0.000 1.000
  0.000 1.000 1.000 0.000 0.000 0.000 0.000 0.000 0.000 1.000 0.000 0.000
  0.000 0.000 0.000 1.000 0.000 0.000 0.000 0.000 0.000 0.000 0.000 0.000
  0.000 0.000 0.000 0.000 0.000 0.000 0.000 0.000 0.000 0.000 0.000 0.000]]
(array([ 11,  12,  29,  54,  55,  57,  72,  76,  77,  86,  88, 104, 130,
       154, 157, 164, 175, 176, 177, 178, 179, 182, 196, 200, 213, 238,
       239, 246, 250, 263, 265, 266, 274, 279, 295]),)
(array([ 11,  12,  29,  54,  55,  57,  72,  76,  77,  86,  88, 104, 130,
       154, 157, 164, 175, 176, 177, 178, 179, 182, 196, 200, 213, 238,
       239, 246, 250, 263, 265, 266, 274, 279, 295]),)
(array([ 11,  12,  19,  29,  34,  54,  55,  57,  72,  74,  76,  77,  85,
        86,  87,  88,  93, 100, 104, 111, 130, 132, 134, 154, 156, 157,
       164, 177, 178, 179, 196, 200, 213, 232, 236, 238, 242, 254, 255,
       261, 263, 265, 266, 273, 279]),)
(array([ 11,  12,  19,  29,  34,  54,  55,  57,  72,  74,  76,  77,  85,
        86,  87,  88,  93, 100, 104, 111, 130, 132, 134, 154, 156, 157,
       164, 177, 178, 179, 196, 200, 213, 232, 236, 238, 242, 254, 255,
       261, 263, 265, 266, 273, 279]),)
inter0
[ 11  12  29  54  55  57  72  76  77  86  88 104 130 154 157 164 175 176
 177 178 179 182 196 200 213 238 239 246 250 263 265 266 274 279 295]
inter1
[ 11  12  29  54  55  57  72  76  77  86  88 104 130 154 157 164 177 178
 179 196 200 213 238 263 265 266 279]
inter3
[ 11  12  29  54  55  57  72  76  77  86  88 104 130 154 157 164 177 178
 179 196 200 213 238 263 265 266 279]
daata
4
<class 'numpy.ndarray'>
(4, 16, 3)
ZZZZAFTER
(4, 18, 18)
[[[0.000 0.000 0.000 0.000 0.000 0.000 0.000 0.000 0.000 0.000 0.000
   1.000 1.000 0.000 0.000 0.000 0.000 0.000]
  [0.000 0.000 0.000 0.000 0.000 0.000 0.000 0.000 0.000 0.000 0.000
   1.000 0.000 0.000 0.000 0.000 0.000 0.000]
  [0.000 0.000 0.000 0.000 0.000 0.000 0.000 0.000 0.000 0.000 0.000
   0.000 0.000 0.000 0.000 0.000 0.000 0.000]
  [1.000 1.000 0.000 1.000 0.000 0.000 0.000 0.000 0.000 0.000 0.000
   0.000 0.000 0.000 0.000 0.000 0.000 0.000]
  [1.000 0.000 0.000 0.000 1.000 1.000 0.000 0.000 0.000 0.000 0.000
   0.000 0.000 0.000 1.000 0.000 1.000 0.000]
  [0.000 0.000 0.000 0.000 0.000 0.000 0.000 0.000 0.000 0.000 0.000
   0.000 0.000 0.000 1.000 0.000 0.000 0.000]
  [0.000 0.000 0.000 0.000 0.000 0.000 0.000 0.000 0.000 0.000 0.000
   0.000 0.000 0.000 0.000 0.000 0.000 0.000]
  [0.000 0.000 0.000 0.000 1.000 0.000 0.000 0.000 0.000 0.000 0.000
   0.000 0.000 0.000 0.000 0.000 0.000 0.000]
  [0.000 0.000 0.000 0.000 0.000 0.000 0.000 0.000 0.000 0.000 1.000
   0.000 0.000 1.000 0.000 0.000 0.000 0.000]
  [0.000 0.000 1.000 0.000 0.000 0.000 0.000 0.000 0.000 0.000 0.000
   0.000 0.000 1.000 1.000 1.000 1.000 1.000]
  [0.000 0.000 1.000 0.000 0.000 0.000 0.000 0.000 0.000 0.000 0.000
   0.000 0.000 0.000 0.000 0.000 1.000 0.000]
  [0.000 0.000 1.000 0.000 0.000 0.000 0.000 0.000 0.000 0.000 0.000
   0.000 0.000 0.000 0.000 1.000 0.000 0.000]
  [0.000 0.000 0.000 0.000 0.000 0.000 0.000 0.000 0.000 0.000 0.000
   0.000 0.000 0.000 0.000 0.000 0.000 0.000]
  [0.000 0.000 0.000 0.000 1.000 1.000 0.000 0.000 0.000 0.000 0.000
   0.000 1.000 0.000 0.000 0.000 1.000 0.000]
  [0.000 0.000 0.000 0.000 0.000 0.000 0.000 0.000 0.000 0.000 0.000
   1.000 0.000 1.000 1.000 0.000 0.000 0.000]
  [0.000 0.000 0.000 0.000 1.000 0.000 0.000 0.000 0.000 1.000 0.000
   0.000 0.000 0.000 0.000 0.000 0.000 0.000]
  [0.000 0.000 0.000 0.000 0.000 0.000 0.000 1.000 0.000 0.000 0.000
   0.000 1.000 1.000 1.000 1.000 1.000 1.000]
  [1.000 1.000 1.000 1.000 1.000 1.000 1.000 1.000 1.000 1.000 1.000
   1.000 1.000 1.000 1.000 1.000 1.000 1.000]]

 [[0.000 0.000 0.000 0.000 0.000 0.000 0.000 0.000 0.000 0.000 0.000
   1.000 1.000 0.000 0.000 0.000 0.000 0.000]
  [0.000 0.000 0.000 0.000 0.000 0.000 0.000 0.000 0.000 0.000 0.000
   1.000 0.000 0.000 0.000 0.000 0.000 0.000]
  [0.000 0.000 0.000 0.000 0.000 0.000 0.000 0.000 0.000 0.000 0.000
   0.000 0.000 0.000 0.000 0.000 0.000 0.000]
  [1.000 1.000 0.000 1.000 0.000 0.000 0.000 0.000 0.000 0.000 0.000
   0.000 0.000 0.000 0.000 0.000 0.000 0.000]
  [1.000 0.000 0.000 0.000 1.000 1.000 0.000 0.000 0.000 0.000 0.000
   0.000 0.000 0.000 1.000 0.000 1.000 0.000]
  [0.000 0.000 0.000 0.000 0.000 0.000 0.000 0.000 0.000 0.000 0.000
   0.000 0.000 0.000 1.000 0.000 0.000 0.000]
  [0.000 0.000 0.000 0.000 0.000 0.000 0.000 0.000 0.000 0.000 0.000
   0.000 0.000 0.000 0.000 0.000 0.000 0.000]
  [0.000 0.000 0.000 0.000 1.000 0.000 0.000 0.000 0.000 0.000 0.000
   0.000 0.000 0.000 0.000 0.000 0.000 0.000]
  [0.000 0.000 0.000 0.000 0.000 0.000 0.000 0.000 0.000 0.000 1.000
   0.000 0.000 1.000 0.000 0.000 0.000 0.000]
  [0.000 0.000 1.000 0.000 0.000 0.000 0.000 0.000 0.000 0.000 0.000
   0.000 0.000 1.000 1.000 1.000 1.000 1.000]
  [0.000 0.000 1.000 0.000 0.000 0.000 0.000 0.000 0.000 0.000 0.000
   0.000 0.000 0.000 0.000 0.000 1.000 0.000]
  [0.000 0.000 1.000 0.000 0.000 0.000 0.000 0.000 0.000 0.000 0.000
   0.000 0.000 0.000 0.000 1.000 0.000 0.000]
  [0.000 0.000 0.000 0.000 0.000 0.000 0.000 0.000 0.000 0.000 0.000
   0.000 0.000 0.000 0.000 0.000 0.000 0.000]
  [0.000 0.000 0.000 0.000 1.000 1.000 0.000 0.000 0.000 0.000 0.000
   0.000 1.000 0.000 0.000 0.000 1.000 0.000]
  [0.000 0.000 0.000 0.000 0.000 0.000 0.000 0.000 0.000 0.000 0.000
   1.000 0.000 1.000 1.000 0.000 0.000 0.000]
  [0.000 0.000 0.000 0.000 1.000 0.000 0.000 0.000 0.000 1.000 0.000
   0.000 0.000 0.000 0.000 0.000 0.000 0.000]
  [0.000 0.000 0.000 0.000 0.000 0.000 0.000 1.000 0.000 0.000 0.000
   0.000 1.000 1.000 1.000 1.000 1.000 1.000]
  [1.000 1.000 1.000 1.000 1.000 1.000 1.000 1.000 1.000 1.000 1.000
   1.000 1.000 1.000 1.000 1.000 1.000 1.000]]

 [[0.000 0.000 0.000 0.000 0.000 0.000 0.000 0.000 0.000 0.000 0.000
   1.000 1.000 0.000 0.000 0.000 0.000 0.000]
  [0.000 1.000 0.000 0.000 0.000 0.000 0.000 0.000 0.000 0.000 0.000
   1.000 0.000 0.000 0.000 0.000 1.000 0.000]
  [0.000 0.000 0.000 0.000 0.000 0.000 0.000 0.000 0.000 0.000 0.000
   0.000 0.000 0.000 0.000 0.000 0.000 0.000]
  [1.000 1.000 0.000 1.000 0.000 0.000 0.000 0.000 0.000 0.000 0.000
   0.000 0.000 0.000 0.000 0.000 0.000 0.000]
  [1.000 0.000 1.000 0.000 1.000 1.000 0.000 0.000 0.000 0.000 0.000
   0.000 0.000 1.000 1.000 1.000 1.000 0.000]
  [0.000 0.000 0.000 1.000 0.000 0.000 0.000 0.000 0.000 0.000 1.000
   0.000 0.000 0.000 1.000 0.000 0.000 0.000]
  [0.000 0.000 0.000 1.000 0.000 0.000 0.000 0.000 0.000 0.000 0.000
   0.000 0.000 0.000 0.000 0.000 0.000 0.000]
  [0.000 0.000 0.000 0.000 1.000 0.000 1.000 0.000 1.000 0.000 0.000
   0.000 0.000 0.000 0.000 0.000 0.000 0.000]
  [0.000 0.000 0.000 0.000 0.000 0.000 0.000 0.000 0.000 0.000 1.000
   0.000 1.000 1.000 0.000 0.000 0.000 0.000]
  [0.000 0.000 1.000 0.000 0.000 0.000 0.000 0.000 0.000 0.000 0.000
   0.000 0.000 0.000 0.000 1.000 1.000 1.000]
  [0.000 0.000 0.000 0.000 0.000 0.000 0.000 0.000 0.000 0.000 0.000
   0.000 0.000 0.000 0.000 0.000 1.000 0.000]
  [0.000 0.000 1.000 0.000 0.000 0.000 0.000 0.000 0.000 0.000 0.000
   0.000 0.000 0.000 0.000 1.000 0.000 0.000]
  [0.000 0.000 0.000 0.000 0.000 0.000 0.000 0.000 0.000 0.000 0.000
   0.000 0.000 0.000 0.000 0.000 1.000 0.000]
  [0.000 0.000 1.000 0.000 1.000 0.000 0.000 0.000 1.000 0.000 0.000
   0.000 0.000 0.000 0.000 0.000 0.000 0.000]
  [0.000 0.000 1.000 1.000 0.000 0.000 0.000 0.000 0.000 1.000 0.000
   1.000 0.000 1.000 1.000 0.000 0.000 0.000]
  [0.000 0.000 0.000 1.000 0.000 0.000 0.000 0.000 0.000 1.000 0.000
   0.000 0.000 0.000 0.000 0.000 0.000 0.000]
  [0.000 0.000 0.000 0.000 0.000 0.000 0.000 0.000 0.000 0.000 0.000
   0.000 1.000 1.000 1.000 1.000 1.000 1.000]
  [1.000 1.000 1.000 1.000 1.000 1.000 1.000 1.000 1.000 1.000 1.000
   1.000 1.000 1.000 1.000 1.000 1.000 1.000]]

 [[0.000 0.000 0.000 0.000 0.000 0.000 0.000 0.000 0.000 0.000 0.000
   1.000 1.000 0.000 0.000 0.000 0.000 0.000]
  [0.000 1.000 0.000 0.000 0.000 0.000 0.000 0.000 0.000 0.000 0.000
   1.000 0.000 0.000 0.000 0.000 1.000 0.000]
  [0.000 0.000 0.000 0.000 0.000 0.000 0.000 0.000 0.000 0.000 0.000
   0.000 0.000 0.000 0.000 0.000 0.000 0.000]
  [1.000 1.000 0.000 1.000 0.000 0.000 0.000 0.000 0.000 0.000 0.000
   0.000 0.000 0.000 0.000 0.000 0.000 0.000]
  [1.000 0.000 1.000 0.000 1.000 1.000 0.000 0.000 0.000 0.000 0.000
   0.000 0.000 1.000 1.000 1.000 1.000 0.000]
  [0.000 0.000 0.000 1.000 0.000 0.000 0.000 0.000 0.000 0.000 1.000
   0.000 0.000 0.000 1.000 0.000 0.000 0.000]
  [0.000 0.000 0.000 1.000 0.000 0.000 0.000 0.000 0.000 0.000 0.000
   0.000 0.000 0.000 0.000 0.000 0.000 0.000]
  [0.000 0.000 0.000 0.000 1.000 0.000 1.000 0.000 1.000 0.000 0.000
   0.000 0.000 0.000 0.000 0.000 0.000 0.000]
  [0.000 0.000 0.000 0.000 0.000 0.000 0.000 0.000 0.000 0.000 1.000
   0.000 1.000 1.000 0.000 0.000 0.000 0.000]
  [0.000 0.000 1.000 0.000 0.000 0.000 0.000 0.000 0.000 0.000 0.000
   0.000 0.000 0.000 0.000 1.000 1.000 1.000]
  [0.000 0.000 0.000 0.000 0.000 0.000 0.000 0.000 0.000 0.000 0.000
   0.000 0.000 0.000 0.000 0.000 1.000 0.000]
  [0.000 0.000 1.000 0.000 0.000 0.000 0.000 0.000 0.000 0.000 0.000
   0.000 0.000 0.000 0.000 1.000 0.000 0.000]
  [0.000 0.000 0.000 0.000 0.000 0.000 0.000 0.000 0.000 0.000 0.000
   0.000 0.000 0.000 0.000 0.000 1.000 0.000]
  [0.000 0.000 1.000 0.000 1.000 0.000 0.000 0.000 1.000 0.000 0.000
   0.000 0.000 0.000 0.000 0.000 0.000 0.000]
  [0.000 0.000 1.000 1.000 0.000 0.000 0.000 0.000 0.000 1.000 0.000
   1.000 0.000 1.000 1.000 0.000 0.000 0.000]
  [0.000 0.000 0.000 1.000 0.000 0.000 0.000 0.000 0.000 1.000 0.000
   0.000 0.000 0.000 0.000 0.000 0.000 0.000]
  [0.000 0.000 0.000 0.000 0.000 0.000 0.000 0.000 0.000 0.000 0.000
   0.000 1.000 1.000 1.000 1.000 1.000 1.000]
  [1.000 1.000 1.000 1.000 1.000 1.000 1.000 1.000 1.000 1.000 1.000
   1.000 1.000 1.000 1.000 1.000 1.000 1.000]]]
PLOT ICIIIIIIIIIII
PLOT ICIIIIIIIIIII
PLOT ICIIIIIIIIIII
PLOT ICIIIIIIIIIII
PLOT ICIIIIIIIIIII
PLOT ICIIIIIIIIIII
PLOT ICIIIIIIIIIII
PLOT ICIIIIIIIIIII
PLOT ICIIIIIIIIIII
PLOT ICIIIIIIIIIII
PLOT ICIIIIIIIIIII
PLOT ICIIIIIIIIIII
PLOT ICIIIIIIIIIII
PLOT ICIIIIIIIIIII
PLOT ICIIIIIIIIIII
PLOT ICIIIIIIIIIII
PLOT ICIIIIIIIIIII
PLOT ICIIIIIIIIIII
PLOT ICIIIIIIIIIII
PLOT ICIIIIIIIIIII
PLOT ICIIIIIIIIIII
PLOT ICIIIIIIIIIII
PLOT ICIIIIIIIIIII
PLOT ICIIIIIIIIIII
PLOT ICIIIIIIIIIII
PLOT ICIIIIIIIIIII
PLOT ICIIIIIIIIIII
PLOT ICIIIIIIIIIII
PLOT ICIIIIIIIIIII
PLOT ICIIIIIIIIIII
PLOT ICIIIIIIIIIII
PLOT ICIIIIIIIIIII
samples/hanoi_4_4_5000_CubeSpaceAE_AMA4Conv/logs/hanoi-4-4-radiant-sweep-15-ReviewedACTIONS-Stack//hanoi-4-4/007-010/ama3_samples_hanoi_4_4_5000_CubeSpaceAE_AMA4Conv_logs_hanoi-4-4-radiant-sweep-15-ReviewedACTIONS-Stack_init_goal_reconstruction.1.png
threshold value: 0.25
0 images have some panels which are unlike any panels
2 images have all panels which match exactly 1 panel each
0 images have some panels which match >2 panels
threshold found
0 images have duplicated tiles
2 images have no duplicated tiles
@[   181.156 +     1.160] loaded init/goal
@[   181.156 +     0.000] start planning
@[   181.156 +     0.000] start generating problem
['helper/ama3-problem.sh', 'samples/hanoi_4_4_5000_CubeSpaceAE_AMA4Conv/logs/hanoi-4-4-radiant-sweep-15-ReviewedACTIONS-Stack//hanoi-4-4/007-010/ama3_samples_hanoi_4_4_5000_CubeSpaceAE_AMA4Conv_logs_hanoi-4-4-radiant-sweep-15-ReviewedACTIONS-Stack_domain_blind_problem.ig', 'samples/hanoi_4_4_5000_CubeSpaceAE_AMA4Conv/logs/hanoi-4-4-radiant-sweep-15-ReviewedACTIONS-Stack//hanoi-4-4/007-010/ama3_samples_hanoi_4_4_5000_CubeSpaceAE_AMA4Conv_logs_hanoi-4-4-radiant-sweep-15-ReviewedACTIONS-Stack_domain_blind_problem.pddl']
helper/ama3-problem.sh samples/hanoi_4_4_5000_CubeSpaceAE_AMA4Conv/logs/hanoi-4-4-radiant-sweep-15-ReviewedACTIONS-Stack//hanoi-4-4/007-010/ama3_samples_hanoi_4_4_5000_CubeSpaceAE_AMA4Conv_logs_hanoi-4-4-radiant-sweep-15-ReviewedACTIONS-Stack_domain_blind_problem.ig samples/hanoi_4_4_5000_CubeSpaceAE_AMA4Conv/logs/hanoi-4-4-radiant-sweep-15-ReviewedACTIONS-Stack//hanoi-4-4/007-010/ama3_samples_hanoi_4_4_5000_CubeSpaceAE_AMA4Conv_logs_hanoi-4-4-radiant-sweep-15-ReviewedACTIONS-Stack_domain_blind_problem.pddl
@[   181.385 +     0.229] finished generating problem
@[   181.385 +     0.000] start planning
['helper/fd-latest.sh', '--search astar(blind())', 'samples/hanoi_4_4_5000_CubeSpaceAE_AMA4Conv/logs/hanoi-4-4-radiant-sweep-15-ReviewedACTIONS-Stack//hanoi-4-4/007-010/ama3_samples_hanoi_4_4_5000_CubeSpaceAE_AMA4Conv_logs_hanoi-4-4-radiant-sweep-15-ReviewedACTIONS-Stack_domain_blind_problem.pddl', 'samples/hanoi_4_4_5000_CubeSpaceAE_AMA4Conv/logs/hanoi-4-4-radiant-sweep-15-ReviewedACTIONS-Stack//domain.pddl']
Running limit.sh(169664): -t 600 -m 8000000 -- planner-scripts/fd-latest-clean -o '--search astar(blind())' -- samples/hanoi_4_4_5000_CubeSpaceAE_AMA4Conv/logs/hanoi-4-4-radiant-sweep-15-ReviewedACTIONS-Stack//hanoi-4-4/007-010/ama3_samples_hanoi_4_4_5000_CubeSpaceAE_AMA4Conv_logs_hanoi-4-4-radiant-sweep-15-ReviewedACTIONS-Stack_domain_blind_problem.pddl samples/hanoi_4_4_5000_CubeSpaceAE_AMA4Conv/logs/hanoi-4-4-radiant-sweep-15-ReviewedACTIONS-Stack//domain.pddl
limit.sh(169664): mem: 8000000 kB, time: 600 sec
limit.sh(169664): pwd: /workspace/latplanRealOneHotActionsV2
limit.sh(169664): command to execute: planner-scripts/fd-latest-clean -o '--search astar(blind())' -- samples/hanoi_4_4_5000_CubeSpaceAE_AMA4Conv/logs/hanoi-4-4-radiant-sweep-15-ReviewedACTIONS-Stack//hanoi-4-4/007-010/ama3_samples_hanoi_4_4_5000_CubeSpaceAE_AMA4Conv_logs_hanoi-4-4-radiant-sweep-15-ReviewedACTIONS-Stack_domain_blind_problem.pddl samples/hanoi_4_4_5000_CubeSpaceAE_AMA4Conv/logs/hanoi-4-4-radiant-sweep-15-ReviewedACTIONS-Stack//domain.pddl
limit.sh(169664): note: time precision is 0.5 sec
finding FD installation from /workspace/latplanRealOneHotActionsV2/planner-scripts ...
finding FD installation from /workspace/latplanRealOneHotActionsV2 ...
