Default float: float32
{'mode': 'learn', 'track': 'cylinders-4-flat', 'num_examples': 20000, 'aeclass': 'CubeSpaceAE_AMA4Conv', 'comment': 'kltune2', 'hash': '05-06T11:28:54.877'}
loaded. picsize: [100 150   3]
(20000, 2, 30, 45, 3)
normalized shape: (30, 45, 3) (30, 45, 3)
typetr0
<class 'numpy.ndarray'>
(20000, 2, 30, 45, 3)
theparameters0000000000000000
{'test_noise': False, 'test_hard': True, 'train_noise': True, 'train_hard': False, 'dropout_z': False, 'noise': 0.2, 'dropout': 0.2, 'optimizer': 'radam', 'min_temperature': 0.5, 'epoch': 2000, 'gs_annealing_start': 0, 'gs_annealing_end': 1000, 'kl_cycle_start': 2000, 'clipnorm': 0.1, 'batch_size': [400], 'lr': [0.001], 'N': [50, 100, 300], 'zerosuppress': 0.1, 'densify': False, 'max_temperature': [5.0], 'conv_channel': [32], 'conv_channel_increment': [1], 'conv_kernel': [5], 'conv_pooling': [1], 'conv_per_pooling': [1], 'conv_depth': [3], 'fc_width': [100], 'fc_depth': [2], 'A': [6000], 'aae_activation': ['relu'], 'aae_width': [1000], 'aae_depth': [2], 'eff_regularizer': [None], 'beta_d': [1, 10, 100, 1000, 10000], 'beta_z': [1, 10], 'output': 'GaussianOutput(sigma=0.1)'}
samples/blocks_cylinders-4-flat_20000_CubeSpaceAE_AMA4Conv_kltune2/logs/05-06T11:28:54.877
MEAN !!!

(30, 45, 3)
thetassssk
blocks
<function blocks at 0x7f14d6127700>
blockyblock
Namespace(aeclass='CubeSpaceAE_AMA4Conv', comment='kltune2', hash='05-06T11:28:54.877', mode='learn', num_examples=20000, track='cylinders-4-flat')
loaded. picsize: [100 150   3]
80000
80000
[[  0   0 150 100]]
[  0   0 150 100]
[[48138 48139]
 [69272 69273]
 [53270 53271]
 ...
 [39136 39137]
 [65978 65979]
 [70916 70917]]
48138
48139
ici
[[  0   0 150 100]]
[[  0   0 150 100]]
[[[[0.27843 0.27843 0.27843]
   [0.28235 0.28235 0.28235]
   [0.29020 0.29020 0.29020]
   ...
   [0.27843 0.27843 0.27843]
   [0.27843 0.27843 0.27843]
   [0.27843 0.27843 0.27843]]

  [[0.28627 0.28627 0.28627]
   [0.28627 0.28627 0.28627]
   [0.29412 0.29412 0.29412]
   ...
   [0.28235 0.28235 0.28235]
   [0.28235 0.28235 0.28235]
   [0.27451 0.27451 0.27451]]

  [[0.29020 0.29020 0.29020]
   [0.29412 0.29412 0.29412]
   [0.29804 0.29804 0.29412]
   ...
   [0.28627 0.28627 0.28627]
   [0.28627 0.28627 0.28627]
   [0.28235 0.28235 0.28235]]

  ...

  [[0.39608 0.39216 0.39216]
   [0.39608 0.39608 0.39216]
   [0.40000 0.40000 0.39608]
   ...
   [0.51765 0.50588 0.49804]
   [0.49804 0.48627 0.47843]
   [0.47843 0.46667 0.46275]]

  [[0.39216 0.39216 0.38824]
   [0.39608 0.39608 0.39216]
   [0.39608 0.39608 0.39216]
   ...
   [0.50588 0.49412 0.48627]
   [0.49020 0.48235 0.47451]
   [0.47451 0.46667 0.46275]]

  [[0.39216 0.39216 0.39216]
   [0.39608 0.39608 0.39216]
   [0.39608 0.39608 0.39608]
   ...
   [0.48627 0.47843 0.47059]
   [0.47843 0.46667 0.46275]
   [0.46275 0.45490 0.45098]]]]
(20000, 2, 30, 45, 3)
normalized shape: (30, 45, 3) (30, 45, 3)
statess ????
[[[0.99988 0.99988 0.99988]
  [0.99984 0.99984 0.99984]
  [0.34023 0.34023 0.31081]
  ...
  [0.99988 0.99988 0.99988]
  [-0.61237 -0.61038 -1.25290]
  [0.99988 0.99988 0.99988]]

 [[0.30432 0.30432 1.00880]
  [0.30432 0.30432 0.30432]
  [1.00012 0.38008 0.38008]
  ...
  [0.99984 0.99984 0.99984]
  [1.04368 1.03676 0.41908]
  [-0.55840 -0.75213 -0.79266]]

 [[0.34023 0.34023 0.34023]
  [0.02773 1.00012 1.00012]
  [0.39417 0.33461 -0.52904]
  ...
  [1.84995 1.62462 0.33177]
  [0.99990 0.99990 0.99990]
  [0.99984 0.99984 0.99984]]

 ...

 [[0.47823 0.46941 0.48215]
  [0.47823 0.69176 0.46750]
  [0.48035 0.64316 0.46360]
  ...
  [0.85258 -0.37558 1.10323]
  [0.43909 -1.09339 0.08267]
  [0.19447 -1.83950 -0.02326]]

 [[0.44048 0.44791 0.41046]
  [0.44952 0.63378 0.44936]
  [0.27474 0.41619 -0.07132]
  ...
  [1.47544 0.06340 1.13802]
  [1.12700 0.27725 1.45874]
  [1.18354 0.25501 1.78646]]

 [[0.06774 0.28090 0.53956]
  [0.31809 0.63549 0.20162]
  [0.00151 0.24796 0.43878]
  ...
  [0.40487 -0.05130 0.58852]
  [1.45403 0.00701 1.35981]
  [1.32410 0.09483 1.25007]]]
---------
