Default float: float32
{'mode': 'inspect_latent', 'type': 'mnist', 'width': 3, 'height': 3, 'num_examples': 5000, 'aeclass': 'CubeSpaceAE_AMA4Conv', 'comment': 'kltune2', 'hash': 'radiant-sweep-7FrozenSAE'}
gtgtgt
gtgtgt
loaded. picsize: [48, 48]
(5000, 2, 48, 48, 1)
normalized shape: (48, 48, 1) (48, 48, 1)
all_combis_augmented
[array([0, 1, 1]), array([0, 1, 2]), array([0, 1, 3]), array([0, 1, 4]), array([0, 1, 5]), array([0, 1, 6]), array([0, 1, 7]), array([0, 1, 8]), array([0, 3, 1]), array([0, 3, 2]), array([0, 3, 3]), array([0, 3, 4]), array([0, 3, 5]), array([0, 3, 6]), array([0, 3, 7]), array([0, 3, 8]), array([1, 1, 1]), array([1, 1, 2]), array([1, 1, 3]), array([1, 1, 4]), array([1, 1, 5]), array([1, 1, 6]), array([1, 1, 7]), array([1, 1, 8]), array([1, 2, 1]), array([1, 2, 2]), array([1, 2, 3]), array([1, 2, 4]), array([1, 2, 5]), array([1, 2, 6]), array([1, 2, 7]), array([1, 2, 8]), array([1, 3, 1]), array([1, 3, 2]), array([1, 3, 3]), array([1, 3, 4]), array([1, 3, 5]), array([1, 3, 6]), array([1, 3, 7]), array([1, 3, 8]), array([2, 1, 1]), array([2, 1, 2]), array([2, 1, 3]), array([2, 1, 4]), array([2, 1, 5]), array([2, 1, 6]), array([2, 1, 7]), array([2, 1, 8]), array([2, 2, 1]), array([2, 2, 2]), array([2, 2, 3]), array([2, 2, 4]), array([2, 2, 5]), array([2, 2, 6]), array([2, 2, 7]), array([2, 2, 8]), array([3, 0, 1]), array([3, 0, 2]), array([3, 0, 3]), array([3, 0, 4]), array([3, 0, 5]), array([3, 0, 6]), array([3, 0, 7]), array([3, 0, 8]), array([3, 1, 1]), array([3, 1, 2]), array([3, 1, 3]), array([3, 1, 4]), array([3, 1, 5]), array([3, 1, 6]), array([3, 1, 7]), array([3, 1, 8]), array([3, 3, 1]), array([3, 3, 2]), array([3, 3, 3]), array([3, 3, 4]), array([3, 3, 5]), array([3, 3, 6]), array([3, 3, 7]), array([3, 3, 8]), array([4, 0, 1]), array([4, 0, 2]), array([4, 0, 3]), array([4, 0, 4]), array([4, 0, 5]), array([4, 0, 6]), array([4, 0, 7]), array([4, 0, 8]), array([4, 1, 1]), array([4, 1, 2]), array([4, 1, 3]), array([4, 1, 4]), array([4, 1, 5]), array([4, 1, 6]), array([4, 1, 7]), array([4, 1, 8]), array([4, 2, 1]), array([4, 2, 2]), array([4, 2, 3]), array([4, 2, 4]), array([4, 2, 5]), array([4, 2, 6]), array([4, 2, 7]), array([4, 2, 8]), array([4, 3, 1]), array([4, 3, 2]), array([4, 3, 3]), array([4, 3, 4]), array([4, 3, 5]), array([4, 3, 6]), array([4, 3, 7]), array([4, 3, 8]), array([5, 0, 1]), array([5, 0, 2]), array([5, 0, 3]), array([5, 0, 4]), array([5, 0, 5]), array([5, 0, 6]), array([5, 0, 7]), array([5, 0, 8]), array([5, 1, 1]), array([5, 1, 2]), array([5, 1, 3]), array([5, 1, 4]), array([5, 1, 5]), array([5, 1, 6]), array([5, 1, 7]), array([5, 1, 8]), array([5, 2, 1]), array([5, 2, 2]), array([5, 2, 3]), array([5, 2, 4]), array([5, 2, 5]), array([5, 2, 6]), array([5, 2, 7]), array([5, 2, 8]), array([6, 0, 1]), array([6, 0, 2]), array([6, 0, 3]), array([6, 0, 4]), array([6, 0, 5]), array([6, 0, 6]), array([6, 0, 7]), array([6, 0, 8]), array([6, 3, 1]), array([6, 3, 2]), array([6, 3, 3]), array([6, 3, 4]), array([6, 3, 5]), array([6, 3, 6]), array([6, 3, 7]), array([6, 3, 8]), array([7, 0, 1]), array([7, 0, 2]), array([7, 0, 3]), array([7, 0, 4]), array([7, 0, 5]), array([7, 0, 6]), array([7, 0, 7]), array([7, 0, 8]), array([7, 2, 1]), array([7, 2, 2]), array([7, 2, 3]), array([7, 2, 4]), array([7, 2, 5]), array([7, 2, 6]), array([7, 2, 7]), array([7, 2, 8]), array([7, 3, 1]), array([7, 3, 2]), array([7, 3, 3]), array([7, 3, 4]), array([7, 3, 5]), array([7, 3, 6]), array([7, 3, 7]), array([7, 3, 8]), array([8, 0, 1]), array([8, 0, 2]), array([8, 0, 3]), array([8, 0, 4]), array([8, 0, 5]), array([8, 0, 6]), array([8, 0, 7]), array([8, 0, 8]), array([8, 2, 1]), array([8, 2, 2]), array([8, 2, 3]), array([8, 2, 4]), array([8, 2, 5]), array([8, 2, 6]), array([8, 2, 7]), array([8, 2, 8])]
all_combis_augmentedlol
[8 2 8]
192
ppppppppppppp
<module 'latplan.puzzles.puzzle_mnist' from '/workspace/latplanRealOneHotActionsV2/latplan/puzzles/puzzle_mnist.py'>
custom true
pres_configs 000
2400
[2 4 0 1 5 7 6 3 8]
[2 0 4 1 5 7 6 3 8]
pres_configspres_configspres_configspres_configspres_configspres_configspres_configspres_configspres_configspres_configs
right_pres_configs
tensor([2, 4, 0, 1, 5, 7, 6, 3, 8])
torch.Size([2400, 9])
right_sucs_configs
tensor([2, 0, 4, 1, 5, 7, 6, 3, 8])
zero_positions_pres
tensor(2)

zero_positions_sucs
tensor(1)

pres_minus_three
tensor(-1)
pres_plus_one
tensor(3)
pres_minus_one
tensor(1)
top_moves[600]
tensor(False)
right_moves[600]
tensor(False)
left_moves[600]
tensor(True)
down_moves[600]
tensor(False)
ggggg
tensor(0, dtype=torch.int32)
theallactions0000000000
tensor(2, dtype=torch.int32)
kkk
torch.Size([2400])
torch.Size([2400])
theallactions
tensor([1, 1, 1], dtype=torch.int32)
pos_and_move size 1
torch.Size([2400, 2])
tensor([2, 2])
pos_and_move size 2
torch.Size([2400, 3])
ooo
192
24
actions_one_hot
tensor([[1, 0, 0,  ..., 0, 0, 0],
        [1, 0, 0,  ..., 0, 0, 0],
        [0, 0, 0,  ..., 0, 0, 0],
        ...,
        [0, 0, 0,  ..., 0, 0, 0],
        [0, 0, 0,  ..., 0, 1, 0],
        [0, 0, 0,  ..., 1, 0, 0]])
torch.Size([2400, 192])
gtgtgt
gtgtgt
actionstrn
[0 0 0 0 0 0 0 0 0 0 0 0 0 0 0 0 0 0 0 0 0 0 0 0 0 0 0 0 0 0 0 0 0 0 0 0 0
 0 0 0 0 0 0 0 0 0 0 0 0 0 0 1 0 0 0 0 0 0 0 0 0 0 0 0 0 0 0 0 0 0 0 0 0 0
 0 0 0 0 0 0 0 0 0 0 0 0 0 0 0 0 0 0 0 0 0 0 0 0 0 0 0 0 0 0 0 0 0 0 0 0 0
 0 0 0 0 0 0 0 0 0 0 0 0 0 0 0 0 0 0 0 0 0 0 0 0 0 0 0 0 0 0 0 0 0 0 0 0 0
 0 0 0 0 0 0 0 0 0 0 0 0 0 0 0 0 0 0 0 0 0 0 0 0 0 0 0 0 0 0 0 0 0 0 0 0 0
 0 0 0 0 0 0 0]
putain
191
the f*** action
(array([4]),)
[0 3 1]
loaded. picsize: [48, 48]
(2400, 2, 48, 48, 1)
normalized shape: (48, 48, 1) (48, 48, 1)
actions_transitionsactions_transitions
<class 'numpy.ndarray'>
(2400, 192)
[0 0 0 0 0 0 0 0 0 0 0 0 0 0 0 0 0 0 0 0 0 0 0 0 0 0 0 0 0 0 0 0 0 0 0 0 0
 0 0 0 0 0 0 0 0 0 0 0 0 0 0 0 0 0 0 0 0 0 0 0 0 0 0 0 0 0 0 0 0 0 0 0 0 0
 0 0 0 0 0 0 0 0 0 0 0 0 0 0 0 0 0 0 0 0 0 0 0 0 0 0 0 0 0 0 0 0 0 0 0 0 0
 0 0 0 0 0 0 0 0 0 0 0 0 0 0 0 0 0 0 0 0 0 0 0 0 0 0 0 0 0 0 0 0 0 0 0 0 0
 0 0 0 0 0 0 0 0 0 0 0 0 0 0 0 0 0 0 0 0 0 0 0 0 0 0 0 0 0 0 0 0 0 0 0 0 0
 0 0 0 0 0 0 1]


<class 'numpy.ndarray'>
(2400, 2, 48, 48, 1)
samples/puzzle_mnist_3_3_5000_CubeSpaceAE_AMA4Conv_kltune2/logs/radiant-sweep-7FrozenSAE
washere1
washere2
Loading networks from samples/puzzle_mnist_3_3_5000_CubeSpaceAE_AMA4Conv_kltune2/logs/radiant-sweep-7FrozenSAE/ (with failure not allowed)
washere3
Building networks
building a convolutional encoder
pool per layer: 1 depth: 2 total pool: 1 H: 48 W: 48 dH: 0 dW: 0
<keras.layers.convolutional.Conv2D object at 0x7f837fa21ac0>
[0, 48, 48, 1] -> (0, 48, 48, 32) : <keras.layers.convolutional.Conv2D object at 0x7f837fa21ac0>
<keras.layers.normalization.BatchNormalization object at 0x7f837fa21f70>
(0, 48, 48, 32) -> (0, 48, 48, 32) : <keras.layers.normalization.BatchNormalization object at 0x7f837fa21f70>
<keras.layers.core.Dropout object at 0x7f837fa21fd0>
(0, 48, 48, 32) -> (0, 48, 48, 32) : <keras.layers.core.Dropout object at 0x7f837fa21fd0>
<keras.layers.convolutional.Conv2D object at 0x7f837fa21d60>
(0, 48, 48, 32) -> (0, 48, 48, 32) : <keras.layers.convolutional.Conv2D object at 0x7f837fa21d60>
<keras.layers.normalization.BatchNormalization object at 0x7f85d768f190>
(0, 48, 48, 32) -> (0, 48, 48, 32) : <keras.layers.normalization.BatchNormalization object at 0x7f85d768f190>
<keras.layers.core.Dropout object at 0x7f85d768f250>
(0, 48, 48, 32) -> (0, 48, 48, 32) : <keras.layers.core.Dropout object at 0x7f85d768f250>
latent space shape is (48, 48, 32) : 300 propositions in total
building a convolutional decoder
pool per layer: 1 depth: 2 total pool: 1 H: 48 W: 48 dH: 0 dW: 0
<keras.layers.core.Reshape object at 0x7f85d768f850>
[0, 48, 48, 32] -> (0, 48, 48, 32) : <keras.layers.core.Reshape object at 0x7f85d768f850>
<keras.layers.convolutional.Conv2DTranspose object at 0x7f85d768f880>
(0, 48, 48, 32) -> (0, 48, 48, 32) : <keras.layers.convolutional.Conv2DTranspose object at 0x7f85d768f880>
<keras.layers.normalization.BatchNormalization object at 0x7f85d768fa60>
(0, 48, 48, 32) -> (0, 48, 48, 32) : <keras.layers.normalization.BatchNormalization object at 0x7f85d768fa60>
<keras.layers.core.Dropout object at 0x7f85d768ffa0>
(0, 48, 48, 32) -> (0, 48, 48, 32) : <keras.layers.core.Dropout object at 0x7f85d768ffa0>
<keras.layers.convolutional.Conv2DTranspose object at 0x7f85d768f9a0>
(0, 48, 48, 32) -> (0, 48, 48, 1) : <keras.layers.convolutional.Conv2DTranspose object at 0x7f85d768f9a0>
uhuhihh
(?, 2, 48, 48, 1)
action_inputaction_input
(?, 24)
