Default float: float32
{'mode': 'learn', 'disks': 5, 'towers': 9, 'num_examples': 5000, 'aeclass': 'CubeSpaceAE_AMA4Conv', 'comment': 'kltune2', 'hash': 'hanoi'}
(5000, 2, 5, 36, 3)
normalized shape: (5, 36, 3) (5, 36, 3)
samples/hanoi_5_9_5000_CubeSpaceAE_AMA4Conv/logs/hanoi
hanoi
<function hanoi at 0x7f7da90ded30>
lil
Namespace(aeclass='CubeSpaceAE_AMA4Conv', comment='kltune2', disks=5, hash='hanoi', mode='learn', num_examples=5000, towers=9)
5
9
5000
(5000, 2, 5, 36, 3)
normalized shape: (5, 36, 3) (5, 36, 3)
[[[[[0.00000 0.00000 0.00000]
    [0.00000 0.00000 0.00000]
    [0.00000 0.00000 0.00000]
    ...
    [0.00000 0.00000 0.00000]
    [0.00000 0.00000 0.00000]
    [0.00000 0.00000 0.00000]]

   [[-0.03318 -0.02880 -0.02880]
    [-0.03318 -0.02880 -0.02880]
    [-0.03318 -0.02880 -0.02880]
    ...
    [-0.02647 -0.02647 -0.02647]
    [-0.02647 -0.02647 -0.02647]
    [-0.02647 -0.02647 -0.02647]]

   [[-0.09802 -0.05021 -0.02284]
    [-0.09802 -0.05021 -0.02284]
    [-0.09802 -0.05021 -0.02284]
    ...
    [-0.09143 -0.04860 -0.03174]
    [-0.09143 -0.04860 -0.03174]
    [-0.09143 -0.04860 -0.03174]]

   [[-0.11995 -0.10935 -0.05354]
    [-0.11995 -0.10935 -0.05354]
    [-0.11995 -0.10935 -0.05354]
    ...
    [-0.12422 -0.10432 -0.04549]
    [-0.12422 -0.10432 -0.04549]
    [-0.12422 -0.10432 -0.04549]]

   [[1.52067 1.47130 1.86010]
    [1.52067 1.47130 1.86010]
    [1.52067 1.47130 1.86010]
    ...
    [-1.45196 1.49569 -1.21653]
    [-1.45196 1.49569 -1.21653]
    [-1.45196 1.49569 -1.21653]]]


  [[[0.00000 0.00000 0.00000]
    [0.00000 0.00000 0.00000]
    [0.00000 0.00000 0.00000]
    ...
    [0.00000 0.00000 0.00000]
    [0.00000 0.00000 0.00000]
    [0.00000 0.00000 0.00000]]

   [[-0.03318 -0.02880 -0.02880]
    [-0.03318 -0.02880 -0.02880]
    [-0.03318 -0.02880 -0.02880]
    ...
    [-0.02647 -0.02647 -0.02647]
    [-0.02647 -0.02647 -0.02647]
    [-0.02647 -0.02647 -0.02647]]

   [[-0.09802 -0.05021 -0.02284]
    [-0.09802 -0.05021 -0.02284]
    [-0.09802 -0.05021 -0.02284]
    ...
    [-0.09143 -0.04860 -0.03174]
    [-0.09143 -0.04860 -0.03174]
    [-0.09143 -0.04860 -0.03174]]

   [[-0.11995 -0.10935 -0.05354]
    [-0.11995 -0.10935 -0.05354]
    [-0.11995 -0.10935 -0.05354]
    ...
    [-0.12422 -0.10432 -0.04549]
    [-0.12422 -0.10432 -0.04549]
    [-0.12422 -0.10432 -0.04549]]

   [[1.52067 1.47130 1.86010]
    [1.52067 1.47130 1.86010]
    [1.52067 1.47130 1.86010]
    ...
    [-1.45196 1.49569 -1.21653]
    [-1.45196 1.49569 -1.21653]
    [-1.45196 1.49569 -1.21653]]]]



 [[[[0.00000 0.00000 0.00000]
    [0.00000 0.00000 0.00000]
    [0.00000 0.00000 0.00000]
    ...
    [0.00000 0.00000 0.00000]
    [0.00000 0.00000 0.00000]
    [0.00000 0.00000 0.00000]]

   [[-0.03318 -0.02880 -0.02880]
    [-0.03318 -0.02880 -0.02880]
    [-0.03318 -0.02880 -0.02880]
    ...
    [-0.02647 -0.02647 -0.02647]
    [-0.02647 -0.02647 -0.02647]
    [-0.02647 -0.02647 -0.02647]]

   [[-0.09802 -0.05021 -0.02284]
    [-0.09802 -0.05021 -0.02284]
    [-0.09802 -0.05021 -0.02284]
    ...
    [-0.09143 -0.04860 -0.03174]
    [-0.09143 -0.04860 -0.03174]
    [-0.09143 -0.04860 -0.03174]]

   [[-0.11995 -0.10935 -0.05354]
    [-0.11995 -0.10935 -0.05354]
    [-0.11995 -0.10935 -0.05354]
    ...
    [-0.12422 -0.10432 -0.04549]
    [-0.12422 -0.10432 -0.04549]
    [-0.12422 -0.10432 -0.04549]]

   [[-0.22014 -0.26695 0.03388]
    [-0.22014 -0.26695 0.03388]
    [-0.22014 -0.26695 0.03388]
    ...
    [-0.25287 -0.25669 0.05094]
    [-0.25287 -0.25669 0.05094]
    [-0.25287 -0.25669 0.05094]]]


  [[[0.00000 0.00000 0.00000]
    [0.00000 0.00000 0.00000]
    [0.00000 0.00000 0.00000]
    ...
    [0.00000 0.00000 0.00000]
    [0.00000 0.00000 0.00000]
    [0.00000 0.00000 0.00000]]

   [[-0.03318 -0.02880 -0.02880]
    [-0.03318 -0.02880 -0.02880]
    [-0.03318 -0.02880 -0.02880]
    ...
    [-0.02647 -0.02647 -0.02647]
    [-0.02647 -0.02647 -0.02647]
    [-0.02647 -0.02647 -0.02647]]

   [[-0.09802 -0.05021 -0.02284]
    [-0.09802 -0.05021 -0.02284]
    [-0.09802 -0.05021 -0.02284]
    ...
    [-0.09143 -0.04860 -0.03174]
    [-0.09143 -0.04860 -0.03174]
    [-0.09143 -0.04860 -0.03174]]

   [[-0.11995 -0.10935 -0.05354]
    [-0.11995 -0.10935 -0.05354]
    [-0.11995 -0.10935 -0.05354]
    ...
    [-0.12422 -0.10432 -0.04549]
    [-0.12422 -0.10432 -0.04549]
    [-0.12422 -0.10432 -0.04549]]

   [[-0.22014 -0.26695 0.03388]
    [-0.22014 -0.26695 0.03388]
    [-0.22014 -0.26695 0.03388]
    ...
    [-0.25287 -0.25669 0.05094]
    [-0.25287 -0.25669 0.05094]
    [-0.25287 -0.25669 0.05094]]]]



 [[[[0.00000 0.00000 0.00000]
    [0.00000 0.00000 0.00000]
    [0.00000 0.00000 0.00000]
    ...
    [0.00000 0.00000 0.00000]
    [0.00000 0.00000 0.00000]
    [0.00000 0.00000 0.00000]]

   [[-0.03318 -0.02880 -0.02880]
    [-0.03318 -0.02880 -0.02880]
    [-0.03318 -0.02880 -0.02880]
    ...
    [-0.02647 -0.02647 -0.02647]
    [-0.02647 -0.02647 -0.02647]
    [-0.02647 -0.02647 -0.02647]]

   [[-0.09802 -0.05021 -0.02284]
    [-0.09802 -0.05021 -0.02284]
    [-0.09802 -0.05021 -0.02284]
    ...
    [-0.09143 -0.04860 -0.03174]
    [-0.09143 -0.04860 -0.03174]
    [-0.09143 -0.04860 -0.03174]]

   [[-0.11995 -0.10935 -0.05354]
    [-0.11995 -0.10935 -0.05354]
    [-0.11995 -0.10935 -0.05354]
    ...
    [-0.12422 -0.10432 -0.04549]
    [-0.12422 -0.10432 -0.04549]
    [-0.12422 -0.10432 -0.04549]]

   [[1.52067 1.47130 1.86010]
    [1.52067 1.47130 1.86010]
    [1.52067 1.47130 1.86010]
    ...
    [-0.25287 -0.25669 0.05094]
    [-0.25287 -0.25669 0.05094]
    [-0.25287 -0.25669 0.05094]]]


  [[[0.00000 0.00000 0.00000]
    [0.00000 0.00000 0.00000]
    [0.00000 0.00000 0.00000]
    ...
    [0.00000 0.00000 0.00000]
    [0.00000 0.00000 0.00000]
    [0.00000 0.00000 0.00000]]

   [[-0.03318 -0.02880 -0.02880]
    [-0.03318 -0.02880 -0.02880]
    [-0.03318 -0.02880 -0.02880]
    ...
    [-0.02647 -0.02647 -0.02647]
    [-0.02647 -0.02647 -0.02647]
    [-0.02647 -0.02647 -0.02647]]

   [[-0.09802 -0.05021 -0.02284]
    [-0.09802 -0.05021 -0.02284]
    [-0.09802 -0.05021 -0.02284]
    ...
    [-0.09143 -0.04860 -0.03174]
    [-0.09143 -0.04860 -0.03174]
    [-0.09143 -0.04860 -0.03174]]

   [[-0.11995 -0.10935 -0.05354]
    [-0.11995 -0.10935 -0.05354]
    [-0.11995 -0.10935 -0.05354]
    ...
    [-0.12422 -0.10432 -0.04549]
    [-0.12422 -0.10432 -0.04549]
    [-0.12422 -0.10432 -0.04549]]

   [[-0.22014 -0.26695 0.03388]
    [-0.22014 -0.26695 0.03388]
    [-0.22014 -0.26695 0.03388]
    ...
    [-0.25287 -0.25669 0.05094]
    [-0.25287 -0.25669 0.05094]
    [-0.25287 -0.25669 0.05094]]]]



 ...



 [[[[0.00000 0.00000 0.00000]
    [0.00000 0.00000 0.00000]
    [0.00000 0.00000 0.00000]
    ...
    [0.00000 0.00000 0.00000]
    [0.00000 0.00000 0.00000]
    [0.00000 0.00000 0.00000]]

   [[-0.03318 -0.02880 -0.02880]
    [-0.03318 -0.02880 -0.02880]
    [-0.03318 -0.02880 -0.02880]
    ...
    [-0.02647 -0.02647 -0.02647]
    [-0.02647 -0.02647 -0.02647]
    [-0.02647 -0.02647 -0.02647]]

   [[-0.09802 -0.05021 -0.02284]
    [-0.09802 -0.05021 -0.02284]
    [-0.09802 -0.05021 -0.02284]
    ...
    [-0.09143 -0.04860 -0.03174]
    [-0.09143 -0.04860 -0.03174]
    [-0.09143 -0.04860 -0.03174]]

   [[-0.11995 -0.10935 -0.05354]
    [-0.11995 -0.10935 -0.05354]
    [-0.11995 -0.10935 -0.05354]
    ...
    [-0.12422 -0.10432 -0.04549]
    [-0.12422 -0.10432 -0.04549]
    [-0.12422 -0.10432 -0.04549]]

   [[-1.41121 -1.45628 1.86010]
    [-1.41121 -1.45628 1.86010]
    [-1.41121 -1.45628 1.86010]
    ...
    [-0.25287 -0.25669 0.05094]
    [-0.25287 -0.25669 0.05094]
    [-0.25287 -0.25669 0.05094]]]


  [[[0.00000 0.00000 0.00000]
    [0.00000 0.00000 0.00000]
    [0.00000 0.00000 0.00000]
    ...
    [0.00000 0.00000 0.00000]
    [0.00000 0.00000 0.00000]
    [0.00000 0.00000 0.00000]]

   [[-0.03318 -0.02880 -0.02880]
    [-0.03318 -0.02880 -0.02880]
    [-0.03318 -0.02880 -0.02880]
    ...
    [-0.02647 -0.02647 -0.02647]
    [-0.02647 -0.02647 -0.02647]
    [-0.02647 -0.02647 -0.02647]]

   [[-0.09802 -0.05021 -0.02284]
    [-0.09802 -0.05021 -0.02284]
    [-0.09802 -0.05021 -0.02284]
    ...
    [-0.09143 -0.04860 -0.03174]
    [-0.09143 -0.04860 -0.03174]
    [-0.09143 -0.04860 -0.03174]]

   [[-0.11995 -0.10935 -0.05354]
    [-0.11995 -0.10935 -0.05354]
    [-0.11995 -0.10935 -0.05354]
    ...
    [-0.12422 -0.10432 -0.04549]
    [-0.12422 -0.10432 -0.04549]
    [-0.12422 -0.10432 -0.04549]]

   [[-1.41121 -1.45628 1.86010]
    [-1.41121 -1.45628 1.86010]
    [-1.41121 -1.45628 1.86010]
    ...
    [1.49965 1.49569 1.90341]
    [1.49965 1.49569 1.90341]
    [1.49965 1.49569 1.90341]]]]



 [[[[0.00000 0.00000 0.00000]
    [0.00000 0.00000 0.00000]
    [0.00000 0.00000 0.00000]
    ...
    [0.00000 0.00000 0.00000]
    [0.00000 0.00000 0.00000]
    [0.00000 0.00000 0.00000]]

   [[-0.03318 -0.02880 -0.02880]
    [-0.03318 -0.02880 -0.02880]
    [-0.03318 -0.02880 -0.02880]
    ...
    [-0.02647 -0.02647 -0.02647]
    [-0.02647 -0.02647 -0.02647]
    [-0.02647 -0.02647 -0.02647]]

   [[-0.09802 -0.05021 -0.02284]
    [-0.09802 -0.05021 -0.02284]
    [-0.09802 -0.05021 -0.02284]
    ...
    [-0.09143 -0.04860 -0.03174]
    [-0.09143 -0.04860 -0.03174]
    [-0.09143 -0.04860 -0.03174]]

   [[-0.11995 -0.10935 -0.05354]
    [-0.11995 -0.10935 -0.05354]
    [-0.11995 -0.10935 -0.05354]
    ...
    [-0.12422 -0.10432 -0.04549]
    [-0.12422 -0.10432 -0.04549]
    [-0.12422 -0.10432 -0.04549]]

   [[-0.22014 -0.26695 0.03388]
    [-0.22014 -0.26695 0.03388]
    [-0.22014 -0.26695 0.03388]
    ...
    [-1.45196 1.49569 -1.21653]
    [-1.45196 1.49569 -1.21653]
    [-1.45196 1.49569 -1.21653]]]


  [[[0.00000 0.00000 0.00000]
    [0.00000 0.00000 0.00000]
    [0.00000 0.00000 0.00000]
    ...
    [0.00000 0.00000 0.00000]
    [0.00000 0.00000 0.00000]
    [0.00000 0.00000 0.00000]]

   [[-0.03318 -0.02880 -0.02880]
    [-0.03318 -0.02880 -0.02880]
    [-0.03318 -0.02880 -0.02880]
    ...
    [-0.02647 -0.02647 -0.02647]
    [-0.02647 -0.02647 -0.02647]
    [-0.02647 -0.02647 -0.02647]]

   [[-0.09802 -0.05021 -0.02284]
    [-0.09802 -0.05021 -0.02284]
    [-0.09802 -0.05021 -0.02284]
    ...
    [-0.09143 -0.04860 -0.03174]
    [-0.09143 -0.04860 -0.03174]
    [-0.09143 -0.04860 -0.03174]]

   [[-0.11995 -0.10935 -0.05354]
    [-0.11995 -0.10935 -0.05354]
    [-0.11995 -0.10935 -0.05354]
    ...
    [-0.12422 -0.10432 -0.04549]
    [-0.12422 -0.10432 -0.04549]
    [-0.12422 -0.10432 -0.04549]]

   [[1.52067 -1.45628 -1.21563]
    [1.52067 -1.45628 -1.21563]
    [1.52067 -1.45628 -1.21563]
    ...
    [-1.45196 1.49569 -1.21653]
    [-1.45196 1.49569 -1.21653]
    [-1.45196 1.49569 -1.21653]]]]



 [[[[0.00000 0.00000 0.00000]
    [0.00000 0.00000 0.00000]
    [0.00000 0.00000 0.00000]
    ...
    [0.00000 0.00000 0.00000]
    [0.00000 0.00000 0.00000]
    [0.00000 0.00000 0.00000]]

   [[-0.03318 -0.02880 -0.02880]
    [-0.03318 -0.02880 -0.02880]
    [-0.03318 -0.02880 -0.02880]
    ...
    [-0.02647 -0.02647 -0.02647]
    [-0.02647 -0.02647 -0.02647]
    [-0.02647 -0.02647 -0.02647]]

   [[-0.09802 -0.05021 -0.02284]
    [-0.09802 -0.05021 -0.02284]
    [-0.09802 -0.05021 -0.02284]
    ...
    [-0.09143 -0.04860 -0.03174]
    [-0.09143 -0.04860 -0.03174]
    [-0.09143 -0.04860 -0.03174]]

   [[-2.64072 3.59423 -2.66422]
    [-2.64072 3.59423 -2.66422]
    [-2.64072 3.59423 -2.66422]
    ...
    [-0.12422 -0.10432 -0.04549]
    [-0.12422 -0.10432 -0.04549]
    [-0.12422 -0.10432 -0.04549]]

   [[1.52067 1.47130 -1.21563]
    [1.52067 1.47130 -1.21563]
    [1.52067 1.47130 -1.21563]
    ...
    [-0.25287 -0.25669 0.05094]
    [-0.25287 -0.25669 0.05094]
    [-0.25287 -0.25669 0.05094]]]


  [[[0.00000 0.00000 0.00000]
    [0.00000 0.00000 0.00000]
    [0.00000 0.00000 0.00000]
    ...
    [0.00000 0.00000 0.00000]
    [0.00000 0.00000 0.00000]
    [0.00000 0.00000 0.00000]]

   [[-0.03318 -0.02880 -0.02880]
    [-0.03318 -0.02880 -0.02880]
    [-0.03318 -0.02880 -0.02880]
    ...
    [-0.02647 -0.02647 -0.02647]
    [-0.02647 -0.02647 -0.02647]
    [-0.02647 -0.02647 -0.02647]]

   [[-0.09802 -0.05021 -0.02284]
    [-0.09802 -0.05021 -0.02284]
    [-0.09802 -0.05021 -0.02284]
    ...
    [-0.09143 -0.04860 -0.03174]
    [-0.09143 -0.04860 -0.03174]
    [-0.09143 -0.04860 -0.03174]]

   [[-2.64072 3.59423 -2.66422]
    [-2.64072 3.59423 -2.66422]
    [-2.64072 3.59423 -2.66422]
    ...
    [-0.12422 -0.10432 -0.04549]
    [-0.12422 -0.10432 -0.04549]
    [-0.12422 -0.10432 -0.04549]]

   [[1.52067 1.47130 -1.21563]
    [1.52067 1.47130 -1.21563]
    [1.52067 1.47130 -1.21563]
    ...
    [1.49965 1.49569 1.90341]
    [1.49965 1.49569 1.90341]
    [1.49965 1.49569 1.90341]]]]]
